{"/Users/sraradhy/cisco/eti/sre/cnoe/ai-platform-engineering/ui/src/app/layout.tsx": {"path":"/Users/sraradhy/cisco/eti/sre/cnoe/ai-platform-engineering/ui/src/app/layout.tsx","statementMap":{"0":{"start":{"line":60,"column":24},"end":{"line":60,"column":35}},"1":{"start":{"line":42,"column":13},"end":{"line":42,"column":34}},"2":{"start":{"line":2,"column":19},"end":{"line":2,"column":null}},"3":{"start":{"line":3,"column":68},"end":{"line":3,"column":null}},"4":{"start":{"line":4,"column":30},"end":{"line":4,"column":null}},"5":{"start":{"line":5,"column":29},"end":{"line":5,"column":null}},"6":{"start":{"line":6,"column":33},"end":{"line":6,"column":null}},"7":{"start":{"line":7,"column":7},"end":{"line":7,"column":null}},"8":{"start":{"line":10,"column":14},"end":{"line":15,"column":null}},"9":{"start":{"line":18,"column":19},"end":{"line":23,"column":null}},"10":{"start":{"line":26,"column":16},"end":{"line":32,"column":null}},"11":{"start":{"line":35,"column":22},"end":{"line":40,"column":null}},"12":{"start":{"line":42,"column":34},"end":{"line":58,"column":null}}},"fnMap":{"0":{"name":"RootLayout","decl":{"start":{"line":60,"column":24},"end":{"line":60,"column":35}},"loc":{"start":{"line":64,"column":2},"end":{"line":86,"column":null}}}},"branchMap":{},"s":{"0":0,"1":0,"2":0,"3":0,"4":0,"5":0,"6":0,"7":0,"8":0,"9":0,"10":0,"11":0,"12":0},"f":{"0":0},"b":{}}
,"/Users/sraradhy/cisco/eti/sre/cnoe/ai-platform-engineering/ui/src/app/page.tsx": {"path":"/Users/sraradhy/cisco/eti/sre/cnoe/ai-platform-engineering/ui/src/app/page.tsx","statementMap":{"0":{"start":{"line":269,"column":24},"end":{"line":269,"column":null}},"1":{"start":{"line":3,"column":45},"end":{"line":3,"column":null}},"2":{"start":{"line":4,"column":23},"end":{"line":4,"column":null}},"3":{"start":{"line":11,"column":7},"end":{"line":11,"column":null}},"4":{"start":{"line":12,"column":24},"end":{"line":12,"column":null}},"5":{"start":{"line":13,"column":26},"end":{"line":13,"column":null}},"6":{"start":{"line":14,"column":29},"end":{"line":14,"column":null}},"7":{"start":{"line":15,"column":32},"end":{"line":15,"column":null}},"8":{"start":{"line":16,"column":31},"end":{"line":16,"column":null}},"9":{"start":{"line":17,"column":28},"end":{"line":17,"column":null}},"10":{"start":{"line":18,"column":32},"end":{"line":18,"column":null}},"11":{"start":{"line":19,"column":25},"end":{"line":19,"column":null}},"12":{"start":{"line":20,"column":30},"end":{"line":20,"column":null}},"13":{"start":{"line":21,"column":26},"end":{"line":21,"column":null}},"14":{"start":{"line":22,"column":29},"end":{"line":22,"column":null}},"15":{"start":{"line":23,"column":23},"end":{"line":23,"column":null}},"16":{"start":{"line":24,"column":19},"end":{"line":24,"column":null}},"17":{"start":{"line":25,"column":34},"end":{"line":25,"column":null}},"18":{"start":{"line":26,"column":31},"end":{"line":26,"column":null}},"19":{"start":{"line":32,"column":7},"end":{"line":32,"column":null}},"20":{"start":{"line":36,"column":36},"end":{"line":36,"column":null}},"21":{"start":{"line":37,"column":50},"end":{"line":37,"column":null}},"22":{"start":{"line":38,"column":56},"end":{"line":38,"column":null}},"23":{"start":{"line":39,"column":60},"end":{"line":39,"column":null}},"24":{"start":{"line":40,"column":36},"end":{"line":40,"column":null}},"25":{"start":{"line":41,"column":62},"end":{"line":41,"column":null}},"26":{"start":{"line":42,"column":88},"end":{"line":42,"column":null}},"27":{"start":{"line":45,"column":19},"end":{"line":45,"column":null}},"28":{"start":{"line":48,"column":74},"end":{"line":48,"column":null}},"29":{"start":{"line":50,"column":30},"end":{"line":58,"column":null}},"30":{"start":{"line":52,"column":21},"end":{"line":52,"column":null}},"31":{"start":{"line":53,"column":6},"end":{"line":53,"column":null}},"32":{"start":{"line":55,"column":6},"end":{"line":55,"column":null}},"33":{"start":{"line":56,"column":6},"end":{"line":56,"column":null}},"34":{"start":{"line":82,"column":29},"end":{"line":82,"column":null}},"35":{"start":{"line":94,"column":29},"end":{"line":94,"column":null}},"36":{"start":{"line":105,"column":29},"end":{"line":105,"column":null}},"37":{"start":{"line":247,"column":36},"end":{"line":247,"column":null}},"38":{"start":{"line":247,"column":70},"end":{"line":247,"column":null}}},"fnMap":{"0":{"name":"HomePage","decl":{"start":{"line":34,"column":9},"end":{"line":34,"column":null}},"loc":{"start":{"line":34,"column":9},"end":{"line":266,"column":null}}},"1":{"name":"(anonymous_5)","decl":{"start":{"line":51,"column":4},"end":{"line":51,"column":5}},"loc":{"start":{"line":51,"column":5},"end":{"line":57,"column":null}}},"2":{"name":"(anonymous_6)","decl":{"start":{"line":82,"column":23},"end":{"line":82,"column":29}},"loc":{"start":{"line":82,"column":29},"end":{"line":82,"column":null}}},"3":{"name":"(anonymous_7)","decl":{"start":{"line":94,"column":23},"end":{"line":94,"column":29}},"loc":{"start":{"line":94,"column":29},"end":{"line":94,"column":null}}},"4":{"name":"(anonymous_8)","decl":{"start":{"line":105,"column":23},"end":{"line":105,"column":29}},"loc":{"start":{"line":105,"column":29},"end":{"line":105,"column":null}}},"5":{"name":"(anonymous_9)","decl":{"start":{"line":247,"column":30},"end":{"line":247,"column":36}},"loc":{"start":{"line":247,"column":36},"end":{"line":247,"column":null}}},"6":{"name":"(anonymous_10)","decl":{"start":{"line":247,"column":62},"end":{"line":247,"column":70}},"loc":{"start":{"line":247,"column":70},"end":{"line":247,"column":null}}},"7":{"name":"Home","decl":{"start":{"line":269,"column":24},"end":{"line":269,"column":null}},"loc":{"start":{"line":269,"column":24},"end":{"line":277,"column":null}}}},"branchMap":{"0":{"loc":{"start":{"line":85,"column":16},"end":{"line":87,"column":null}},"type":"cond-expr","locations":[{"start":{"line":86,"column":20},"end":{"line":86,"column":null}},{"start":{"line":87,"column":20},"end":{"line":87,"column":null}}]},"1":{"loc":{"start":{"line":97,"column":16},"end":{"line":99,"column":null}},"type":"cond-expr","locations":[{"start":{"line":98,"column":20},"end":{"line":98,"column":null}},{"start":{"line":99,"column":20},"end":{"line":99,"column":null}}]},"2":{"loc":{"start":{"line":108,"column":16},"end":{"line":110,"column":null}},"type":"cond-expr","locations":[{"start":{"line":109,"column":20},"end":{"line":109,"column":null}},{"start":{"line":110,"column":20},"end":{"line":110,"column":null}}]},"3":{"loc":{"start":{"line":133,"column":22},"end":{"line":133,"column":null}},"type":"binary-expr","locations":[{"start":{"line":133,"column":22},"end":{"line":133,"column":54}},{"start":{"line":133,"column":54},"end":{"line":133,"column":null}}]},"4":{"loc":{"start":{"line":134,"column":22},"end":{"line":134,"column":null}},"type":"binary-expr","locations":[{"start":{"line":134,"column":22},"end":{"line":134,"column":53}},{"start":{"line":134,"column":53},"end":{"line":134,"column":null}}]},"5":{"loc":{"start":{"line":135,"column":22},"end":{"line":135,"column":null}},"type":"binary-expr","locations":[{"start":{"line":135,"column":22},"end":{"line":135,"column":57}},{"start":{"line":135,"column":57},"end":{"line":135,"column":null}}]},"6":{"loc":{"start":{"line":139,"column":22},"end":{"line":141,"column":23}},"type":"cond-expr","locations":[{"start":{"line":139,"column":22},"end":{"line":141,"column":23}}]},"7":{"loc":{"start":{"line":143,"column":24},"end":{"line":143,"column":null}},"type":"binary-expr","locations":[{"start":{"line":143,"column":24},"end":{"line":143,"column":56}},{"start":{"line":143,"column":56},"end":{"line":143,"column":null}}]},"8":{"loc":{"start":{"line":144,"column":24},"end":{"line":144,"column":null}},"type":"binary-expr","locations":[{"start":{"line":144,"column":24},"end":{"line":144,"column":59}},{"start":{"line":144,"column":59},"end":{"line":144,"column":null}}]},"9":{"loc":{"start":{"line":145,"column":24},"end":{"line":145,"column":null}},"type":"binary-expr","locations":[{"start":{"line":145,"column":24},"end":{"line":145,"column":39}},{"start":{"line":145,"column":39},"end":{"line":145,"column":null}}]},"10":{"loc":{"start":{"line":148,"column":21},"end":{"line":148,"column":null}},"type":"cond-expr","locations":[{"start":{"line":148,"column":52},"end":{"line":148,"column":66}},{"start":{"line":148,"column":66},"end":{"line":148,"column":null}}]},"11":{"loc":{"start":{"line":148,"column":66},"end":{"line":148,"column":null}},"type":"cond-expr","locations":[{"start":{"line":148,"column":96},"end":{"line":148,"column":109}},{"start":{"line":148,"column":109},"end":{"line":148,"column":null}}]},"12":{"loc":{"start":{"line":198,"column":10},"end":{"line":229,"column":26}},"type":"cond-expr","locations":[{"start":{"line":198,"column":10},"end":{"line":229,"column":26}}]},"13":{"loc":{"start":{"line":220,"column":13},"end":{"line":220,"column":null}},"type":"binary-expr","locations":[{"start":{"line":220,"column":13},"end":{"line":220,"column":null}}]},"14":{"loc":{"start":{"line":231,"column":10},"end":{"line":232,"column":null}},"type":"cond-expr","locations":[{"start":{"line":231,"column":10},"end":{"line":232,"column":null}}]}},"s":{"0":0,"1":0,"2":0,"3":0,"4":0,"5":0,"6":0,"7":0,"8":0,"9":0,"10":0,"11":0,"12":0,"13":0,"14":0,"15":0,"16":0,"17":0,"18":0,"19":0,"20":0,"21":0,"22":0,"23":0,"24":0,"25":0,"26":0,"27":0,"28":0,"29":0,"30":0,"31":0,"32":0,"33":0,"34":0,"35":0,"36":0,"37":0,"38":0},"f":{"0":0,"1":0,"2":0,"3":0,"4":0,"5":0,"6":0,"7":0},"b":{"0":[0,0],"1":[0,0],"2":[0,0],"3":[0,0],"4":[0,0],"5":[0,0],"6":[0],"7":[0,0],"8":[0,0],"9":[0,0],"10":[0,0],"11":[0,0],"12":[0],"13":[0],"14":[0]}}
,"/Users/sraradhy/cisco/eti/sre/cnoe/ai-platform-engineering/ui/src/app/api/auth/[...nextauth]/route.ts": {"path":"/Users/sraradhy/cisco/eti/sre/cnoe/ai-platform-engineering/ui/src/app/api/auth/[...nextauth]/route.ts","statementMap":{"0":{"start":{"line":6,"column":9},"end":{"line":6,"column":20}},"1":{"start":{"line":6,"column":25},"end":{"line":6,"column":36}},"2":{"start":{"line":1,"column":21},"end":{"line":1,"column":null}},"3":{"start":{"line":2,"column":28},"end":{"line":2,"column":null}},"4":{"start":{"line":4,"column":16},"end":{"line":4,"column":null}}},"fnMap":{},"branchMap":{},"s":{"0":0,"1":0,"2":0,"3":0,"4":0},"f":{},"b":{}}
,"/Users/sraradhy/cisco/eti/sre/cnoe/ai-platform-engineering/ui/src/app/api/health/route.ts": {"path":"/Users/sraradhy/cisco/eti/sre/cnoe/ai-platform-engineering/ui/src/app/api/health/route.ts","statementMap":{"0":{"start":{"line":3,"column":22},"end":{"line":3,"column":null}},"1":{"start":{"line":1,"column":29},"end":{"line":1,"column":null}},"2":{"start":{"line":4,"column":2},"end":{"line":10,"column":null}}},"fnMap":{"0":{"name":"GET","decl":{"start":{"line":3,"column":22},"end":{"line":3,"column":null}},"loc":{"start":{"line":3,"column":22},"end":{"line":12,"column":null}}}},"branchMap":{},"s":{"0":0,"1":0,"2":0},"f":{"0":0},"b":{}}
,"/Users/sraradhy/cisco/eti/sre/cnoe/ai-platform-engineering/ui/src/app/api/rag/[...path]/route.ts": {"path":"/Users/sraradhy/cisco/eti/sre/cnoe/ai-platform-engineering/ui/src/app/api/rag/[...path]/route.ts","statementMap":{"0":{"start":{"line":105,"column":22},"end":{"line":105,"column":null}},"1":{"start":{"line":20,"column":22},"end":{"line":20,"column":null}},"2":{"start":{"line":54,"column":22},"end":{"line":54,"column":null}},"3":{"start":{"line":1,"column":42},"end":{"line":1,"column":null}},"4":{"start":{"line":15,"column":2},"end":{"line":17,"column":null}},"5":{"start":{"line":24,"column":19},"end":{"line":24,"column":null}},"6":{"start":{"line":25,"column":23},"end":{"line":25,"column":null}},"7":{"start":{"line":26,"column":21},"end":{"line":26,"column":null}},"8":{"start":{"line":27,"column":20},"end":{"line":27,"column":null}},"9":{"start":{"line":30,"column":23},"end":{"line":30,"column":51}},"10":{"start":{"line":31,"column":2},"end":{"line":33,"column":null}},"11":{"start":{"line":32,"column":4},"end":{"line":32,"column":null}},"12":{"start":{"line":35,"column":2},"end":{"line":51,"column":null}},"13":{"start":{"line":36,"column":21},"end":{"line":41,"column":null}},"14":{"start":{"line":43,"column":17},"end":{"line":43,"column":null}},"15":{"start":{"line":44,"column":4},"end":{"line":44,"column":null}},"16":{"start":{"line":46,"column":4},"end":{"line":46,"column":null}},"17":{"start":{"line":47,"column":4},"end":{"line":49,"column":null}},"18":{"start":{"line":58,"column":19},"end":{"line":58,"column":null}},"19":{"start":{"line":59,"column":23},"end":{"line":59,"column":null}},"20":{"start":{"line":60,"column":21},"end":{"line":60,"column":null}},"21":{"start":{"line":61,"column":20},"end":{"line":61,"column":51}},"22":{"start":{"line":63,"column":2},"end":{"line":102,"column":null}},"23":{"start":{"line":65,"column":24},"end":{"line":65,"column":null}},"24":{"start":{"line":66,"column":26},"end":{"line":66,"column":null}},"25":{"start":{"line":67,"column":4},"end":{"line":74,"column":null}},"26":{"start":{"line":68,"column":6},"end":{"line":73,"column":null}},"27":{"start":{"line":69,"column":8},"end":{"line":69,"column":null}},"28":{"start":{"line":72,"column":8},"end":{"line":72,"column":null}},"29":{"start":{"line":76,"column":38},"end":{"line":81,"column":null}},"30":{"start":{"line":83,"column":4},"end":{"line":85,"column":null}},"31":{"start":{"line":84,"column":6},"end":{"line":84,"column":null}},"32":{"start":{"line":87,"column":21},"end":{"line":87,"column":null}},"33":{"start":{"line":90,"column":4},"end":{"line":92,"column":null}},"34":{"start":{"line":91,"column":6},"end":{"line":91,"column":null}},"35":{"start":{"line":94,"column":17},"end":{"line":94,"column":null}},"36":{"start":{"line":95,"column":4},"end":{"line":95,"column":null}},"37":{"start":{"line":97,"column":4},"end":{"line":97,"column":null}},"38":{"start":{"line":98,"column":4},"end":{"line":100,"column":null}},"39":{"start":{"line":109,"column":19},"end":{"line":109,"column":null}},"40":{"start":{"line":110,"column":23},"end":{"line":110,"column":null}},"41":{"start":{"line":111,"column":21},"end":{"line":111,"column":null}},"42":{"start":{"line":112,"column":20},"end":{"line":112,"column":null}},"43":{"start":{"line":115,"column":23},"end":{"line":115,"column":51}},"44":{"start":{"line":116,"column":2},"end":{"line":118,"column":null}},"45":{"start":{"line":117,"column":4},"end":{"line":117,"column":null}},"46":{"start":{"line":120,"column":2},"end":{"line":140,"column":null}},"47":{"start":{"line":121,"column":21},"end":{"line":126,"column":null}},"48":{"start":{"line":128,"column":4},"end":{"line":130,"column":null}},"49":{"start":{"line":129,"column":6},"end":{"line":129,"column":null}},"50":{"start":{"line":132,"column":17},"end":{"line":132,"column":null}},"51":{"start":{"line":133,"column":4},"end":{"line":133,"column":null}},"52":{"start":{"line":135,"column":4},"end":{"line":135,"column":null}},"53":{"start":{"line":136,"column":4},"end":{"line":138,"column":null}}},"fnMap":{"0":{"name":"getRagServerUrl","decl":{"start":{"line":14,"column":9},"end":{"line":14,"column":null}},"loc":{"start":{"line":14,"column":9},"end":{"line":18,"column":null}}},"1":{"name":"GET","decl":{"start":{"line":20,"column":22},"end":{"line":20,"column":null}},"loc":{"start":{"line":22,"column":53},"end":{"line":52,"column":null}}},"2":{"name":"(anonymous_6)","decl":{"start":{"line":31,"column":23},"end":{"line":31,"column":24}},"loc":{"start":{"line":31,"column":31},"end":{"line":33,"column":null}}},"3":{"name":"POST","decl":{"start":{"line":54,"column":22},"end":{"line":54,"column":null}},"loc":{"start":{"line":56,"column":53},"end":{"line":103,"column":null}}},"4":{"name":"DELETE","decl":{"start":{"line":105,"column":22},"end":{"line":105,"column":null}},"loc":{"start":{"line":107,"column":53},"end":{"line":141,"column":null}}},"5":{"name":"(anonymous_9)","decl":{"start":{"line":116,"column":23},"end":{"line":116,"column":24}},"loc":{"start":{"line":116,"column":31},"end":{"line":118,"column":null}}}},"branchMap":{"0":{"loc":{"start":{"line":15,"column":9},"end":{"line":17,"column":null}},"type":"binary-expr","locations":[{"start":{"line":15,"column":9},"end":{"line":15,"column":35}},{"start":{"line":16,"column":9},"end":{"line":16,"column":40}},{"start":{"line":17,"column":9},"end":{"line":17,"column":null}}]},"1":{"loc":{"start":{"line":67,"column":4},"end":{"line":74,"column":null}},"type":"if","locations":[{"start":{"line":67,"column":4},"end":{"line":74,"column":null}},{"start":{},"end":{}}]},"2":{"loc":{"start":{"line":67,"column":8},"end":{"line":67,"column":54}},"type":"binary-expr","locations":[{"start":{"line":67,"column":8},"end":{"line":67,"column":25}},{"start":{"line":67,"column":25},"end":{"line":67,"column":54}}]},"3":{"loc":{"start":{"line":83,"column":4},"end":{"line":85,"column":null}},"type":"if","locations":[{"start":{"line":83,"column":4},"end":{"line":85,"column":null}},{"start":{},"end":{}}]},"4":{"loc":{"start":{"line":90,"column":4},"end":{"line":92,"column":null}},"type":"if","locations":[{"start":{"line":90,"column":4},"end":{"line":92,"column":null}},{"start":{},"end":{}}]},"5":{"loc":{"start":{"line":128,"column":4},"end":{"line":130,"column":null}},"type":"if","locations":[{"start":{"line":128,"column":4},"end":{"line":130,"column":null}},{"start":{},"end":{}}]}},"s":{"0":0,"1":0,"2":0,"3":0,"4":0,"5":0,"6":0,"7":0,"8":0,"9":0,"10":0,"11":0,"12":0,"13":0,"14":0,"15":0,"16":0,"17":0,"18":0,"19":0,"20":0,"21":0,"22":0,"23":0,"24":0,"25":0,"26":0,"27":0,"28":0,"29":0,"30":0,"31":0,"32":0,"33":0,"34":0,"35":0,"36":0,"37":0,"38":0,"39":0,"40":0,"41":0,"42":0,"43":0,"44":0,"45":0,"46":0,"47":0,"48":0,"49":0,"50":0,"51":0,"52":0,"53":0},"f":{"0":0,"1":0,"2":0,"3":0,"4":0,"5":0},"b":{"0":[0,0,0],"1":[0,0],"2":[0,0],"3":[0,0],"4":[0,0],"5":[0,0]}}
,"/Users/sraradhy/cisco/eti/sre/cnoe/ai-platform-engineering/ui/src/app/api/usecases/route.ts": {"path":"/Users/sraradhy/cisco/eti/sre/cnoe/ai-platform-engineering/ui/src/app/api/usecases/route.ts","statementMap":{"0":{"start":{"line":234,"column":22},"end":{"line":234,"column":null}},"1":{"start":{"line":180,"column":22},"end":{"line":180,"column":27}},"2":{"start":{"line":255,"column":22},"end":{"line":255,"column":26}},"3":{"start":{"line":1,"column":42},"end":{"line":1,"column":null}},"4":{"start":{"line":2,"column":31},"end":{"line":2,"column":null}},"5":{"start":{"line":3,"column":17},"end":{"line":3,"column":null}},"6":{"start":{"line":37,"column":21},"end":{"line":37,"column":null}},"7":{"start":{"line":38,"column":21},"end":{"line":38,"column":null}},"8":{"start":{"line":39,"column":20},"end":{"line":39,"column":43}},"9":{"start":{"line":45,"column":18},"end":{"line":45,"column":null}},"10":{"start":{"line":46,"column":2},"end":{"line":50,"column":null}},"11":{"start":{"line":47,"column":4},"end":{"line":47,"column":null}},"12":{"start":{"line":49,"column":4},"end":{"line":49,"column":null}},"13":{"start":{"line":54,"column":2},"end":{"line":64,"column":null}},"14":{"start":{"line":55,"column":4},"end":{"line":55,"column":null}},"15":{"start":{"line":56,"column":17},"end":{"line":56,"column":null}},"16":{"start":{"line":57,"column":4},"end":{"line":57,"column":null}},"17":{"start":{"line":60,"column":4},"end":{"line":62,"column":null}},"18":{"start":{"line":61,"column":6},"end":{"line":61,"column":null}},"19":{"start":{"line":63,"column":4},"end":{"line":63,"column":null}},"20":{"start":{"line":68,"column":2},"end":{"line":68,"column":null}},"21":{"start":{"line":69,"column":2},"end":{"line":69,"column":null}},"22":{"start":{"line":76,"column":2},"end":{"line":78,"column":null}},"23":{"start":{"line":77,"column":4},"end":{"line":77,"column":null}},"24":{"start":{"line":80,"column":2},"end":{"line":82,"column":null}},"25":{"start":{"line":81,"column":4},"end":{"line":81,"column":null}},"26":{"start":{"line":84,"column":2},"end":{"line":98,"column":null}},"27":{"start":{"line":87,"column":28},"end":{"line":87,"column":null}},"28":{"start":{"line":87,"column":34},"end":{"line":87,"column":null}},"29":{"start":{"line":88,"column":19},"end":{"line":88,"column":null}},"30":{"start":{"line":89,"column":4},"end":{"line":89,"column":null}},"31":{"start":{"line":90,"column":4},"end":{"line":90,"column":null}},"32":{"start":{"line":92,"column":4},"end":{"line":96,"column":null}},"33":{"start":{"line":93,"column":6},"end":{"line":94,"column":null}},"34":{"start":{"line":97,"column":4},"end":{"line":97,"column":null}},"35":{"start":{"line":102,"column":17},"end":{"line":102,"column":null}},"36":{"start":{"line":103,"column":2},"end":{"line":109,"column":null}},"37":{"start":{"line":104,"column":15},"end":{"line":104,"column":null}},"38":{"start":{"line":105,"column":23},"end":{"line":105,"column":null}},"39":{"start":{"line":106,"column":4},"end":{"line":106,"column":null}},"40":{"start":{"line":108,"column":4},"end":{"line":108,"column":null}},"41":{"start":{"line":113,"column":17},"end":{"line":113,"column":null}},"42":{"start":{"line":114,"column":2},"end":{"line":123,"column":null}},"43":{"start":{"line":115,"column":15},"end":{"line":115,"column":null}},"44":{"start":{"line":116,"column":23},"end":{"line":116,"column":null}},"45":{"start":{"line":117,"column":4},"end":{"line":119,"column":null}},"46":{"start":{"line":122,"column":4},"end":{"line":122,"column":null}},"47":{"start":{"line":127,"column":17},"end":{"line":127,"column":null}},"48":{"start":{"line":128,"column":2},"end":{"line":135,"column":null}},"49":{"start":{"line":129,"column":15},"end":{"line":129,"column":null}},"50":{"start":{"line":130,"column":23},"end":{"line":130,"column":null}},"51":{"start":{"line":131,"column":21},"end":{"line":131,"column":null}},"52":{"start":{"line":132,"column":4},"end":{"line":132,"column":null}},"53":{"start":{"line":134,"column":4},"end":{"line":134,"column":null}},"54":{"start":{"line":142,"column":2},"end":{"line":149,"column":null}},"55":{"start":{"line":143,"column":4},"end":{"line":143,"column":null}},"56":{"start":{"line":146,"column":21},"end":{"line":146,"column":null}},"57":{"start":{"line":147,"column":4},"end":{"line":147,"column":null}},"58":{"start":{"line":148,"column":4},"end":{"line":148,"column":null}},"59":{"start":{"line":153,"column":2},"end":{"line":158,"column":null}},"60":{"start":{"line":154,"column":4},"end":{"line":154,"column":null}},"61":{"start":{"line":157,"column":4},"end":{"line":157,"column":null}},"62":{"start":{"line":162,"column":2},"end":{"line":177,"column":null}},"63":{"start":{"line":163,"column":4},"end":{"line":163,"column":null}},"64":{"start":{"line":166,"column":21},"end":{"line":166,"column":null}},"65":{"start":{"line":167,"column":18},"end":{"line":167,"column":null}},"66":{"start":{"line":167,"column":45},"end":{"line":167,"column":null}},"67":{"start":{"line":168,"column":4},"end":{"line":170,"column":null}},"68":{"start":{"line":169,"column":6},"end":{"line":169,"column":null}},"69":{"start":{"line":171,"column":4},"end":{"line":175,"column":null}},"70":{"start":{"line":176,"column":4},"end":{"line":176,"column":null}},"71":{"start":{"line":181,"column":2},"end":{"line":226,"column":null}},"72":{"start":{"line":182,"column":30},"end":{"line":182,"column":null}},"73":{"start":{"line":185,"column":4},"end":{"line":190,"column":null}},"74":{"start":{"line":186,"column":6},"end":{"line":188,"column":null}},"75":{"start":{"line":192,"column":4},"end":{"line":197,"column":null}},"76":{"start":{"line":193,"column":6},"end":{"line":195,"column":null}},"77":{"start":{"line":200,"column":15},"end":{"line":200,"column":81}},"78":{"start":{"line":203,"column":29},"end":{"line":207,"column":null}},"79":{"start":{"line":210,"column":4},"end":{"line":210,"column":null}},"80":{"start":{"line":212,"column":4},"end":{"line":218,"column":null}},"81":{"start":{"line":221,"column":4},"end":{"line":221,"column":null}},"82":{"start":{"line":222,"column":4},"end":{"line":224,"column":null}},"83":{"start":{"line":235,"column":2},"end":{"line":247,"column":null}},"84":{"start":{"line":236,"column":21},"end":{"line":236,"column":null}},"85":{"start":{"line":237,"column":4},"end":{"line":237,"column":null}},"86":{"start":{"line":239,"column":4},"end":{"line":239,"column":null}},"87":{"start":{"line":240,"column":4},"end":{"line":245,"column":null}},"88":{"start":{"line":256,"column":2},"end":{"line":316,"column":null}},"89":{"start":{"line":257,"column":29},"end":{"line":257,"column":null}},"90":{"start":{"line":258,"column":15},"end":{"line":258,"column":null}},"91":{"start":{"line":260,"column":4},"end":{"line":265,"column":null}},"92":{"start":{"line":261,"column":6},"end":{"line":263,"column":null}},"93":{"start":{"line":267,"column":39},"end":{"line":267,"column":null}},"94":{"start":{"line":270,"column":4},"end":{"line":275,"column":null}},"95":{"start":{"line":271,"column":6},"end":{"line":273,"column":null}},"96":{"start":{"line":278,"column":4},"end":{"line":283,"column":null}},"97":{"start":{"line":279,"column":6},"end":{"line":281,"column":null}},"98":{"start":{"line":286,"column":24},"end":{"line":286,"column":null}},"99":{"start":{"line":287,"column":28},"end":{"line":287,"column":null}},"100":{"start":{"line":287,"column":53},"end":{"line":287,"column":null}},"101":{"start":{"line":289,"column":4},"end":{"line":294,"column":null}},"102":{"start":{"line":290,"column":6},"end":{"line":292,"column":null}},"103":{"start":{"line":297,"column":4},"end":{"line":297,"column":null}},"104":{"start":{"line":299,"column":4},"end":{"line":305,"column":null}},"105":{"start":{"line":308,"column":4},"end":{"line":308,"column":null}},"106":{"start":{"line":309,"column":4},"end":{"line":314,"column":null}}},"fnMap":{"0":{"name":"ensureDataDirectory","decl":{"start":{"line":44,"column":15},"end":{"line":44,"column":null}},"loc":{"start":{"line":44,"column":15},"end":{"line":51,"column":null}}},"1":{"name":"readUseCasesFromFile","decl":{"start":{"line":53,"column":15},"end":{"line":53,"column":null}},"loc":{"start":{"line":53,"column":15},"end":{"line":65,"column":null}}},"2":{"name":"writeUseCasesToFile","decl":{"start":{"line":67,"column":15},"end":{"line":67,"column":35}},"loc":{"start":{"line":67,"column":54},"end":{"line":70,"column":null}}},"3":{"name":"getMongoClient","decl":{"start":{"line":75,"column":15},"end":{"line":75,"column":null}},"loc":{"start":{"line":75,"column":15},"end":{"line":99,"column":null}}},"4":{"name":"(anonymous_12)","decl":{"start":{"line":87,"column":34},"end":{"line":87,"column":41}},"loc":{"start":{"line":87,"column":34},"end":{"line":87,"column":null}}},"5":{"name":"saveUseCaseToMongoDB","decl":{"start":{"line":101,"column":15},"end":{"line":101,"column":36}},"loc":{"start":{"line":101,"column":52},"end":{"line":110,"column":null}}},"6":{"name":"updateUseCaseInMongoDB","decl":{"start":{"line":112,"column":15},"end":{"line":112,"column":38}},"loc":{"start":{"line":112,"column":75},"end":{"line":124,"column":null}}},"7":{"name":"getUseCasesFromMongoDB","decl":{"start":{"line":126,"column":15},"end":{"line":126,"column":null}},"loc":{"start":{"line":126,"column":15},"end":{"line":136,"column":null}}},"8":{"name":"saveUseCase","decl":{"start":{"line":141,"column":15},"end":{"line":141,"column":27}},"loc":{"start":{"line":141,"column":43},"end":{"line":150,"column":null}}},"9":{"name":"getAllUseCases","decl":{"start":{"line":152,"column":15},"end":{"line":152,"column":null}},"loc":{"start":{"line":152,"column":15},"end":{"line":159,"column":null}}},"10":{"name":"updateUseCase","decl":{"start":{"line":161,"column":15},"end":{"line":161,"column":29}},"loc":{"start":{"line":161,"column":74},"end":{"line":178,"column":null}}},"11":{"name":"(anonymous_19)","decl":{"start":{"line":167,"column":37},"end":{"line":167,"column":38}},"loc":{"start":{"line":167,"column":45},"end":{"line":167,"column":null}}},"12":{"name":"POST","decl":{"start":{"line":180,"column":22},"end":{"line":180,"column":27}},"loc":{"start":{"line":180,"column":47},"end":{"line":227,"column":null}}},"13":{"name":"GET","decl":{"start":{"line":234,"column":22},"end":{"line":234,"column":null}},"loc":{"start":{"line":234,"column":22},"end":{"line":248,"column":null}}},"14":{"name":"PUT","decl":{"start":{"line":255,"column":22},"end":{"line":255,"column":26}},"loc":{"start":{"line":255,"column":46},"end":{"line":317,"column":null}}},"15":{"name":"(anonymous_23)","decl":{"start":{"line":287,"column":45},"end":{"line":287,"column":46}},"loc":{"start":{"line":287,"column":53},"end":{"line":287,"column":null}}}},"branchMap":{"0":{"loc":{"start":{"line":37,"column":21},"end":{"line":37,"column":null}},"type":"binary-expr","locations":[{"start":{"line":37,"column":21},"end":{"line":37,"column":53}},{"start":{"line":37,"column":57},"end":{"line":37,"column":null}}]},"1":{"loc":{"start":{"line":38,"column":21},"end":{"line":38,"column":null}},"type":"binary-expr","locations":[{"start":{"line":38,"column":21},"end":{"line":38,"column":53}},{"start":{"line":38,"column":57},"end":{"line":38,"column":null}}]},"2":{"loc":{"start":{"line":60,"column":4},"end":{"line":62,"column":null}},"type":"if","locations":[{"start":{"line":60,"column":4},"end":{"line":62,"column":null}},{"start":{},"end":{}}]},"3":{"loc":{"start":{"line":76,"column":2},"end":{"line":78,"column":null}},"type":"if","locations":[{"start":{"line":76,"column":2},"end":{"line":78,"column":null}},{"start":{},"end":{}}]},"4":{"loc":{"start":{"line":80,"column":2},"end":{"line":82,"column":null}},"type":"if","locations":[{"start":{"line":80,"column":2},"end":{"line":82,"column":null}},{"start":{},"end":{}}]},"5":{"loc":{"start":{"line":92,"column":4},"end":{"line":96,"column":null}},"type":"if","locations":[{"start":{"line":92,"column":4},"end":{"line":96,"column":null}},{"start":{},"end":{}}]},"6":{"loc":{"start":{"line":92,"column":8},"end":{"line":92,"column":81}},"type":"binary-expr","locations":[{"start":{"line":92,"column":8},"end":{"line":92,"column":45}},{"start":{"line":92,"column":45},"end":{"line":92,"column":81}}]},"7":{"loc":{"start":{"line":142,"column":2},"end":{"line":149,"column":null}},"type":"if","locations":[{"start":{"line":142,"column":2},"end":{"line":149,"column":null}},{"start":{"line":144,"column":9},"end":{"line":149,"column":null}}]},"8":{"loc":{"start":{"line":153,"column":2},"end":{"line":158,"column":null}},"type":"if","locations":[{"start":{"line":153,"column":2},"end":{"line":158,"column":null}},{"start":{"line":155,"column":9},"end":{"line":158,"column":null}}]},"9":{"loc":{"start":{"line":162,"column":2},"end":{"line":177,"column":null}},"type":"if","locations":[{"start":{"line":162,"column":2},"end":{"line":177,"column":null}},{"start":{"line":164,"column":9},"end":{"line":177,"column":null}}]},"10":{"loc":{"start":{"line":168,"column":4},"end":{"line":170,"column":null}},"type":"if","locations":[{"start":{"line":168,"column":4},"end":{"line":170,"column":null}},{"start":{},"end":{}}]},"11":{"loc":{"start":{"line":185,"column":4},"end":{"line":190,"column":null}},"type":"if","locations":[{"start":{"line":185,"column":4},"end":{"line":190,"column":null}},{"start":{},"end":{}}]},"12":{"loc":{"start":{"line":185,"column":8},"end":{"line":185,"column":74}},"type":"binary-expr","locations":[{"start":{"line":185,"column":8},"end":{"line":185,"column":19}},{"start":{"line":185,"column":23},"end":{"line":185,"column":40}},{"start":{"line":185,"column":44},"end":{"line":185,"column":56}},{"start":{"line":185,"column":60},"end":{"line":185,"column":74}}]},"13":{"loc":{"start":{"line":192,"column":4},"end":{"line":197,"column":null}},"type":"if","locations":[{"start":{"line":192,"column":4},"end":{"line":197,"column":null}},{"start":{},"end":{}}]},"14":{"loc":{"start":{"line":192,"column":8},"end":{"line":192,"column":66}},"type":"binary-expr","locations":[{"start":{"line":192,"column":8},"end":{"line":192,"column":28}},{"start":{"line":192,"column":32},"end":{"line":192,"column":66}}]},"15":{"loc":{"start":{"line":243,"column":17},"end":{"line":243,"column":null}},"type":"cond-expr","locations":[{"start":{"line":243,"column":42},"end":{"line":243,"column":55}},{"start":{"line":243,"column":58},"end":{"line":243,"column":null}}]},"16":{"loc":{"start":{"line":260,"column":4},"end":{"line":265,"column":null}},"type":"if","locations":[{"start":{"line":260,"column":4},"end":{"line":265,"column":null}},{"start":{},"end":{}}]},"17":{"loc":{"start":{"line":270,"column":4},"end":{"line":275,"column":null}},"type":"if","locations":[{"start":{"line":270,"column":4},"end":{"line":275,"column":null}},{"start":{},"end":{}}]},"18":{"loc":{"start":{"line":278,"column":4},"end":{"line":283,"column":null}},"type":"if","locations":[{"start":{"line":278,"column":4},"end":{"line":283,"column":null}},{"start":{},"end":{}}]},"19":{"loc":{"start":{"line":278,"column":8},"end":{"line":278,"column":105}},"type":"binary-expr","locations":[{"start":{"line":278,"column":8},"end":{"line":278,"column":46}},{"start":{"line":278,"column":46},"end":{"line":278,"column":66}},{"start":{"line":278,"column":70},"end":{"line":278,"column":105}}]},"20":{"loc":{"start":{"line":289,"column":4},"end":{"line":294,"column":null}},"type":"if","locations":[{"start":{"line":289,"column":4},"end":{"line":294,"column":null}},{"start":{},"end":{}}]},"21":{"loc":{"start":{"line":312,"column":17},"end":{"line":312,"column":null}},"type":"cond-expr","locations":[{"start":{"line":312,"column":42},"end":{"line":312,"column":55}},{"start":{"line":312,"column":58},"end":{"line":312,"column":null}}]}},"s":{"0":0,"1":0,"2":0,"3":0,"4":0,"5":0,"6":0,"7":0,"8":0,"9":0,"10":0,"11":0,"12":0,"13":0,"14":0,"15":0,"16":0,"17":0,"18":0,"19":0,"20":0,"21":0,"22":0,"23":0,"24":0,"25":0,"26":0,"27":0,"28":0,"29":0,"30":0,"31":0,"32":0,"33":0,"34":0,"35":0,"36":0,"37":0,"38":0,"39":0,"40":0,"41":0,"42":0,"43":0,"44":0,"45":0,"46":0,"47":0,"48":0,"49":0,"50":0,"51":0,"52":0,"53":0,"54":0,"55":0,"56":0,"57":0,"58":0,"59":0,"60":0,"61":0,"62":0,"63":0,"64":0,"65":0,"66":0,"67":0,"68":0,"69":0,"70":0,"71":0,"72":0,"73":0,"74":0,"75":0,"76":0,"77":0,"78":0,"79":0,"80":0,"81":0,"82":0,"83":0,"84":0,"85":0,"86":0,"87":0,"88":0,"89":0,"90":0,"91":0,"92":0,"93":0,"94":0,"95":0,"96":0,"97":0,"98":0,"99":0,"100":0,"101":0,"102":0,"103":0,"104":0,"105":0,"106":0},"f":{"0":0,"1":0,"2":0,"3":0,"4":0,"5":0,"6":0,"7":0,"8":0,"9":0,"10":0,"11":0,"12":0,"13":0,"14":0,"15":0},"b":{"0":[0,0],"1":[0,0],"2":[0,0],"3":[0,0],"4":[0,0],"5":[0,0],"6":[0,0],"7":[0,0],"8":[0,0],"9":[0,0],"10":[0,0],"11":[0,0],"12":[0,0,0,0],"13":[0,0],"14":[0,0],"15":[0,0],"16":[0,0],"17":[0,0],"18":[0,0],"19":[0,0,0],"20":[0,0],"21":[0,0]}}
,"/Users/sraradhy/cisco/eti/sre/cnoe/ai-platform-engineering/ui/src/app/login/page.tsx": {"path":"/Users/sraradhy/cisco/eti/sre/cnoe/ai-platform-engineering/ui/src/app/login/page.tsx","statementMap":{"0":{"start":{"line":170,"column":24},"end":{"line":170,"column":null}},"1":{"start":{"line":3,"column":53},"end":{"line":3,"column":null}},"2":{"start":{"line":4,"column":35},"end":{"line":4,"column":null}},"3":{"start":{"line":5,"column":43},"end":{"line":5,"column":null}},"4":{"start":{"line":6,"column":23},"end":{"line":6,"column":null}},"5":{"start":{"line":7,"column":44},"end":{"line":7,"column":null}},"6":{"start":{"line":8,"column":23},"end":{"line":8,"column":null}},"7":{"start":{"line":9,"column":30},"end":{"line":9,"column":null}},"8":{"start":{"line":10,"column":33},"end":{"line":10,"column":null}},"9":{"start":{"line":13,"column":21},"end":{"line":13,"column":null}},"10":{"start":{"line":14,"column":17},"end":{"line":14,"column":null}},"11":{"start":{"line":15,"column":23},"end":{"line":15,"column":null}},"12":{"start":{"line":16,"column":36},"end":{"line":16,"column":null}},"13":{"start":{"line":17,"column":16},"end":{"line":17,"column":null}},"14":{"start":{"line":18,"column":25},"end":{"line":18,"column":null}},"15":{"start":{"line":19,"column":22},"end":{"line":19,"column":null}},"16":{"start":{"line":22,"column":2},"end":{"line":26,"column":null}},"17":{"start":{"line":23,"column":4},"end":{"line":25,"column":null}},"18":{"start":{"line":24,"column":6},"end":{"line":24,"column":null}},"19":{"start":{"line":28,"column":23},"end":{"line":36,"column":null}},"20":{"start":{"line":29,"column":4},"end":{"line":29,"column":null}},"21":{"start":{"line":30,"column":4},"end":{"line":35,"column":null}},"22":{"start":{"line":31,"column":6},"end":{"line":31,"column":null}},"23":{"start":{"line":33,"column":6},"end":{"line":33,"column":null}},"24":{"start":{"line":34,"column":6},"end":{"line":34,"column":null}},"25":{"start":{"line":39,"column":2},"end":{"line":41,"column":null}}},"fnMap":{"0":{"name":"LoginContent","decl":{"start":{"line":12,"column":9},"end":{"line":12,"column":null}},"loc":{"start":{"line":12,"column":9},"end":{"line":168,"column":null}}},"1":{"name":"(anonymous_5)","decl":{"start":{"line":22,"column":12},"end":{"line":22,"column":null}},"loc":{"start":{"line":22,"column":12},"end":{"line":26,"column":5}}},"2":{"name":"(anonymous_6)","decl":{"start":{"line":28,"column":23},"end":{"line":28,"column":null}},"loc":{"start":{"line":28,"column":23},"end":{"line":36,"column":null}}},"3":{"name":"LoginPage","decl":{"start":{"line":170,"column":24},"end":{"line":170,"column":null}},"loc":{"start":{"line":170,"column":24},"end":{"line":176,"column":null}}}},"branchMap":{"0":{"loc":{"start":{"line":19,"column":22},"end":{"line":19,"column":null}},"type":"binary-expr","locations":[{"start":{"line":19,"column":22},"end":{"line":19,"column":57}},{"start":{"line":19,"column":57},"end":{"line":19,"column":null}}]},"1":{"loc":{"start":{"line":23,"column":4},"end":{"line":25,"column":null}},"type":"if","locations":[{"start":{"line":23,"column":4},"end":{"line":25,"column":null}},{"start":{},"end":{}}]},"2":{"loc":{"start":{"line":39,"column":2},"end":{"line":41,"column":null}},"type":"if","locations":[{"start":{"line":39,"column":2},"end":{"line":41,"column":null}},{"start":{},"end":{}}]},"3":{"loc":{"start":{"line":39,"column":6},"end":{"line":39,"column":41}},"type":"binary-expr","locations":[{"start":{"line":39,"column":6},"end":{"line":39,"column":30}},{"start":{"line":39,"column":30},"end":{"line":39,"column":41}}]},"4":{"loc":{"start":{"line":40,"column":35},"end":{"line":40,"column":null}},"type":"cond-expr","locations":[{"start":{"line":40,"column":47},"end":{"line":40,"column":73}},{"start":{"line":40,"column":73},"end":{"line":40,"column":null}}]},"5":{"loc":{"start":{"line":93,"column":15},"end":{"line":93,"column":null}},"type":"binary-expr","locations":[{"start":{"line":93,"column":15},"end":{"line":93,"column":null}}]},"6":{"loc":{"start":{"line":112,"column":15},"end":{"line":112,"column":24}},"type":"binary-expr","locations":[{"start":{"line":112,"column":15},"end":{"line":112,"column":24}},{"start":{"line":112,"column":24},"end":{"line":112,"column":null}}]},"7":{"loc":{"start":{"line":124,"column":23},"end":{"line":124,"column":null}},"type":"binary-expr","locations":[{"start":{"line":124,"column":23},"end":{"line":124,"column":50}},{"start":{"line":124,"column":50},"end":{"line":124,"column":null}}]},"8":{"loc":{"start":{"line":125,"column":23},"end":{"line":125,"column":null}},"type":"binary-expr","locations":[{"start":{"line":125,"column":23},"end":{"line":125,"column":52}},{"start":{"line":125,"column":52},"end":{"line":125,"column":null}}]},"9":{"loc":{"start":{"line":126,"column":23},"end":{"line":126,"column":null}},"type":"binary-expr","locations":[{"start":{"line":126,"column":23},"end":{"line":126,"column":57}},{"start":{"line":126,"column":57},"end":{"line":126,"column":null}}]},"10":{"loc":{"start":{"line":127,"column":23},"end":{"line":127,"column":null}},"type":"binary-expr","locations":[{"start":{"line":127,"column":23},"end":{"line":127,"column":47}},{"start":{"line":127,"column":47},"end":{"line":127,"column":null}}]},"11":{"loc":{"start":{"line":128,"column":23},"end":{"line":128,"column":null}},"type":"binary-expr","locations":[{"start":{"line":128,"column":23},"end":{"line":128,"column":51}},{"start":{"line":128,"column":51},"end":{"line":128,"column":null}}]},"12":{"loc":{"start":{"line":129,"column":23},"end":{"line":130,"column":null}},"type":"binary-expr","locations":[{"start":{"line":129,"column":23},"end":{"line":129,"column":null}},{"start":{"line":130,"column":24},"end":{"line":130,"column":null}}]},"13":{"loc":{"start":{"line":143,"column":18},"end":{"line":145,"column":19}},"type":"cond-expr","locations":[{"start":{"line":143,"column":18},"end":{"line":145,"column":19}}]},"14":{"loc":{"start":{"line":147,"column":17},"end":{"line":147,"column":null}},"type":"cond-expr","locations":[{"start":{"line":147,"column":29},"end":{"line":147,"column":48}},{"start":{"line":147,"column":48},"end":{"line":147,"column":null}}]}},"s":{"0":0,"1":0,"2":0,"3":0,"4":0,"5":0,"6":0,"7":0,"8":0,"9":0,"10":0,"11":0,"12":0,"13":0,"14":0,"15":0,"16":0,"17":0,"18":0,"19":0,"20":0,"21":0,"22":0,"23":0,"24":0,"25":0},"f":{"0":0,"1":0,"2":0,"3":0},"b":{"0":[0,0],"1":[0,0],"2":[0,0],"3":[0,0],"4":[0,0],"5":[0],"6":[0,0],"7":[0,0],"8":[0,0],"9":[0,0],"10":[0,0],"11":[0,0],"12":[0,0],"13":[0],"14":[0,0]}}
,"/Users/sraradhy/cisco/eti/sre/cnoe/ai-platform-engineering/ui/src/app/logout/page.tsx": {"path":"/Users/sraradhy/cisco/eti/sre/cnoe/ai-platform-engineering/ui/src/app/logout/page.tsx","statementMap":{"0":{"start":{"line":11,"column":24},"end":{"line":11,"column":null}},"1":{"start":{"line":3,"column":43},"end":{"line":3,"column":null}},"2":{"start":{"line":4,"column":36},"end":{"line":4,"column":null}},"3":{"start":{"line":5,"column":26},"end":{"line":5,"column":null}},"4":{"start":{"line":6,"column":23},"end":{"line":6,"column":null}},"5":{"start":{"line":7,"column":58},"end":{"line":7,"column":null}},"6":{"start":{"line":8,"column":23},"end":{"line":8,"column":null}},"7":{"start":{"line":9,"column":33},"end":{"line":9,"column":null}},"8":{"start":{"line":12,"column":21},"end":{"line":12,"column":null}},"9":{"start":{"line":13,"column":17},"end":{"line":13,"column":null}},"10":{"start":{"line":14,"column":42},"end":{"line":14,"column":null}},"11":{"start":{"line":15,"column":40},"end":{"line":15,"column":null}},"12":{"start":{"line":18,"column":2},"end":{"line":24,"column":null}},"13":{"start":{"line":19,"column":4},"end":{"line":23,"column":null}},"14":{"start":{"line":20,"column":6},"end":{"line":20,"column":null}},"15":{"start":{"line":21,"column":11},"end":{"line":23,"column":null}},"16":{"start":{"line":22,"column":6},"end":{"line":22,"column":null}},"17":{"start":{"line":26,"column":23},"end":{"line":36,"column":null}},"18":{"start":{"line":27,"column":4},"end":{"line":27,"column":null}},"19":{"start":{"line":28,"column":4},"end":{"line":35,"column":null}},"20":{"start":{"line":29,"column":6},"end":{"line":29,"column":null}},"21":{"start":{"line":30,"column":6},"end":{"line":30,"column":null}},"22":{"start":{"line":32,"column":6},"end":{"line":32,"column":null}},"23":{"start":{"line":34,"column":6},"end":{"line":34,"column":null}},"24":{"start":{"line":38,"column":28},"end":{"line":40,"column":null}},"25":{"start":{"line":39,"column":4},"end":{"line":39,"column":null}},"26":{"start":{"line":42,"column":27},"end":{"line":44,"column":null}},"27":{"start":{"line":43,"column":4},"end":{"line":43,"column":null}}},"fnMap":{"0":{"name":"LogoutPage","decl":{"start":{"line":11,"column":24},"end":{"line":11,"column":null}},"loc":{"start":{"line":11,"column":24},"end":{"line":200,"column":null}}},"1":{"name":"(anonymous_5)","decl":{"start":{"line":18,"column":12},"end":{"line":18,"column":null}},"loc":{"start":{"line":18,"column":12},"end":{"line":24,"column":5}}},"2":{"name":"(anonymous_6)","decl":{"start":{"line":26,"column":23},"end":{"line":26,"column":null}},"loc":{"start":{"line":26,"column":23},"end":{"line":36,"column":null}}},"3":{"name":"(anonymous_7)","decl":{"start":{"line":38,"column":28},"end":{"line":38,"column":null}},"loc":{"start":{"line":38,"column":28},"end":{"line":40,"column":null}}},"4":{"name":"(anonymous_8)","decl":{"start":{"line":42,"column":27},"end":{"line":42,"column":null}},"loc":{"start":{"line":42,"column":27},"end":{"line":44,"column":null}}}},"branchMap":{"0":{"loc":{"start":{"line":19,"column":4},"end":{"line":23,"column":null}},"type":"if","locations":[{"start":{"line":19,"column":4},"end":{"line":23,"column":null}},{"start":{"line":21,"column":11},"end":{"line":23,"column":null}}]},"1":{"loc":{"start":{"line":19,"column":8},"end":{"line":19,"column":69}},"type":"binary-expr","locations":[{"start":{"line":19,"column":8},"end":{"line":19,"column":38}},{"start":{"line":19,"column":38},"end":{"line":19,"column":55}},{"start":{"line":19,"column":55},"end":{"line":19,"column":69}}]},"2":{"loc":{"start":{"line":21,"column":11},"end":{"line":23,"column":null}},"type":"if","locations":[{"start":{"line":21,"column":11},"end":{"line":23,"column":null}},{"start":{},"end":{}}]},"3":{"loc":{"start":{"line":96,"column":14},"end":{"line":107,"column":null}},"type":"cond-expr","locations":[{"start":{"line":96,"column":14},"end":{"line":107,"column":null}}]},"4":{"loc":{"start":{"line":108,"column":14},"end":{"line":141,"column":15}},"type":"cond-expr","locations":[{"start":{"line":108,"column":14},"end":{"line":141,"column":15}}]}},"s":{"0":0,"1":0,"2":0,"3":0,"4":0,"5":0,"6":0,"7":0,"8":0,"9":0,"10":0,"11":0,"12":0,"13":0,"14":0,"15":0,"16":0,"17":0,"18":0,"19":0,"20":0,"21":0,"22":0,"23":0,"24":0,"25":0,"26":0,"27":0},"f":{"0":0,"1":0,"2":0,"3":0,"4":0},"b":{"0":[0,0],"1":[0,0,0],"2":[0,0],"3":[0],"4":[0]}}
,"/Users/sraradhy/cisco/eti/sre/cnoe/ai-platform-engineering/ui/src/app/unauthorized/page.tsx": {"path":"/Users/sraradhy/cisco/eti/sre/cnoe/ai-platform-engineering/ui/src/app/unauthorized/page.tsx","statementMap":{"0":{"start":{"line":10,"column":24},"end":{"line":10,"column":null}},"1":{"start":{"line":3,"column":18},"end":{"line":3,"column":null}},"2":{"start":{"line":4,"column":24},"end":{"line":4,"column":null}},"3":{"start":{"line":5,"column":23},"end":{"line":5,"column":null}},"4":{"start":{"line":6,"column":49},"end":{"line":6,"column":null}},"5":{"start":{"line":7,"column":23},"end":{"line":7,"column":null}},"6":{"start":{"line":8,"column":31},"end":{"line":8,"column":null}},"7":{"start":{"line":73,"column":29},"end":{"line":73,"column":null}}},"fnMap":{"0":{"name":"UnauthorizedPage","decl":{"start":{"line":10,"column":24},"end":{"line":10,"column":null}},"loc":{"start":{"line":10,"column":24},"end":{"line":99,"column":null}}},"1":{"name":"(anonymous_3)","decl":{"start":{"line":73,"column":23},"end":{"line":73,"column":29}},"loc":{"start":{"line":73,"column":29},"end":{"line":73,"column":null}}}},"branchMap":{},"s":{"0":0,"1":0,"2":0,"3":0,"4":0,"5":0,"6":0,"7":0},"f":{"0":0,"1":0},"b":{}}
,"/Users/sraradhy/cisco/eti/sre/cnoe/ai-platform-engineering/ui/src/components/auth-guard.tsx": {"path":"/Users/sraradhy/cisco/eti/sre/cnoe/ai-platform-engineering/ui/src/components/auth-guard.tsx","statementMap":{"0":{"start":{"line":21,"column":16},"end":{"line":21,"column":26}},"1":{"start":{"line":3,"column":27},"end":{"line":3,"column":null}},"2":{"start":{"line":4,"column":26},"end":{"line":4,"column":null}},"3":{"start":{"line":5,"column":36},"end":{"line":5,"column":null}},"4":{"start":{"line":6,"column":26},"end":{"line":6,"column":null}},"5":{"start":{"line":7,"column":30},"end":{"line":7,"column":null}},"6":{"start":{"line":8,"column":31},"end":{"line":8,"column":null}},"7":{"start":{"line":22,"column":36},"end":{"line":22,"column":null}},"8":{"start":{"line":23,"column":17},"end":{"line":23,"column":null}},"9":{"start":{"line":24,"column":40},"end":{"line":24,"column":null}},"10":{"start":{"line":25,"column":38},"end":{"line":25,"column":null}},"11":{"start":{"line":28,"column":2},"end":{"line":31,"column":null}},"12":{"start":{"line":29,"column":20},"end":{"line":29,"column":null}},"13":{"start":{"line":30,"column":4},"end":{"line":30,"column":null}},"14":{"start":{"line":33,"column":2},"end":{"line":82,"column":null}},"15":{"start":{"line":35,"column":4},"end":{"line":37,"column":null}},"16":{"start":{"line":36,"column":6},"end":{"line":36,"column":14}},"17":{"start":{"line":39,"column":4},"end":{"line":42,"column":null}},"18":{"start":{"line":40,"column":6},"end":{"line":40,"column":null}},"19":{"start":{"line":41,"column":6},"end":{"line":41,"column":null}},"20":{"start":{"line":44,"column":4},"end":{"line":46,"column":null}},"21":{"start":{"line":45,"column":6},"end":{"line":45,"column":14}},"22":{"start":{"line":48,"column":4},"end":{"line":51,"column":null}},"23":{"start":{"line":49,"column":6},"end":{"line":49,"column":null}},"24":{"start":{"line":50,"column":6},"end":{"line":50,"column":null}},"25":{"start":{"line":54,"column":4},"end":{"line":81,"column":null}},"26":{"start":{"line":56,"column":6},"end":{"line":60,"column":null}},"27":{"start":{"line":57,"column":8},"end":{"line":57,"column":null}},"28":{"start":{"line":58,"column":8},"end":{"line":58,"column":null}},"29":{"start":{"line":59,"column":8},"end":{"line":59,"column":null}},"30":{"start":{"line":63,"column":6},"end":{"line":66,"column":null}},"31":{"start":{"line":64,"column":8},"end":{"line":64,"column":null}},"32":{"start":{"line":65,"column":8},"end":{"line":65,"column":null}},"33":{"start":{"line":71,"column":23},"end":{"line":71,"column":null}},"34":{"start":{"line":72,"column":26},"end":{"line":72,"column":44}},"35":{"start":{"line":74,"column":6},"end":{"line":78,"column":null}},"36":{"start":{"line":75,"column":8},"end":{"line":75,"column":null}},"37":{"start":{"line":76,"column":8},"end":{"line":76,"column":null}},"38":{"start":{"line":77,"column":8},"end":{"line":77,"column":null}},"39":{"start":{"line":80,"column":6},"end":{"line":80,"column":null}},"40":{"start":{"line":85,"column":2},"end":{"line":87,"column":null}},"41":{"start":{"line":86,"column":4},"end":{"line":86,"column":null}},"42":{"start":{"line":90,"column":2},"end":{"line":92,"column":null}},"43":{"start":{"line":95,"column":2},"end":{"line":100,"column":null}},"44":{"start":{"line":96,"column":20},"end":{"line":98,"column":null}},"45":{"start":{"line":103,"column":2},"end":{"line":105,"column":null}},"46":{"start":{"line":104,"column":4},"end":{"line":104,"column":null}},"47":{"start":{"line":108,"column":2},"end":{"line":110,"column":null}},"48":{"start":{"line":109,"column":4},"end":{"line":109,"column":null}}},"fnMap":{"0":{"name":"AuthGuard","decl":{"start":{"line":21,"column":16},"end":{"line":21,"column":26}},"loc":{"start":{"line":21,"column":54},"end":{"line":114,"column":null}}},"1":{"name":"(anonymous_2)","decl":{"start":{"line":28,"column":12},"end":{"line":28,"column":null}},"loc":{"start":{"line":28,"column":12},"end":{"line":31,"column":5}}},"2":{"name":"(anonymous_3)","decl":{"start":{"line":33,"column":12},"end":{"line":33,"column":null}},"loc":{"start":{"line":33,"column":12},"end":{"line":82,"column":5}}}},"branchMap":{"0":{"loc":{"start":{"line":35,"column":4},"end":{"line":37,"column":null}},"type":"if","locations":[{"start":{"line":35,"column":4},"end":{"line":37,"column":null}},{"start":{},"end":{}}]},"1":{"loc":{"start":{"line":39,"column":4},"end":{"line":42,"column":null}},"type":"if","locations":[{"start":{"line":39,"column":4},"end":{"line":42,"column":null}},{"start":{},"end":{}}]},"2":{"loc":{"start":{"line":44,"column":4},"end":{"line":46,"column":null}},"type":"if","locations":[{"start":{"line":44,"column":4},"end":{"line":46,"column":null}},{"start":{},"end":{}}]},"3":{"loc":{"start":{"line":48,"column":4},"end":{"line":51,"column":null}},"type":"if","locations":[{"start":{"line":48,"column":4},"end":{"line":51,"column":null}},{"start":{},"end":{}}]},"4":{"loc":{"start":{"line":54,"column":4},"end":{"line":81,"column":null}},"type":"if","locations":[{"start":{"line":54,"column":4},"end":{"line":81,"column":null}},{"start":{},"end":{}}]},"5":{"loc":{"start":{"line":56,"column":6},"end":{"line":60,"column":null}},"type":"if","locations":[{"start":{"line":56,"column":6},"end":{"line":60,"column":null}},{"start":{},"end":{}}]},"6":{"loc":{"start":{"line":56,"column":10},"end":{"line":56,"column":94}},"type":"binary-expr","locations":[{"start":{"line":56,"column":10},"end":{"line":56,"column":54}},{"start":{"line":56,"column":54},"end":{"line":56,"column":94}}]},"7":{"loc":{"start":{"line":63,"column":6},"end":{"line":66,"column":null}},"type":"if","locations":[{"start":{"line":63,"column":6},"end":{"line":66,"column":null}},{"start":{},"end":{}}]},"8":{"loc":{"start":{"line":74,"column":6},"end":{"line":78,"column":null}},"type":"if","locations":[{"start":{"line":74,"column":6},"end":{"line":78,"column":null}},{"start":{},"end":{}}]},"9":{"loc":{"start":{"line":74,"column":10},"end":{"line":74,"column":58}},"type":"binary-expr","locations":[{"start":{"line":74,"column":10},"end":{"line":74,"column":25}},{"start":{"line":74,"column":25},"end":{"line":74,"column":58}}]},"10":{"loc":{"start":{"line":85,"column":2},"end":{"line":87,"column":null}},"type":"if","locations":[{"start":{"line":85,"column":2},"end":{"line":87,"column":null}},{"start":{},"end":{}}]},"11":{"loc":{"start":{"line":90,"column":2},"end":{"line":92,"column":null}},"type":"if","locations":[{"start":{"line":90,"column":2},"end":{"line":92,"column":null}},{"start":{},"end":{}}]},"12":{"loc":{"start":{"line":95,"column":2},"end":{"line":100,"column":null}},"type":"if","locations":[{"start":{"line":95,"column":2},"end":{"line":100,"column":null}},{"start":{},"end":{}}]},"13":{"loc":{"start":{"line":95,"column":6},"end":{"line":95,"column":44}},"type":"binary-expr","locations":[{"start":{"line":95,"column":6},"end":{"line":95,"column":30}},{"start":{"line":95,"column":30},"end":{"line":95,"column":44}}]},"14":{"loc":{"start":{"line":96,"column":20},"end":{"line":98,"column":null}},"type":"cond-expr","locations":[{"start":{"line":97,"column":8},"end":{"line":97,"column":null}},{"start":{"line":98,"column":8},"end":{"line":98,"column":null}}]},"15":{"loc":{"start":{"line":103,"column":2},"end":{"line":105,"column":null}},"type":"if","locations":[{"start":{"line":103,"column":2},"end":{"line":105,"column":null}},{"start":{},"end":{}}]},"16":{"loc":{"start":{"line":108,"column":2},"end":{"line":110,"column":null}},"type":"if","locations":[{"start":{"line":108,"column":2},"end":{"line":110,"column":null}},{"start":{},"end":{}}]}},"s":{"0":15,"1":1,"2":1,"3":1,"4":1,"5":1,"6":1,"7":35,"8":35,"9":35,"10":35,"11":35,"12":15,"13":15,"14":35,"15":30,"16":15,"17":15,"18":1,"19":1,"20":14,"21":2,"22":12,"23":1,"24":1,"25":11,"26":11,"27":3,"28":3,"29":3,"30":8,"31":2,"32":2,"33":6,"34":6,"35":6,"36":2,"37":2,"38":2,"39":4,"40":35,"41":15,"42":20,"43":18,"44":14,"45":4,"46":0,"47":4,"48":0},"f":{"0":35,"1":15,"2":30},"b":{"0":[15,15],"1":[1,14],"2":[2,12],"3":[1,11],"4":[11,0],"5":[3,8],"6":[11,9],"7":[2,6],"8":[2,4],"9":[6,5],"10":[15,20],"11":[2,18],"12":[14,4],"13":[18,16],"14":[2,12],"15":[0,4],"16":[0,4]}}
,"/Users/sraradhy/cisco/eti/sre/cnoe/ai-platform-engineering/ui/src/components/auth-provider.tsx": {"path":"/Users/sraradhy/cisco/eti/sre/cnoe/ai-platform-engineering/ui/src/components/auth-provider.tsx","statementMap":{"0":{"start":{"line":11,"column":16},"end":{"line":11,"column":29}},"1":{"start":{"line":3,"column":32},"end":{"line":3,"column":null}}},"fnMap":{"0":{"name":"AuthProvider","decl":{"start":{"line":11,"column":16},"end":{"line":11,"column":29}},"loc":{"start":{"line":11,"column":69},"end":{"line":17,"column":null}}}},"branchMap":{},"s":{"0":0,"1":0},"f":{"0":0},"b":{}}
,"/Users/sraradhy/cisco/eti/sre/cnoe/ai-platform-engineering/ui/src/components/loading-screen.tsx": {"path":"/Users/sraradhy/cisco/eti/sre/cnoe/ai-platform-engineering/ui/src/components/loading-screen.tsx","statementMap":{"0":{"start":{"line":13,"column":16},"end":{"line":13,"column":30}},"1":{"start":{"line":3,"column":18},"end":{"line":3,"column":null}}},"fnMap":{"0":{"name":"LoadingScreen","decl":{"start":{"line":13,"column":16},"end":{"line":13,"column":30}},"loc":{"start":{"line":13,"column":76},"end":{"line":82,"column":null}}}},"branchMap":{"0":{"loc":{"start":{"line":13,"column":32},"end":{"line":13,"column":54}},"type":"default-arg","locations":[{"start":{"line":13,"column":42},"end":{"line":13,"column":54}}]}},"s":{"0":0,"1":0},"f":{"0":0},"b":{"0":[0]}}
,"/Users/sraradhy/cisco/eti/sre/cnoe/ai-platform-engineering/ui/src/components/settings-panel.tsx": {"path":"/Users/sraradhy/cisco/eti/sre/cnoe/ai-platform-engineering/ui/src/components/settings-panel.tsx","statementMap":{"0":{"start":{"line":39,"column":16},"end":{"line":39,"column":null}},"1":{"start":{"line":3,"column":43},"end":{"line":3,"column":null}},"2":{"start":{"line":4,"column":29},"end":{"line":4,"column":null}},"3":{"start":{"line":5,"column":40},"end":{"line":5,"column":null}},"4":{"start":{"line":6,"column":59},"end":{"line":6,"column":null}},"5":{"start":{"line":7,"column":25},"end":{"line":7,"column":null}},"6":{"start":{"line":8,"column":23},"end":{"line":8,"column":null}},"7":{"start":{"line":9,"column":19},"end":{"line":9,"column":null}},"8":{"start":{"line":12,"column":18},"end":{"line":17,"column":null}},"9":{"start":{"line":20,"column":21},"end":{"line":25,"column":null}},"10":{"start":{"line":28,"column":15},"end":{"line":34,"column":null}},"11":{"start":{"line":40,"column":26},"end":{"line":40,"column":null}},"12":{"start":{"line":41,"column":30},"end":{"line":41,"column":null}},"13":{"start":{"line":42,"column":34},"end":{"line":42,"column":null}},"14":{"start":{"line":43,"column":38},"end":{"line":43,"column":null}},"15":{"start":{"line":44,"column":32},"end":{"line":44,"column":null}},"16":{"start":{"line":47,"column":2},"end":{"line":60,"column":null}},"17":{"start":{"line":48,"column":4},"end":{"line":48,"column":null}},"18":{"start":{"line":49,"column":26},"end":{"line":49,"column":null}},"19":{"start":{"line":50,"column":28},"end":{"line":50,"column":null}},"20":{"start":{"line":52,"column":4},"end":{"line":55,"column":null}},"21":{"start":{"line":53,"column":6},"end":{"line":53,"column":null}},"22":{"start":{"line":54,"column":6},"end":{"line":54,"column":null}},"23":{"start":{"line":56,"column":4},"end":{"line":59,"column":null}},"24":{"start":{"line":57,"column":6},"end":{"line":57,"column":null}},"25":{"start":{"line":58,"column":6},"end":{"line":58,"column":null}},"26":{"start":{"line":63,"column":31},"end":{"line":67,"column":null}},"27":{"start":{"line":64,"column":4},"end":{"line":64,"column":null}},"28":{"start":{"line":65,"column":4},"end":{"line":65,"column":null}},"29":{"start":{"line":66,"column":4},"end":{"line":66,"column":null}},"30":{"start":{"line":70,"column":33},"end":{"line":74,"column":null}},"31":{"start":{"line":71,"column":4},"end":{"line":71,"column":null}},"32":{"start":{"line":72,"column":4},"end":{"line":72,"column":null}},"33":{"start":{"line":73,"column":4},"end":{"line":73,"column":null}},"34":{"start":{"line":76,"column":2},"end":{"line":76,"column":null}},"35":{"start":{"line":76,"column":16},"end":{"line":76,"column":null}},"36":{"start":{"line":88,"column":27},"end":{"line":88,"column":null}},"37":{"start":{"line":106,"column":33},"end":{"line":106,"column":null}},"38":{"start":{"line":121,"column":22},"end":{"line":122,"column":null}},"39":{"start":{"line":123,"column":39},"end":{"line":123,"column":null}},"40":{"start":{"line":151,"column":22},"end":{"line":152,"column":null}},"41":{"start":{"line":153,"column":39},"end":{"line":153,"column":null}},"42":{"start":{"line":192,"column":22},"end":{"line":193,"column":null}},"43":{"start":{"line":194,"column":39},"end":{"line":194,"column":null}},"44":{"start":{"line":272,"column":23},"end":{"line":272,"column":null}}},"fnMap":{"0":{"name":"SettingsPanel","decl":{"start":{"line":39,"column":16},"end":{"line":39,"column":null}},"loc":{"start":{"line":39,"column":16},"end":{"line":282,"column":null}}},"1":{"name":"(anonymous_5)","decl":{"start":{"line":47,"column":12},"end":{"line":47,"column":null}},"loc":{"start":{"line":47,"column":12},"end":{"line":60,"column":5}}},"2":{"name":"(anonymous_6)","decl":{"start":{"line":63,"column":31},"end":{"line":63,"column":32}},"loc":{"start":{"line":63,"column":32},"end":{"line":67,"column":null}}},"3":{"name":"(anonymous_7)","decl":{"start":{"line":70,"column":33},"end":{"line":70,"column":34}},"loc":{"start":{"line":70,"column":34},"end":{"line":74,"column":null}}},"4":{"name":"(anonymous_8)","decl":{"start":{"line":88,"column":21},"end":{"line":88,"column":27}},"loc":{"start":{"line":88,"column":27},"end":{"line":88,"column":null}}},"5":{"name":"(anonymous_9)","decl":{"start":{"line":106,"column":27},"end":{"line":106,"column":33}},"loc":{"start":{"line":106,"column":33},"end":{"line":106,"column":null}}},"6":{"name":"(anonymous_10)","decl":{"start":{"line":120,"column":35},"end":{"line":120,"column":36}},"loc":{"start":{"line":121,"column":22},"end":{"line":122,"column":null}}},"7":{"name":"(anonymous_11)","decl":{"start":{"line":123,"column":33},"end":{"line":123,"column":39}},"loc":{"start":{"line":123,"column":39},"end":{"line":123,"column":null}}},"8":{"name":"(anonymous_12)","decl":{"start":{"line":150,"column":38},"end":{"line":150,"column":39}},"loc":{"start":{"line":151,"column":22},"end":{"line":152,"column":null}}},"9":{"name":"(anonymous_13)","decl":{"start":{"line":153,"column":33},"end":{"line":153,"column":39}},"loc":{"start":{"line":153,"column":39},"end":{"line":153,"column":null}}},"10":{"name":"(anonymous_14)","decl":{"start":{"line":191,"column":32},"end":{"line":191,"column":33}},"loc":{"start":{"line":192,"column":22},"end":{"line":193,"column":null}}},"11":{"name":"(anonymous_15)","decl":{"start":{"line":194,"column":33},"end":{"line":194,"column":39}},"loc":{"start":{"line":194,"column":39},"end":{"line":194,"column":null}}},"12":{"name":"(anonymous_16)","decl":{"start":{"line":272,"column":17},"end":{"line":272,"column":23}},"loc":{"start":{"line":272,"column":23},"end":{"line":272,"column":null}}}},"branchMap":{"0":{"loc":{"start":{"line":52,"column":4},"end":{"line":55,"column":null}},"type":"if","locations":[{"start":{"line":52,"column":4},"end":{"line":55,"column":null}},{"start":{},"end":{}}]},"1":{"loc":{"start":{"line":56,"column":4},"end":{"line":59,"column":null}},"type":"if","locations":[{"start":{"line":56,"column":4},"end":{"line":59,"column":null}},{"start":{},"end":{}}]},"2":{"loc":{"start":{"line":76,"column":2},"end":{"line":76,"column":null}},"type":"if","locations":[{"start":{"line":76,"column":2},"end":{"line":76,"column":null}},{"start":{},"end":{}}]},"3":{"loc":{"start":{"line":80,"column":7},"end":{"line":80,"column":null}},"type":"binary-expr","locations":[{"start":{"line":80,"column":7},"end":{"line":80,"column":null}}]},"4":{"loc":{"start":{"line":126,"column":26},"end":{"line":128,"column":null}},"type":"cond-expr","locations":[{"start":{"line":127,"column":30},"end":{"line":127,"column":null}},{"start":{"line":128,"column":30},"end":{"line":128,"column":null}}]},"5":{"loc":{"start":{"line":135,"column":25},"end":{"line":135,"column":47}},"type":"binary-expr","locations":[{"start":{"line":135,"column":25},"end":{"line":135,"column":47}}]},"6":{"loc":{"start":{"line":156,"column":26},"end":{"line":158,"column":null}},"type":"cond-expr","locations":[{"start":{"line":157,"column":30},"end":{"line":157,"column":null}},{"start":{"line":158,"column":30},"end":{"line":158,"column":null}}]},"7":{"loc":{"start":{"line":165,"column":30},"end":{"line":165,"column":null}},"type":"binary-expr","locations":[{"start":{"line":165,"column":30},"end":{"line":165,"column":55}},{"start":{"line":165,"column":55},"end":{"line":165,"column":null}}]},"8":{"loc":{"start":{"line":166,"column":30},"end":{"line":166,"column":null}},"type":"binary-expr","locations":[{"start":{"line":166,"column":30},"end":{"line":166,"column":61}},{"start":{"line":166,"column":61},"end":{"line":166,"column":null}}]},"9":{"loc":{"start":{"line":167,"column":30},"end":{"line":167,"column":null}},"type":"binary-expr","locations":[{"start":{"line":167,"column":30},"end":{"line":167,"column":58}},{"start":{"line":167,"column":58},"end":{"line":167,"column":null}}]},"10":{"loc":{"start":{"line":176,"column":25},"end":{"line":176,"column":49}},"type":"binary-expr","locations":[{"start":{"line":176,"column":25},"end":{"line":176,"column":49}}]},"11":{"loc":{"start":{"line":197,"column":26},"end":{"line":199,"column":null}},"type":"cond-expr","locations":[{"start":{"line":198,"column":30},"end":{"line":198,"column":null}},{"start":{"line":199,"column":30},"end":{"line":199,"column":null}}]},"12":{"loc":{"start":{"line":206,"column":30},"end":{"line":206,"column":null}},"type":"binary-expr","locations":[{"start":{"line":206,"column":30},"end":{"line":206,"column":55}},{"start":{"line":206,"column":55},"end":{"line":206,"column":null}}]},"13":{"loc":{"start":{"line":207,"column":30},"end":{"line":207,"column":null}},"type":"binary-expr","locations":[{"start":{"line":207,"column":30},"end":{"line":207,"column":54}},{"start":{"line":207,"column":54},"end":{"line":207,"column":null}}]},"14":{"loc":{"start":{"line":208,"column":30},"end":{"line":208,"column":null}},"type":"binary-expr","locations":[{"start":{"line":208,"column":30},"end":{"line":208,"column":58}},{"start":{"line":208,"column":58},"end":{"line":208,"column":null}}]},"15":{"loc":{"start":{"line":209,"column":30},"end":{"line":209,"column":null}},"type":"binary-expr","locations":[{"start":{"line":209,"column":30},"end":{"line":209,"column":54}},{"start":{"line":209,"column":54},"end":{"line":209,"column":null}}]},"16":{"loc":{"start":{"line":210,"column":30},"end":{"line":210,"column":null}},"type":"binary-expr","locations":[{"start":{"line":210,"column":30},"end":{"line":210,"column":55}},{"start":{"line":210,"column":55},"end":{"line":210,"column":null}}]},"17":{"loc":{"start":{"line":220,"column":25},"end":{"line":220,"column":44}},"type":"binary-expr","locations":[{"start":{"line":220,"column":25},"end":{"line":220,"column":44}}]},"18":{"loc":{"start":{"line":237,"column":34},"end":{"line":240,"column":null}},"type":"cond-expr","locations":[{"start":{"line":237,"column":59},"end":{"line":237,"column":null}},{"start":{"line":238,"column":26},"end":{"line":240,"column":null}}]},"19":{"loc":{"start":{"line":238,"column":26},"end":{"line":240,"column":null}},"type":"cond-expr","locations":[{"start":{"line":238,"column":57},"end":{"line":238,"column":null}},{"start":{"line":239,"column":26},"end":{"line":240,"column":null}}]},"20":{"loc":{"start":{"line":239,"column":26},"end":{"line":240,"column":null}},"type":"cond-expr","locations":[{"start":{"line":239,"column":54},"end":{"line":239,"column":null}},{"start":{"line":240,"column":26},"end":{"line":240,"column":null}}]},"21":{"loc":{"start":{"line":241,"column":32},"end":{"line":244,"column":null}},"type":"cond-expr","locations":[{"start":{"line":241,"column":55},"end":{"line":241,"column":null}},{"start":{"line":242,"column":26},"end":{"line":244,"column":null}}]},"22":{"loc":{"start":{"line":242,"column":26},"end":{"line":244,"column":null}},"type":"cond-expr","locations":[{"start":{"line":242,"column":49},"end":{"line":242,"column":null}},{"start":{"line":243,"column":26},"end":{"line":244,"column":null}}]},"23":{"loc":{"start":{"line":243,"column":26},"end":{"line":244,"column":null}},"type":"cond-expr","locations":[{"start":{"line":243,"column":51},"end":{"line":243,"column":null}},{"start":{"line":244,"column":26},"end":{"line":244,"column":null}}]},"24":{"loc":{"start":{"line":279,"column":7},"end":{"line":279,"column":null}},"type":"binary-expr","locations":[{"start":{"line":279,"column":7},"end":{"line":279,"column":42}},{"start":{"line":279,"column":42},"end":{"line":279,"column":null}}]}},"s":{"0":0,"1":0,"2":0,"3":0,"4":0,"5":0,"6":0,"7":0,"8":0,"9":0,"10":0,"11":0,"12":0,"13":0,"14":0,"15":0,"16":0,"17":0,"18":0,"19":0,"20":0,"21":0,"22":0,"23":0,"24":0,"25":0,"26":0,"27":0,"28":0,"29":0,"30":0,"31":0,"32":0,"33":0,"34":0,"35":0,"36":0,"37":0,"38":0,"39":0,"40":0,"41":0,"42":0,"43":0,"44":0},"f":{"0":0,"1":0,"2":0,"3":0,"4":0,"5":0,"6":0,"7":0,"8":0,"9":0,"10":0,"11":0,"12":0},"b":{"0":[0,0],"1":[0,0],"2":[0,0],"3":[0],"4":[0,0],"5":[0],"6":[0,0],"7":[0,0],"8":[0,0],"9":[0,0],"10":[0],"11":[0,0],"12":[0,0],"13":[0,0],"14":[0,0],"15":[0,0],"16":[0,0],"17":[0],"18":[0,0],"19":[0,0],"20":[0,0],"21":[0,0],"22":[0,0],"23":[0,0],"24":[0,0]}}
,"/Users/sraradhy/cisco/eti/sre/cnoe/ai-platform-engineering/ui/src/components/tech-stack.tsx": {"path":"/Users/sraradhy/cisco/eti/sre/cnoe/ai-platform-engineering/ui/src/components/tech-stack.tsx","statementMap":{"0":{"start":{"line":145,"column":16},"end":{"line":145,"column":32}},"1":{"start":{"line":3,"column":51},"end":{"line":3,"column":null}},"2":{"start":{"line":4,"column":40},"end":{"line":4,"column":null}},"3":{"start":{"line":5,"column":51},"end":{"line":5,"column":null}},"4":{"start":{"line":6,"column":23},"end":{"line":6,"column":null}},"5":{"start":{"line":7,"column":19},"end":{"line":7,"column":null}},"6":{"start":{"line":17,"column":30},"end":{"line":123,"column":null}},"7":{"start":{"line":125,"column":61},"end":{"line":131,"column":null}},"8":{"start":{"line":133,"column":61},"end":{"line":139,"column":null}},"9":{"start":{"line":146,"column":26},"end":{"line":146,"column":null}},"10":{"start":{"line":147,"column":19},"end":{"line":147,"column":null}},"11":{"start":{"line":150,"column":2},"end":{"line":160,"column":null}},"12":{"start":{"line":152,"column":6},"end":{"line":154,"column":null}},"13":{"start":{"line":153,"column":8},"end":{"line":153,"column":null}},"14":{"start":{"line":156,"column":4},"end":{"line":158,"column":null}},"15":{"start":{"line":157,"column":6},"end":{"line":157,"column":null}},"16":{"start":{"line":159,"column":4},"end":{"line":159,"column":null}},"17":{"start":{"line":159,"column":17},"end":{"line":159,"column":null}},"18":{"start":{"line":163,"column":18},"end":{"line":167,"column":null}},"19":{"start":{"line":164,"column":4},"end":{"line":164,"column":null}},"20":{"start":{"line":164,"column":29},"end":{"line":164,"column":null}},"21":{"start":{"line":165,"column":4},"end":{"line":165,"column":null}},"22":{"start":{"line":166,"column":4},"end":{"line":166,"column":null}},"23":{"start":{"line":169,"column":20},"end":{"line":169,"column":null}},"24":{"start":{"line":202,"column":31},"end":{"line":202,"column":null}},"25":{"start":{"line":211,"column":16},"end":{"line":212,"column":38}},"26":{"start":{"line":218,"column":24},"end":{"line":219,"column":null}},"27":{"start":{"line":271,"column":23},"end":{"line":271,"column":null}}},"fnMap":{"0":{"name":"TechStackButton","decl":{"start":{"line":145,"column":16},"end":{"line":145,"column":32}},"loc":{"start":{"line":145,"column":78},"end":{"line":303,"column":null}}},"1":{"name":"(anonymous_5)","decl":{"start":{"line":150,"column":12},"end":{"line":150,"column":null}},"loc":{"start":{"line":150,"column":12},"end":{"line":160,"column":5}}},"2":{"name":"handleClickOutside","decl":{"start":{"line":151,"column":13},"end":{"line":151,"column":32}},"loc":{"start":{"line":151,"column":49},"end":{"line":155,"column":null}}},"3":{"name":"(anonymous_7)","decl":{"start":{"line":159,"column":11},"end":{"line":159,"column":17}},"loc":{"start":{"line":159,"column":17},"end":{"line":159,"column":null}}},"4":{"name":"(anonymous_8)","decl":{"start":{"line":163,"column":35},"end":{"line":163,"column":36}},"loc":{"start":{"line":163,"column":41},"end":{"line":167,"column":5}}},"5":{"name":"(anonymous_9)","decl":{"start":{"line":202,"column":25},"end":{"line":202,"column":31}},"loc":{"start":{"line":202,"column":31},"end":{"line":202,"column":null}}},"6":{"name":"(anonymous_10)","decl":{"start":{"line":210,"column":91},"end":{"line":210,"column":92}},"loc":{"start":{"line":211,"column":16},"end":{"line":212,"column":38}}},"7":{"name":"(anonymous_11)","decl":{"start":{"line":217,"column":45},"end":{"line":217,"column":46}},"loc":{"start":{"line":218,"column":24},"end":{"line":219,"column":null}}},"8":{"name":"(anonymous_12)","decl":{"start":{"line":271,"column":17},"end":{"line":271,"column":23}},"loc":{"start":{"line":271,"column":23},"end":{"line":271,"column":null}}}},"branchMap":{"0":{"loc":{"start":{"line":145,"column":34},"end":{"line":145,"column":54}},"type":"default-arg","locations":[{"start":{"line":145,"column":44},"end":{"line":145,"column":54}}]},"1":{"loc":{"start":{"line":152,"column":6},"end":{"line":154,"column":null}},"type":"if","locations":[{"start":{"line":152,"column":6},"end":{"line":154,"column":null}},{"start":{},"end":{}}]},"2":{"loc":{"start":{"line":152,"column":10},"end":{"line":152,"column":80}},"type":"binary-expr","locations":[{"start":{"line":152,"column":10},"end":{"line":152,"column":26}},{"start":{"line":152,"column":30},"end":{"line":152,"column":80}}]},"3":{"loc":{"start":{"line":156,"column":4},"end":{"line":158,"column":null}},"type":"if","locations":[{"start":{"line":156,"column":4},"end":{"line":158,"column":null}},{"start":{},"end":{}}]},"4":{"loc":{"start":{"line":164,"column":4},"end":{"line":164,"column":null}},"type":"if","locations":[{"start":{"line":164,"column":4},"end":{"line":164,"column":null}},{"start":{},"end":{}}]},"5":{"loc":{"start":{"line":172,"column":31},"end":{"line":172,"column":82}},"type":"cond-expr","locations":[{"start":{"line":172,"column":43},"end":{"line":172,"column":56}},{"start":{"line":172,"column":56},"end":{"line":172,"column":82}}]},"6":{"loc":{"start":{"line":174,"column":9},"end":{"line":174,"column":null}},"type":"binary-expr","locations":[{"start":{"line":174,"column":9},"end":{"line":174,"column":null}}]},"7":{"loc":{"start":{"line":176,"column":38},"end":{"line":176,"column":60}},"type":"cond-expr","locations":[{"start":{"line":176,"column":50},"end":{"line":176,"column":56}},{"start":{"line":176,"column":56},"end":{"line":176,"column":60}}]},"8":{"loc":{"start":{"line":178,"column":35},"end":{"line":178,"column":57}},"type":"cond-expr","locations":[{"start":{"line":178,"column":47},"end":{"line":178,"column":53}},{"start":{"line":178,"column":53},"end":{"line":178,"column":57}}]},"9":{"loc":{"start":{"line":182,"column":14},"end":{"line":184,"column":null}},"type":"cond-expr","locations":[{"start":{"line":183,"column":18},"end":{"line":183,"column":null}},{"start":{"line":184,"column":18},"end":{"line":184,"column":null}}]},"10":{"loc":{"start":{"line":211,"column":16},"end":{"line":212,"column":38}},"type":"binary-expr","locations":[{"start":{"line":211,"column":16},"end":{"line":211,"column":33}},{"start":{"line":212,"column":18},"end":{"line":212,"column":38}}]},"11":{"loc":{"start":{"line":274,"column":10},"end":{"line":285,"column":null}},"type":"cond-expr","locations":[{"start":{"line":275,"column":14},"end":{"line":279,"column":null}},{"start":{"line":281,"column":14},"end":{"line":285,"column":null}}]},"12":{"loc":{"start":{"line":277,"column":16},"end":{"line":279,"column":null}},"type":"cond-expr","locations":[{"start":{"line":278,"column":20},"end":{"line":278,"column":null}},{"start":{"line":279,"column":20},"end":{"line":279,"column":null}}]},"13":{"loc":{"start":{"line":283,"column":16},"end":{"line":285,"column":null}},"type":"cond-expr","locations":[{"start":{"line":284,"column":20},"end":{"line":284,"column":null}},{"start":{"line":285,"column":20},"end":{"line":285,"column":null}}]},"14":{"loc":{"start":{"line":288,"column":29},"end":{"line":288,"column":50}},"type":"cond-expr","locations":[{"start":{"line":288,"column":41},"end":{"line":288,"column":45}},{"start":{"line":288,"column":45},"end":{"line":288,"column":50}}]},"15":{"loc":{"start":{"line":293,"column":10},"end":{"line":293,"column":null}},"type":"cond-expr","locations":[{"start":{"line":293,"column":22},"end":{"line":293,"column":38}},{"start":{"line":293,"column":38},"end":{"line":293,"column":null}}]},"16":{"loc":{"start":{"line":295,"column":47},"end":{"line":295,"column":null}},"type":"cond-expr","locations":[{"start":{"line":295,"column":59},"end":{"line":295,"column":68}},{"start":{"line":295,"column":68},"end":{"line":295,"column":null}}]},"17":{"loc":{"start":{"line":298,"column":10},"end":{"line":298,"column":null}},"type":"cond-expr","locations":[{"start":{"line":298,"column":18},"end":{"line":298,"column":60}},{"start":{"line":298,"column":60},"end":{"line":298,"column":null}}]},"18":{"loc":{"start":{"line":298,"column":18},"end":{"line":298,"column":60}},"type":"cond-expr","locations":[{"start":{"line":298,"column":30},"end":{"line":298,"column":43}},{"start":{"line":298,"column":43},"end":{"line":298,"column":60}}]},"19":{"loc":{"start":{"line":298,"column":60},"end":{"line":298,"column":null}},"type":"cond-expr","locations":[{"start":{"line":298,"column":72},"end":{"line":298,"column":87}},{"start":{"line":298,"column":87},"end":{"line":298,"column":null}}]}},"s":{"0":0,"1":0,"2":0,"3":0,"4":0,"5":0,"6":0,"7":0,"8":0,"9":0,"10":0,"11":0,"12":0,"13":0,"14":0,"15":0,"16":0,"17":0,"18":0,"19":0,"20":0,"21":0,"22":0,"23":0,"24":0,"25":0,"26":0,"27":0},"f":{"0":0,"1":0,"2":0,"3":0,"4":0,"5":0,"6":0,"7":0,"8":0},"b":{"0":[0],"1":[0,0],"2":[0,0],"3":[0,0],"4":[0,0],"5":[0,0],"6":[0],"7":[0,0],"8":[0,0],"9":[0,0],"10":[0,0],"11":[0,0],"12":[0,0],"13":[0,0],"14":[0,0],"15":[0,0],"16":[0,0],"17":[0,0],"18":[0,0],"19":[0,0]}}
,"/Users/sraradhy/cisco/eti/sre/cnoe/ai-platform-engineering/ui/src/components/theme-provider.tsx": {"path":"/Users/sraradhy/cisco/eti/sre/cnoe/ai-platform-engineering/ui/src/components/theme-provider.tsx","statementMap":{"0":{"start":{"line":7,"column":16},"end":{"line":7,"column":30}},"1":{"start":{"line":3,"column":23},"end":{"line":3,"column":null}},"2":{"start":{"line":4,"column":52},"end":{"line":4,"column":null}}},"fnMap":{"0":{"name":"ThemeProvider","decl":{"start":{"line":7,"column":16},"end":{"line":7,"column":30}},"loc":{"start":{"line":7,"column":72},"end":{"line":9,"column":null}}}},"branchMap":{},"s":{"0":0,"1":0,"2":0},"f":{"0":0},"b":{}}
[...]
}},"38":{"name":"(anonymous_39)","decl":{"start":{"line":307,"column":29},"end":{"line":307,"column":null}},"loc":{"start":{"line":307,"column":29},"end":{"line":310,"column":null}}},"39":{"name":"(anonymous_40)","decl":{"start":{"line":309,"column":40},"end":{"line":309,"column":41}},"loc":{"start":{"line":309,"column":47},"end":{"line":309,"column":82}}},"40":{"name":"(anonymous_41)","decl":{"start":{"line":312,"column":29},"end":{"line":312,"column":30}},"loc":{"start":{"line":312,"column":57},"end":{"line":326,"column":null}}},"41":{"name":"(anonymous_42)","decl":{"start":{"line":313,"column":12},"end":{"line":313,"column":13}},"loc":{"start":{"line":313,"column":24},"end":{"line":325,"column":null}}},"42":{"name":"(anonymous_43)","decl":{"start":{"line":314,"column":49},"end":{"line":314,"column":50}},"loc":{"start":{"line":315,"column":12},"end":{"line":323,"column":null}}},"43":{"name":"(anonymous_44)","decl":{"start":{"line":318,"column":46},"end":{"line":318,"column":47}},"loc":{"start":{"line":319,"column":20},"end":{"line":319,"column":null}}},"44":{"name":"(anonymous_45)","decl":{"start":{"line":328,"column":25},"end":{"line":328,"column":26}},"loc":{"start":{"line":328,"column":26},"end":{"line":330,"column":null}}},"45":{"name":"(anonymous_46)","decl":{"start":{"line":332,"column":29},"end":{"line":332,"column":null}},"loc":{"start":{"line":332,"column":29},"end":{"line":339,"column":null}}},"46":{"name":"(anonymous_47)","decl":{"start":{"line":342,"column":23},"end":{"line":342,"column":24}},"loc":{"start":{"line":342,"column":40},"end":{"line":352,"column":null}}},"47":{"name":"(anonymous_48)","decl":{"start":{"line":343,"column":12},"end":{"line":343,"column":13}},"loc":{"start":{"line":343,"column":13},"end":{"line":351,"column":null}}},"48":{"name":"(anonymous_49)","decl":{"start":{"line":354,"column":25},"end":{"line":354,"column":26}},"loc":{"start":{"line":354,"column":26},"end":{"line":359,"column":null}}},"49":{"name":"(anonymous_50)","decl":{"start":{"line":361,"column":29},"end":{"line":361,"column":30}},"loc":{"start":{"line":361,"column":30},"end":{"line":381,"column":null}}},"50":{"name":"(anonymous_51)","decl":{"start":{"line":366,"column":46},"end":{"line":366,"column":47}},"loc":{"start":{"line":366,"column":53},"end":{"line":366,"column":null}}},"51":{"name":"(anonymous_52)","decl":{"start":{"line":372,"column":69},"end":{"line":372,"column":70}},"loc":{"start":{"line":372,"column":76},"end":{"line":372,"column":null}}},"52":{"name":"(anonymous_53)","decl":{"start":{"line":378,"column":10},"end":{"line":378,"column":11}},"loc":{"start":{"line":378,"column":17},"end":{"line":378,"column":null}}},"53":{"name":"(anonymous_54)","decl":{"start":{"line":383,"column":27},"end":{"line":383,"column":null}},"loc":{"start":{"line":383,"column":27},"end":{"line":387,"column":null}}},"54":{"name":"(anonymous_55)","decl":{"start":{"line":389,"column":20},"end":{"line":389,"column":21}},"loc":{"start":{"line":389,"column":21},"end":{"line":402,"column":null}}},"55":{"name":"(anonymous_56)","decl":{"start":{"line":394,"column":46},"end":{"line":394,"column":47}},"loc":{"start":{"line":394,"column":53},"end":{"line":394,"column":null}}},"56":{"name":"(anonymous_57)","decl":{"start":{"line":399,"column":31},"end":{"line":399,"column":32}},"loc":{"start":{"line":399,"column":38},"end":{"line":399,"column":67}}},"57":{"name":"(anonymous_58)","decl":{"start":{"line":399,"column":73},"end":{"line":399,"column":74}},"loc":{"start":{"line":399,"column":80},"end":{"line":399,"column":88}}},"58":{"name":"(anonymous_59)","decl":{"start":{"line":404,"column":27},"end":{"line":404,"column":28}},"loc":{"start":{"line":404,"column":28},"end":{"line":422,"column":null}}},"59":{"name":"(anonymous_60)","decl":{"start":{"line":409,"column":46},"end":{"line":409,"column":47}},"loc":{"start":{"line":409,"column":53},"end":{"line":409,"column":null}}},"60":{"name":"(anonymous_61)","decl":{"start":{"line":417,"column":18},"end":{"line":417,"column":19}},"loc":{"start":{"line":417,"column":25},"end":{"line":417,"column":54}}},"61":{"name":"(anonymous_62)","decl":{"start":{"line":418,"column":15},"end":{"line":418,"column":16}},"loc":{"start":{"line":418,"column":22},"end":{"line":418,"column":30}}},"62":{"name":"(anonymous_63)","decl":{"start":{"line":426,"column":33},"end":{"line":426,"column":39}},"loc":{"start":{"line":426,"column":39},"end":{"line":426,"column":null}}},"63":{"name":"(anonymous_64)","decl":{"start":{"line":429,"column":18},"end":{"line":429,"column":19}},"loc":{"start":{"line":429,"column":30},"end":{"line":443,"column":null}}},"64":{"name":"(anonymous_65)","decl":{"start":{"line":430,"column":47},"end":{"line":430,"column":48}},"loc":{"start":{"line":430,"column":58},"end":{"line":439,"column":null}}},"65":{"name":"(anonymous_66)","decl":{"start":{"line":435,"column":38},"end":{"line":435,"column":39}},"loc":{"start":{"line":435,"column":48},"end":{"line":438,"column":null}}},"66":{"name":"(anonymous_67)","decl":{"start":{"line":445,"column":26},"end":{"line":445,"column":32}},"loc":{"start":{"line":445,"column":32},"end":{"line":468,"column":null}}},"67":{"name":"(anonymous_68)","decl":{"start":{"line":445,"column":32},"end":{"line":445,"column":33}},"loc":{"start":{"line":445,"column":33},"end":{"line":468,"column":null}}},"68":{"name":"(anonymous_69)","decl":{"start":{"line":449,"column":56},"end":{"line":449,"column":57}},"loc":{"start":{"line":449,"column":67},"end":{"line":459,"column":null}}},"69":{"name":"(anonymous_70)","decl":{"start":{"line":454,"column":40},"end":{"line":454,"column":41}},"loc":{"start":{"line":454,"column":50},"end":{"line":458,"column":null}}}},"branchMap":{"0":{"loc":{"start":{"line":99,"column":8},"end":{"line":101,"column":null}},"type":"if","locations":[{"start":{"line":99,"column":8},"end":{"line":101,"column":null}},{"start":{},"end":{}}]},"1":{"loc":{"start":{"line":99,"column":12},"end":{"line":99,"column":48}},"type":"binary-expr","locations":[{"start":{"line":99,"column":12},"end":{"line":99,"column":39}},{"start":{"line":99,"column":39},"end":{"line":99,"column":48}}]},"2":{"loc":{"start":{"line":114,"column":10},"end":{"line":117,"column":null}},"type":"if","locations":[{"start":{"line":114,"column":10},"end":{"line":117,"column":null}},{"start":{},"end":{}}]},"3":{"loc":{"start":{"line":114,"column":14},"end":{"line":114,"column":56}},"type":"binary-expr","locations":[{"start":{"line":114,"column":14},"end":{"line":114,"column":41}},{"start":{"line":114,"column":41},"end":{"line":114,"column":56}}]},"4":{"loc":{"start":{"line":121,"column":14},"end":{"line":130,"column":null}},"type":"cond-expr","locations":[{"start":{"line":122,"column":18},"end":{"line":129,"column":null}},{"start":{"line":130,"column":18},"end":{"line":130,"column":null}}]},"5":{"loc":{"start":{"line":126,"column":27},"end":{"line":128,"column":34}},"type":"cond-expr","locations":[{"start":{"line":127,"column":24},"end":{"line":127,"column":null}},{"start":{"line":128,"column":24},"end":{"line":128,"column":34}}]},"6":{"loc":{"start":{"line":126,"column":27},"end":{"line":126,"column":null}},"type":"binary-expr","locations":[{"start":{"line":126,"column":27},"end":{"line":126,"column":57}},{"start":{"line":126,"column":57},"end":{"line":126,"column":null}}]},"7":{"loc":{"start":{"line":142,"column":12},"end":{"line":150,"column":null}},"type":"cond-expr","locations":[{"start":{"line":143,"column":16},"end":{"line":149,"column":null}},{"start":{"line":150,"column":16},"end":{"line":150,"column":null}}]},"8":{"loc":{"start":{"line":146,"column":20},"end":{"line":146,"column":null}},"type":"cond-expr","locations":[{"start":{"line":146,"column":43},"end":{"line":146,"column":68}},{"start":{"line":146,"column":68},"end":{"line":146,"column":null}}]},"9":{"loc":{"start":{"line":158,"column":12},"end":{"line":167,"column":null}},"type":"cond-expr","locations":[{"start":{"line":159,"column":16},"end":{"line":166,"column":null}},{"start":{"line":167,"column":16},"end":{"line":167,"column":null}}]},"10":{"loc":{"start":{"line":162,"column":20},"end":{"line":164,"column":null}},"type":"cond-expr","locations":[{"start":{"line":163,"column":24},"end":{"line":163,"column":null}},{"start":{"line":164,"column":24},"end":{"line":164,"column":null}}]},"11":{"loc":{"start":{"line":175,"column":12},"end":{"line":184,"column":null}},"type":"cond-expr","locations":[{"start":{"line":176,"column":16},"end":{"line":183,"column":null}},{"start":{"line":184,"column":16},"end":{"line":184,"column":null}}]},"12":{"loc":{"start":{"line":179,"column":20},"end":{"line":181,"column":null}},"type":"cond-expr","locations":[{"start":{"line":180,"column":24},"end":{"line":180,"column":null}},{"start":{"line":181,"column":24},"end":{"line":181,"column":null}}]},"13":{"loc":{"start":{"line":196,"column":10},"end":{"line":202,"column":null}},"type":"if","locations":[{"start":{"line":196,"column":10},"end":{"line":202,"column":null}},{"start":{"line":199,"column":17},"end":{"line":202,"column":null}}]},"14":{"loc":{"start":{"line":220,"column":8},"end":{"line":237,"column":null}},"type":"if","locations":[{"start":{"line":220,"column":8},"end":{"line":237,"column":null}},{"start":{},"end":{}}]},"15":{"loc":{"start":{"line":233,"column":10},"end":{"line":236,"column":null}},"type":"if","locations":[{"start":{"line":233,"column":10},"end":{"line":236,"column":null}},{"start":{},"end":{}}]},"16":{"loc":{"start":{"line":233,"column":14},"end":{"line":233,"column":33}},"type":"binary-expr","locations":[{"start":{"line":233,"column":14},"end":{"line":233,"column":21}},{"start":{"line":233,"column":21},"end":{"line":233,"column":33}}]},"17":{"loc":{"start":{"line":241,"column":23},"end":{"line":241,"column":67}},"type":"binary-expr","locations":[{"start":{"line":241,"column":23},"end":{"line":241,"column":41}},{"start":{"line":241,"column":41},"end":{"line":241,"column":67}}]},"18":{"loc":{"start":{"line":247,"column":10},"end":{"line":256,"column":null}},"type":"if","locations":[{"start":{"line":247,"column":10},"end":{"line":256,"column":null}},{"start":{},"end":{}}]},"19":{"loc":{"start":{"line":251,"column":16},"end":{"line":253,"column":null}},"type":"cond-expr","locations":[{"start":{"line":252,"column":20},"end":{"line":252,"column":null}},{"start":{"line":253,"column":20},"end":{"line":253,"column":null}}]},"20":{"loc":{"start":{"line":263,"column":8},"end":{"line":275,"column":null}},"type":"if","locations":[{"start":{"line":263,"column":8},"end":{"line":275,"column":null}},{"start":{"line":272,"column":15},"end":{"line":275,"column":null}}]},"21":{"loc":{"start":{"line":267,"column":14},"end":{"line":269,"column":null}},"type":"cond-expr","locations":[{"start":{"line":268,"column":18},"end":{"line":268,"column":null}},{"start":{"line":269,"column":18},"end":{"line":269,"column":null}}]},"22":{"loc":{"start":{"line":280,"column":15},"end":{"line":280,"column":36}},"type":"binary-expr","locations":[{"start":{"line":280,"column":15},"end":{"line":280,"column":34}},{"start":{"line":280,"column":34},"end":{"line":280,"column":36}}]},"23":{"loc":{"start":{"line":290,"column":34},"end":{"line":292,"column":42}},"type":"cond-expr","locations":[{"start":{"line":291,"column":16},"end":{"line":291,"column":null}},{"start":{"line":292,"column":16},"end":{"line":292,"column":42}}]},"24":{"loc":{"start":{"line":291,"column":16},"end":{"line":291,"column":null}},"type":"binary-expr","locations":[{"start":{"line":291,"column":16},"end":{"line":291,"column":43}},{"start":{"line":291,"column":43},"end":{"line":291,"column":null}}]},"25":{"loc":{"start":{"line":294,"column":23},"end":{"line":294,"column":67}},"type":"cond-expr","locations":[{"start":{"line":294,"column":47},"end":{"line":294,"column":49}},{"start":{"line":294,"column":52},"end":{"line":294,"column":67}}]},"26":{"loc":{"start":{"line":315,"column":12},"end":{"line":323,"column":null}},"type":"cond-expr","locations":[{"start":{"line":316,"column":16},"end":{"line":322,"column":null}},{"start":{"line":323,"column":16},"end":{"line":323,"column":null}}]},"27":{"loc":{"start":{"line":319,"column":20},"end":{"line":319,"column":null}},"type":"cond-expr","locations":[{"start":{"line":319,"column":43},"end":{"line":319,"column":66}},{"start":{"line":319,"column":66},"end":{"line":319,"column":null}}]},"28":{"loc":{"start":{"line":335,"column":8},"end":{"line":337,"column":null}},"type":"if","locations":[{"start":{"line":335,"column":8},"end":{"line":337,"column":null}},{"start":{},"end":{}}]},"29":{"loc":{"start":{"line":345,"column":10},"end":{"line":349,"column":null}},"type":"if","locations":[{"start":{"line":345,"column":10},"end":{"line":349,"column":null}},{"start":{"line":347,"column":17},"end":{"line":349,"column":null}}]},"30":{"loc":{"start":{"line":356,"column":23},"end":{"line":356,"column":67}},"type":"binary-expr","locations":[{"start":{"line":356,"column":23},"end":{"line":356,"column":41}},{"start":{"line":356,"column":41},"end":{"line":356,"column":67}}]},"31":{"loc":{"start":{"line":357,"column":8},"end":{"line":357,"column":null}},"type":"if","locations":[{"start":{"line":357,"column":8},"end":{"line":357,"column":null}},{"start":{},"end":{}}]},"32":{"loc":{"start":{"line":358,"column":15},"end":{"line":358,"column":null}},"type":"binary-expr","locations":[{"start":{"line":358,"column":15},"end":{"line":358,"column":52}},{"start":{"line":358,"column":52},"end":{"line":358,"column":null}}]},"33":{"loc":{"start":{"line":363,"column":23},"end":{"line":363,"column":67}},"type":"binary-expr","locations":[{"start":{"line":363,"column":23},"end":{"line":363,"column":41}},{"start":{"line":363,"column":41},"end":{"line":363,"column":67}}]},"34":{"loc":{"start":{"line":364,"column":8},"end":{"line":364,"column":null}},"type":"if","locations":[{"start":{"line":364,"column":8},"end":{"line":364,"column":null}},{"start":{},"end":{}}]},"35":{"loc":{"start":{"line":367,"column":8},"end":{"line":367,"column":null}},"type":"if","locations":[{"start":{"line":367,"column":8},"end":{"line":367,"column":null}},{"start":{},"end":{}}]},"36":{"loc":{"start":{"line":370,"column":8},"end":{"line":374,"column":null}},"type":"if","locations":[{"start":{"line":370,"column":8},"end":{"line":374,"column":null}},{"start":{},"end":{}}]},"37":{"loc":{"start":{"line":373,"column":17},"end":{"line":373,"column":47}},"type":"binary-expr","locations":[{"start":{"line":373,"column":17},"end":{"line":373,"column":45}},{"start":{"line":373,"column":45},"end":{"line":373,"column":47}}]},"38":{"loc":{"start":{"line":378,"column":17},"end":{"line":378,"column":null}},"type":"binary-expr","locations":[{"start":{"line":378,"column":17},"end":{"line":378,"column":43}},{"start":{"line":378,"column":43},"end":{"line":378,"column":null}}]},"39":{"loc":{"start":{"line":380,"column":15},"end":{"line":380,"column":45}},"type":"binary-expr","locations":[{"start":{"line":380,"column":15},"end":{"line":380,"column":43}},{"start":{"line":380,"column":43},"end":{"line":380,"column":45}}]},"40":{"loc":{"start":{"line":391,"column":23},"end":{"line":391,"column":67}},"type":"binary-expr","locations":[{"start":{"line":391,"column":23},"end":{"line":391,"column":41}},{"start":{"line":391,"column":41},"end":{"line":391,"column":67}}]},"41":{"loc":{"start":{"line":392,"column":8},"end":{"line":392,"column":null}},"type":"if","locations":[{"start":{"line":392,"column":8},"end":{"line":392,"column":null}},{"start":{},"end":{}}]},"42":{"loc":{"start":{"line":395,"column":8},"end":{"line":395,"column":null}},"type":"if","locations":[{"start":{"line":395,"column":8},"end":{"line":395,"column":null}},{"start":{},"end":{}}]},"43":{"loc":{"start":{"line":399,"column":38},"end":{"line":399,"column":67}},"type":"binary-expr","locations":[{"start":{"line":399,"column":38},"end":{"line":399,"column":59}},{"start":{"line":399,"column":59},"end":{"line":399,"column":67}}]},"44":{"loc":{"start":{"line":406,"column":23},"end":{"line":406,"column":67}},"type":"binary-expr","locations":[{"start":{"line":406,"column":23},"end":{"line":406,"column":41}},{"start":{"line":406,"column":41},"end":{"line":406,"column":67}}]},"45":{"loc":{"start":{"line":407,"column":8},"end":{"line":407,"column":null}},"type":"if","locations":[{"start":{"line":407,"column":8},"end":{"line":407,"column":null}},{"start":{},"end":{}}]},"46":{"loc":{"start":{"line":410,"column":8},"end":{"line":410,"column":null}},"type":"if","locations":[{"start":{"line":410,"column":8},"end":{"line":410,"column":null}},{"start":{},"end":{}}]},"47":{"loc":{"start":{"line":413,"column":8},"end":{"line":413,"column":null}},"type":"if","locations":[{"start":{"line":413,"column":8},"end":{"line":413,"column":null}},{"start":{},"end":{}}]},"48":{"loc":{"start":{"line":417,"column":25},"end":{"line":417,"column":54}},"type":"binary-expr","locations":[{"start":{"line":417,"column":25},"end":{"line":417,"column":46}},{"start":{"line":417,"column":46},"end":{"line":417,"column":54}}]},"49":{"loc":{"start":{"line":421,"column":15},"end":{"line":421,"column":null}},"type":"cond-expr","locations":[{"start":{"line":421,"column":30},"end":{"line":421,"column":44}},{"start":{"line":421,"column":47},"end":{"line":421,"column":null}}]},"50":{"loc":{"start":{"line":446,"column":8},"end":{"line":467,"column":null}},"type":"if","locations":[{"start":{"line":446,"column":8},"end":{"line":467,"column":null}},{"start":{},"end":{}}]},"51":{"loc":{"start":{"line":466,"column":42},"end":{"line":466,"column":59}},"type":"binary-expr","locations":[{"start":{"line":466,"column":42},"end":{"line":466,"column":57}},{"start":{"line":466,"column":57},"end":{"line":466,"column":59}}]}},"s":{"0":0,"1":0,"2":0,"3":0,"4":0,"5":0,"6":0,"7":0,"8":0,"9":0,"10":0,"11":0,"12":0,"13":0,"14":0,"15":0,"16":0,"17":0,"18":0,"19":0,"20":0,"21":0,"22":0,"23":0,"24":0,"25":0,"26":0,"27":0,"28":0,"29":0,"30":0,"31":0,"32":0,"33":0,"34":0,"35":0,"36":0,"37":0,"38":0,"39":0,"40":0,"41":0,"42":0,"43":0,"44":0,"45":0,"46":0,"47":0,"48":0,"49":0,"50":0,"51":0,"52":0,"53":0,"54":0,"55":0,"56":0,"57":0,"58":0,"59":0,"60":0,"61":0,"62":0,"63":0,"64":0,"65":0,"66":0,"67":0,"68":0,"69":0,"70":0,"71":0,"72":0,"73":0,"74":0,"75":0,"76":0,"77":0,"78":0,"79":0,"80":0,"81":0,"82":0,"83":0,"84":0,"85":0,"86":0,"87":0,"88":0,"89":0,"90":0,"91":0,"92":0,"93":0,"94":0,"95":0,"96":0,"97":0,"98":0,"99":0,"100":0,"101":0,"102":0,"103":0,"104":0,"105":0,"106":0,"107":0,"108":0,"109":0,"110":0,"111":0,"112":0,"113":0,"114":0,"115":0,"116":0,"117":0,"118":0,"119":0,"120":0,"121":0,"122":0,"123":0,"124":0,"125":0,"126":0,"127":0,"128":0,"129":0,"130":0,"131":0,"132":0,"133":0,"134":0,"135":0,"136":0,"137":0,"138":0,"139":0,"140":0,"141":0,"142":0,"143":0,"144":0,"145":0,"146":0,"147":0,"148":0,"149":0,"150":0,"151":0,"152":0,"153":0,"154":0,"155":0,"156":0,"157":0,"158":0,"159":0,"160":0,"161":0,"162":0,"163":0,"164":0,"165":0},"f":{"0":0,"1":0,"2":0,"3":0,"4":0,"5":0,"6":0,"7":0,"8":0,"9":0,"10":0,"11":0,"12":0,"13":0,"14":0,"15":0,"16":0,"17":0,"18":0,"19":0,"20":0,"21":0,"22":0,"23":0,"24":0,"25":0,"26":0,"27":0,"28":0,"29":0,"30":0,"31":0,"32":0,"33":0,"34":0,"35":0,"36":0,"37":0,"38":0,"39":0,"40":0,"41":0,"42":0,"43":0,"44":0,"45":0,"46":0,"47":0,"48":0,"49":0,"50":0,"51":0,"52":0,"53":0,"54":0,"55":0,"56":0,"57":0,"58":0,"59":0,"60":0,"61":0,"62":0,"63":0,"64":0,"65":0,"66":0,"67":0,"68":0,"69":0},"b":{"0":[0,0],"1":[0,0],"2":[0,0],"3":[0,0],"4":[0,0],"5":[0,0],"6":[0,0],"7":[0,0],"8":[0,0],"9":[0,0],"10":[0,0],"11":[0,0],"12":[0,0],"13":[0,0],"14":[0,0],"15":[0,0],"16":[0,0],"17":[0,0],"18":[0,0],"19":[0,0],"20":[0,0],"21":[0,0],"22":[0,0],"23":[0,0],"24":[0,0],"25":[0,0],"26":[0,0],"27":[0,0],"28":[0,0],"29":[0,0],"30":[0,0],"31":[0,0],"32":[0,0],"33":[0,0],"34":[0,0],"35":[0,0],"36":[0,0],"37":[0,0],"38":[0,0],"39":[0,0],"40":[0,0],"41":[0,0],"42":[0,0],"43":[0,0],"44":[0,0],"45":[0,0],"46":[0,0],"47":[0,0],"48":[0,0],"49":[0,0],"50":[0,0],"51":[0,0]}}
}
