TN:
SF:src/app/layout.tsx
FN:60,RootLayout
FNF:1
FNH:0
FNDA:0,RootLayout
DA:2,0
DA:3,0
DA:4,0
DA:5,0
DA:6,0
DA:7,0
DA:10,0
DA:18,0
DA:26,0
DA:35,0
DA:42,0
DA:60,0
LF:12
LH:0
BRF:0
BRH:0
end_of_record
TN:
SF:src/app/page.tsx
FN:34,HomePage
FN:51,(anonymous_5)
FN:82,(anonymous_6)
FN:94,(anonymous_7)
FN:105,(anonymous_8)
FN:247,(anonymous_9)
FN:247,(anonymous_10)
FN:269,Home
FNF:8
FNH:0
FNDA:0,HomePage
FNDA:0,(anonymous_5)
FNDA:0,(anonymous_6)
FNDA:0,(anonymous_7)
FNDA:0,(anonymous_8)
FNDA:0,(anonymous_9)
FNDA:0,(anonymous_10)
FNDA:0,Home
DA:3,0
DA:4,0
DA:11,0
DA:12,0
DA:13,0
DA:14,0
DA:15,0
DA:16,0
DA:17,0
DA:18,0
DA:19,0
DA:20,0
DA:21,0
DA:22,0
DA:23,0
DA:24,0
DA:25,0
DA:26,0
DA:32,0
DA:36,0
DA:37,0
DA:38,0
DA:39,0
DA:40,0
DA:41,0
DA:42,0
DA:45,0
DA:48,0
DA:50,0
DA:52,0
DA:53,0
DA:55,0
DA:56,0
DA:82,0
DA:94,0
DA:105,0
DA:247,0
DA:269,0
LF:38
LH:0
BRDA:85,0,0,0
BRDA:85,0,1,0
BRDA:97,1,0,0
BRDA:97,1,1,0
BRDA:108,2,0,0
BRDA:108,2,1,0
BRDA:133,3,0,0
BRDA:133,3,1,0
BRDA:134,4,0,0
BRDA:134,4,1,0
BRDA:135,5,0,0
BRDA:135,5,1,0
BRDA:139,6,0,0
BRDA:143,7,0,0
BRDA:143,7,1,0
BRDA:144,8,0,0
BRDA:144,8,1,0
BRDA:145,9,0,0
BRDA:145,9,1,0
BRDA:148,10,0,0
BRDA:148,10,1,0
BRDA:148,11,0,0
BRDA:148,11,1,0
BRDA:198,12,0,0
BRDA:220,13,0,0
BRDA:231,14,0,0
BRF:26
BRH:0
end_of_record
TN:
SF:src/app/api/auth/[...nextauth]/route.ts
FNF:0
FNH:0
DA:1,0
DA:2,0
DA:4,0
DA:6,0
LF:4
LH:0
BRF:0
BRH:0
end_of_record
TN:
SF:src/app/api/health/route.ts
FN:3,GET
FNF:1
FNH:0
FNDA:0,GET
DA:1,0
DA:3,0
DA:4,0
LF:3
LH:0
BRF:0
BRH:0
end_of_record
TN:
SF:src/app/api/rag/[...path]/route.ts
FN:14,getRagServerUrl
FN:20,GET
FN:31,(anonymous_6)
FN:54,POST
FN:105,DELETE
FN:116,(anonymous_9)
FNF:6
FNH:0
FNDA:0,getRagServerUrl
FNDA:0,GET
FNDA:0,(anonymous_6)
FNDA:0,POST
FNDA:0,DELETE
FNDA:0,(anonymous_9)
DA:1,0
DA:15,0
DA:20,0
DA:24,0
DA:25,0
DA:26,0
DA:27,0
DA:30,0
DA:31,0
DA:32,0
DA:35,0
DA:36,0
DA:43,0
DA:44,0
DA:46,0
DA:47,0
DA:54,0
DA:58,0
DA:59,0
DA:60,0
DA:61,0
DA:63,0
DA:65,0
DA:66,0
DA:67,0
DA:68,0
DA:69,0
DA:72,0
DA:76,0
DA:83,0
DA:84,0
DA:87,0
DA:90,0
DA:91,0
DA:94,0
DA:95,0
DA:97,0
DA:98,0
DA:105,0
DA:109,0
DA:110,0
DA:111,0
DA:112,0
DA:115,0
DA:116,0
DA:117,0
DA:120,0
DA:121,0
DA:128,0
DA:129,0
DA:132,0
DA:133,0
DA:135,0
DA:136,0
LF:54
LH:0
BRDA:15,0,0,0
BRDA:15,0,1,0
BRDA:15,0,2,0
BRDA:67,1,0,0
BRDA:67,1,1,0
BRDA:67,2,0,0
BRDA:67,2,1,0
BRDA:83,3,0,0
BRDA:83,3,1,0
BRDA:90,4,0,0
BRDA:90,4,1,0
BRDA:128,5,0,0
BRDA:128,5,1,0
BRF:13
BRH:0
end_of_record
TN:
SF:src/app/api/usecases/route.ts
FN:44,ensureDataDirectory
FN:53,readUseCasesFromFile
FN:67,writeUseCasesToFile
FN:75,getMongoClient
FN:87,(anonymous_12)
FN:101,saveUseCaseToMongoDB
FN:112,updateUseCaseInMongoDB
FN:126,getUseCasesFromMongoDB
FN:141,saveUseCase
FN:152,getAllUseCases
FN:161,updateUseCase
FN:167,(anonymous_19)
FN:180,POST
FN:234,GET
FN:255,PUT
FN:287,(anonymous_23)
FNF:16
FNH:0
FNDA:0,ensureDataDirectory
FNDA:0,readUseCasesFromFile
FNDA:0,writeUseCasesToFile
FNDA:0,getMongoClient
FNDA:0,(anonymous_12)
FNDA:0,saveUseCaseToMongoDB
FNDA:0,updateUseCaseInMongoDB
FNDA:0,getUseCasesFromMongoDB
FNDA:0,saveUseCase
FNDA:0,getAllUseCases
FNDA:0,updateUseCase
FNDA:0,(anonymous_19)
FNDA:0,POST
FNDA:0,GET
FNDA:0,PUT
FNDA:0,(anonymous_23)
DA:1,0
DA:2,0
DA:3,0
DA:37,0
DA:38,0
DA:39,0
DA:45,0
DA:46,0
DA:47,0
DA:49,0
DA:54,0
DA:55,0
DA:56,0
DA:57,0
DA:60,0
DA:61,0
DA:63,0
DA:68,0
DA:69,0
DA:76,0
DA:77,0
DA:80,0
DA:81,0
DA:84,0
DA:87,0
DA:88,0
DA:89,0
DA:90,0
DA:92,0
DA:93,0
DA:97,0
DA:102,0
DA:103,0
DA:104,0
DA:105,0
DA:106,0
DA:108,0
DA:113,0
DA:114,0
DA:115,0
DA:116,0
DA:117,0
DA:122,0
DA:127,0
DA:128,0
DA:129,0
DA:130,0
DA:131,0
DA:132,0
DA:134,0
DA:142,0
DA:143,0
DA:146,0
DA:147,0
DA:148,0
DA:153,0
DA:154,0
DA:157,0
DA:162,0
DA:163,0
DA:166,0
DA:167,0
DA:168,0
DA:169,0
DA:171,0
DA:176,0
DA:180,0
DA:181,0
DA:182,0
DA:185,0
DA:186,0
DA:192,0
DA:193,0
DA:200,0
DA:203,0
DA:210,0
DA:212,0
DA:221,0
DA:222,0
DA:234,0
DA:235,0
DA:236,0
DA:237,0
DA:239,0
DA:240,0
DA:255,0
DA:256,0
DA:257,0
DA:258,0
DA:260,0
DA:261,0
DA:267,0
DA:270,0
DA:271,0
DA:278,0
DA:279,0
DA:286,0
DA:287,0
DA:289,0
DA:290,0
DA:297,0
DA:299,0
DA:308,0
DA:309,0
LF:104
LH:0
BRDA:37,0,0,0
BRDA:37,0,1,0
BRDA:38,1,0,0
BRDA:38,1,1,0
BRDA:60,2,0,0
BRDA:60,2,1,0
BRDA:76,3,0,0
BRDA:76,3,1,0
BRDA:80,4,0,0
BRDA:80,4,1,0
BRDA:92,5,0,0
BRDA:92,5,1,0
BRDA:92,6,0,0
BRDA:92,6,1,0
BRDA:142,7,0,0
BRDA:142,7,1,0
BRDA:153,8,0,0
BRDA:153,8,1,0
BRDA:162,9,0,0
BRDA:162,9,1,0
BRDA:168,10,0,0
BRDA:168,10,1,0
BRDA:185,11,0,0
BRDA:185,11,1,0
BRDA:185,12,0,0
BRDA:185,12,1,0
BRDA:185,12,2,0
BRDA:185,12,3,0
BRDA:192,13,0,0
BRDA:192,13,1,0
BRDA:192,14,0,0
BRDA:192,14,1,0
BRDA:243,15,0,0
BRDA:243,15,1,0
BRDA:260,16,0,0
BRDA:260,16,1,0
BRDA:270,17,0,0
BRDA:270,17,1,0
BRDA:278,18,0,0
BRDA:278,18,1,0
BRDA:278,19,0,0
BRDA:278,19,1,0
BRDA:278,19,2,0
BRDA:289,20,0,0
BRDA:289,20,1,0
BRDA:312,21,0,0
BRDA:312,21,1,0
BRF:47
BRH:0
end_of_record
TN:
SF:src/app/login/page.tsx
FN:12,LoginContent
FN:22,(anonymous_5)
FN:28,(anonymous_6)
FN:170,LoginPage
FNF:4
FNH:0
FNDA:0,LoginContent
FNDA:0,(anonymous_5)
FNDA:0,(anonymous_6)
FNDA:0,LoginPage
DA:3,0
DA:4,0
DA:5,0
DA:6,0
DA:7,0
DA:8,0
DA:9,0
DA:10,0
DA:13,0
DA:14,0
DA:15,0
DA:16,0
DA:17,0
DA:18,0
DA:19,0
DA:22,0
DA:23,0
DA:24,0
DA:28,0
DA:29,0
DA:30,0
DA:31,0
DA:33,0
DA:34,0
DA:39,0
DA:170,0
LF:26
LH:0
BRDA:19,0,0,0
BRDA:19,0,1,0
BRDA:23,1,0,0
BRDA:23,1,1,0
BRDA:39,2,0,0
BRDA:39,2,1,0
BRDA:39,3,0,0
BRDA:39,3,1,0
BRDA:40,4,0,0
BRDA:40,4,1,0
BRDA:93,5,0,0
BRDA:112,6,0,0
BRDA:112,6,1,0
BRDA:124,7,0,0
BRDA:124,7,1,0
BRDA:125,8,0,0
BRDA:125,8,1,0
BRDA:126,9,0,0
BRDA:126,9,1,0
BRDA:127,10,0,0
BRDA:127,10,1,0
BRDA:128,11,0,0
BRDA:128,11,1,0
BRDA:129,12,0,0
BRDA:129,12,1,0
BRDA:143,13,0,0
BRDA:147,14,0,0
BRDA:147,14,1,0
BRF:28
BRH:0
end_of_record
TN:
SF:src/app/logout/page.tsx
FN:11,LogoutPage
FN:18,(anonymous_5)
FN:26,(anonymous_6)
FN:38,(anonymous_7)
FN:42,(anonymous_8)
FNF:5
FNH:0
FNDA:0,LogoutPage
FNDA:0,(anonymous_5)
FNDA:0,(anonymous_6)
FNDA:0,(anonymous_7)
FNDA:0,(anonymous_8)
DA:3,0
DA:4,0
DA:5,0
DA:6,0
DA:7,0
DA:8,0
DA:9,0
DA:11,0
DA:12,0
DA:13,0
DA:14,0
DA:15,0
DA:18,0
DA:19,0
DA:20,0
DA:21,0
DA:22,0
DA:26,0
DA:27,0
DA:28,0
DA:29,0
DA:30,0
DA:32,0
DA:34,0
DA:38,0
DA:39,0
DA:42,0
DA:43,0
LF:28
LH:0
BRDA:19,0,0,0
BRDA:19,0,1,0
BRDA:19,1,0,0
BRDA:19,1,1,0
BRDA:19,1,2,0
BRDA:21,2,0,0
BRDA:21,2,1,0
BRDA:96,3,0,0
BRDA:108,4,0,0
BRF:9
BRH:0
end_of_record
TN:
SF:src/app/unauthorized/page.tsx
FN:10,UnauthorizedPage
FN:73,(anonymous_3)
FNF:2
FNH:0
FNDA:0,UnauthorizedPage
FNDA:0,(anonymous_3)
DA:3,0
DA:4,0
DA:5,0
DA:6,0
DA:7,0
DA:8,0
DA:10,0
DA:73,0
LF:8
LH:0
BRF:0
BRH:0
end_of_record
TN:
SF:src/components/auth-guard.tsx
FN:21,AuthGuard
FN:28,(anonymous_2)
FN:33,(anonymous_3)
FNF:3
FNH:3
FNDA:35,AuthGuard
FNDA:15,(anonymous_2)
FNDA:30,(anonymous_3)
DA:3,1
DA:4,1
DA:5,1
DA:6,1
DA:7,1
DA:8,1
DA:21,15
DA:22,35
DA:23,35
DA:24,35
DA:25,35
DA:28,35
DA:29,15
DA:30,15
DA:33,35
DA:35,30
DA:36,15
DA:39,15
DA:40,1
DA:41,1
DA:44,14
DA:45,2
DA:48,12
DA:49,1
DA:50,1
DA:54,11
DA:56,11
DA:57,3
DA:58,3
DA:59,3
DA:63,8
DA:64,2
DA:65,2
DA:71,6
DA:72,6
DA:74,6
DA:75,2
DA:76,2
DA:77,2
DA:80,4
DA:85,35
DA:86,15
DA:90,20
DA:95,18
DA:96,14
DA:103,4
DA:104,0
DA:108,4
DA:109,0
LF:49
LH:47
BRDA:35,0,0,15
BRDA:35,0,1,15
BRDA:39,1,0,1
BRDA:39,1,1,14
BRDA:44,2,0,2
BRDA:44,2,1,12
BRDA:48,3,0,1
BRDA:48,3,1,11
BRDA:54,4,0,11
BRDA:54,4,1,0
BRDA:56,5,0,3
BRDA:56,5,1,8
BRDA:56,6,0,11
BRDA:56,6,1,9
BRDA:63,7,0,2
BRDA:63,7,1,6
BRDA:74,8,0,2
BRDA:74,8,1,4
BRDA:74,9,0,6
BRDA:74,9,1,5
BRDA:85,10,0,15
BRDA:85,10,1,20
BRDA:90,11,0,2
BRDA:90,11,1,18
BRDA:95,12,0,14
BRDA:95,12,1,4
BRDA:95,13,0,18
BRDA:95,13,1,16
BRDA:96,14,0,2
BRDA:96,14,1,12
BRDA:103,15,0,0
BRDA:103,15,1,4
BRDA:108,16,0,0
BRDA:108,16,1,4
BRF:34
BRH:31
end_of_record
TN:
SF:src/components/auth-provider.tsx
FN:11,AuthProvider
FNF:1
FNH:0
FNDA:0,AuthProvider
DA:3,0
DA:11,0
LF:2
LH:0
BRF:0
BRH:0
end_of_record
TN:
SF:src/components/loading-screen.tsx
FN:13,LoadingScreen
FNF:1
FNH:0
FNDA:0,LoadingScreen
DA:3,0
DA:13,0
LF:2
LH:0
BRDA:13,0,0,0
BRF:1
BRH:0
end_of_record
TN:
SF:src/components/settings-panel.tsx
FN:39,SettingsPanel
FN:47,(anonymous_5)
FN:63,(anonymous_6)
FN:70,(anonymous_7)
FN:88,(anonymous_8)
FN:106,(anonymous_9)
FN:120,(anonymous_10)
FN:123,(anonymous_11)
FN:150,(anonymous_12)
FN:153,(anonymous_13)
FN:191,(anonymous_14)
FN:194,(anonymous_15)
FN:272,(anonymous_16)
FNF:13
FNH:0
FNDA:0,SettingsPanel
FNDA:0,(anonymous_5)
FNDA:0,(anonymous_6)
FNDA:0,(anonymous_7)
FNDA:0,(anonymous_8)
FNDA:0,(anonymous_9)
FNDA:0,(anonymous_10)
FNDA:0,(anonymous_11)
FNDA:0,(anonymous_12)
FNDA:0,(anonymous_13)
FNDA:0,(anonymous_14)
FNDA:0,(anonymous_15)
FNDA:0,(anonymous_16)
DA:3,0
DA:4,0
DA:5,0
DA:6,0
DA:7,0
DA:8,0
DA:9,0
DA:12,0
DA:20,0
DA:28,0
DA:39,0
DA:40,0
DA:41,0
DA:42,0
DA:43,0
DA:44,0
DA:47,0
DA:48,0
DA:49,0
DA:50,0
DA:52,0
DA:53,0
DA:54,0
DA:56,0
DA:57,0
DA:58,0
DA:63,0
DA:64,0
DA:65,0
DA:66,0
DA:70,0
DA:71,0
DA:72,0
DA:73,0
DA:76,0
DA:88,0
DA:106,0
DA:121,0
DA:123,0
DA:151,0
DA:153,0
DA:192,0
DA:194,0
DA:272,0
LF:44
LH:0
BRDA:52,0,0,0
BRDA:52,0,1,0
BRDA:56,1,0,0
BRDA:56,1,1,0
BRDA:76,2,0,0
BRDA:76,2,1,0
BRDA:80,3,0,0
BRDA:126,4,0,0
BRDA:126,4,1,0
BRDA:135,5,0,0
BRDA:156,6,0,0
BRDA:156,6,1,0
BRDA:165,7,0,0
BRDA:165,7,1,0
BRDA:166,8,0,0
BRDA:166,8,1,0
BRDA:167,9,0,0
BRDA:167,9,1,0
BRDA:176,10,0,0
BRDA:197,11,0,0
BRDA:197,11,1,0
BRDA:206,12,0,0
BRDA:206,12,1,0
BRDA:207,13,0,0
BRDA:207,13,1,0
BRDA:208,14,0,0
BRDA:208,14,1,0
BRDA:209,15,0,0
BRDA:209,15,1,0
BRDA:210,16,0,0
BRDA:210,16,1,0
BRDA:220,17,0,0
BRDA:237,18,0,0
BRDA:237,18,1,0
BRDA:238,19,0,0
BRDA:238,19,1,0
BRDA:239,20,0,0
BRDA:239,20,1,0
BRDA:241,21,0,0
BRDA:241,21,1,0
BRDA:242,22,0,0
BRDA:242,22,1,0
BRDA:243,23,0,0
BRDA:243,23,1,0
BRDA:279,24,0,0
BRDA:279,24,1,0
BRF:46
BRH:0
end_of_record
TN:
SF:src/components/tech-stack.tsx
FN:145,TechStackButton
FN:150,(anonymous_5)
FN:151,handleClickOutside
FN:159,(anonymous_7)
FN:163,(anonymous_8)
FN:202,(anonymous_9)
FN:210,(anonymous_10)
FN:217,(anonymous_11)
FN:271,(anonymous_12)
FNF:9
FNH:0
FNDA:0,TechStackButton
FNDA:0,(anonymous_5)
FNDA:0,handleClickOutside
FNDA:0,(anonymous_7)
FNDA:0,(anonymous_8)
FNDA:0,(anonymous_9)
FNDA:0,(anonymous_10)
FNDA:0,(anonymous_11)
FNDA:0,(anonymous_12)
DA:3,0
DA:4,0
DA:5,0
DA:6,0
DA:7,0
DA:17,0
DA:125,0
DA:133,0
DA:145,0
DA:146,0
DA:147,0
DA:150,0
DA:152,0
DA:153,0
DA:156,0
DA:157,0
DA:159,0
DA:163,0
DA:164,0
DA:165,0
DA:166,0
DA:169,0
DA:202,0
DA:211,0
DA:218,0
DA:271,0
LF:26
LH:0
BRDA:145,0,0,0
BRDA:152,1,0,0
BRDA:152,1,1,0
BRDA:152,2,0,0
BRDA:152,2,1,0
BRDA:156,3,0,0
BRDA:156,3,1,0
BRDA:164,4,0,0
BRDA:164,4,1,0
BRDA:172,5,0,0
BRDA:172,5,1,0
BRDA:174,6,0,0
BRDA:176,7,0,0
BRDA:176,7,1,0
BRDA:178,8,0,0
BRDA:178,8,1,0
BRDA:182,9,0,0
BRDA:182,9,1,0
BRDA:211,10,0,0
BRDA:211,10,1,0
BRDA:274,11,0,0
BRDA:274,11,1,0
BRDA:277,12,0,0
BRDA:277,12,1,0
BRDA:283,13,0,0
BRDA:283,13,1,0
BRDA:288,14,0,0
BRDA:288,14,1,0
BRDA:293,15,0,0
BRDA:293,15,1,0
BRDA:295,16,0,0
BRDA:295,16,1,0
BRDA:298,17,0,0
BRDA:298,17,1,0
BRDA:298,18,0,0
BRDA:298,18,1,0
BRDA:298,19,0,0
BRDA:298,19,1,0
BRF:38
BRH:0
end_of_record
TN:
SF:src/components/theme-provider.tsx
FN:7,ThemeProvider
FNF:1
FNH:0
FNDA:0,ThemeProvider
DA:3,0
DA:4,0
DA:7,0
LF:3
LH:0
BRF:0
BRH:0
end_of_record
TN:
SF:src/components/theme-toggle.tsx
FN:57,ThemeToggle
FN:63,(anonymous_7)
FN:68,(anonymous_8)
FN:69,handleClickOutside
FN:75,(anonymous_10)
FN:86,(anonymous_11)
FN:94,(anonymous_12)
FN:124,(anonymous_13)
FN:131,(anonymous_14)
FN:180,ThemeQuickToggle
FN:184,(anonymous_16)
FN:203,(anonymous_17)
FNF:12
FNH:0
FNDA:0,ThemeToggle
FNDA:0,(anonymous_7)
FNDA:0,(anonymous_8)
FNDA:0,handleClickOutside
FNDA:0,(anonymous_10)
FNDA:0,(anonymous_11)
FNDA:0,(anonymous_12)
FNDA:0,(anonymous_13)
FNDA:0,(anonymous_14)
FNDA:0,ThemeQuickToggle
FNDA:0,(anonymous_16)
FNDA:0,(anonymous_17)
DA:3,0
DA:4,0
DA:5,0
DA:14,0
DA:15,0
DA:16,0
DA:18,0
DA:57,0
DA:58,0
DA:59,0
DA:60,0
DA:61,0
DA:63,0
DA:64,0
DA:68,0
DA:70,0
DA:71,0
DA:74,0
DA:75,0
DA:78,0
DA:86,0
DA:87,0
DA:94,0
DA:125,0
DA:126,0
DA:128,0
DA:132,0
DA:133,0
DA:180,0
DA:181,0
DA:182,0
DA:184,0
DA:185,0
DA:188,0
DA:196,0
DA:203,0
LF:36
LH:0
BRDA:70,0,0,0
BRDA:70,0,1,0
BRDA:70,1,0,0
BRDA:70,1,1,0
BRDA:78,2,0,0
BRDA:78,2,1,0
BRDA:86,3,0,0
BRDA:86,3,1,0
BRDA:97,4,0,0
BRDA:97,4,1,0
BRDA:104,5,0,0
BRDA:104,5,1,0
BRDA:109,6,0,0
BRDA:137,7,0,0
BRDA:137,7,1,0
BRDA:144,8,0,0
BRDA:144,8,1,0
BRDA:148,9,0,0
BRDA:148,9,1,0
BRDA:154,10,0,0
BRDA:169,11,0,0
BRDA:169,11,1,0
BRDA:169,12,0,0
BRDA:169,12,1,0
BRDA:188,13,0,0
BRDA:188,13,1,0
BRDA:196,14,0,0
BRDA:196,14,1,0
BRDA:196,14,2,0
BRDA:196,14,3,0
BRDA:203,15,0,0
BRDA:203,15,1,0
BRDA:204,16,0,0
BRDA:204,16,1,0
BRDA:207,17,0,0
BRF:35
BRH:0
end_of_record
TN:
SF:src/components/token-expiry-guard.tsx
FN:21,TokenExpiryGuard
FN:31,(anonymous_2)
FN:37,(anonymous_3)
FN:44,(anonymous_4)
FN:51,(anonymous_5)
FN:73,(anonymous_6)
FN:112,(anonymous_7)
FN:132,(anonymous_8)
FN:143,(anonymous_9)
FN:190,(anonymous_10)
FNF:10
FNH:3
FNDA:26,TokenExpiryGuard
FNDA:13,(anonymous_2)
FNDA:0,(anonymous_3)
FNDA:0,(anonymous_4)
FNDA:0,(anonymous_5)
FNDA:0,(anonymous_6)
FNDA:0,(anonymous_7)
FNDA:26,(anonymous_8)
FNDA:0,(anonymous_9)
FNDA:0,(anonymous_10)
DA:3,1
DA:4,1
DA:5,1
DA:6,1
DA:7,1
DA:8,1
DA:9,1
DA:10,1
DA:21,13
DA:22,26
DA:23,26
DA:24,26
DA:25,26
DA:26,26
DA:27,26
DA:28,26
DA:31,26
DA:32,13
DA:33,13
DA:37,26
DA:38,0
DA:39,0
DA:40,0
DA:44,26
DA:45,0
DA:46,0
DA:47,0
DA:51,26
DA:52,0
DA:53,0
DA:56,0
DA:57,0
DA:61,0
DA:62,0
DA:63,0
DA:64,0
DA:67,0
DA:68,0
DA:69,0
DA:73,0
DA:74,0
DA:76,0
DA:80,0
DA:81,0
DA:84,0
DA:85,0
DA:87,0
DA:88,0
DA:89,0
DA:92,0
DA:93,0
DA:94,0
DA:97,0
DA:100,0
DA:101,0
DA:102,0
DA:103,0
DA:106,0
DA:107,0
DA:108,0
DA:112,0
DA:113,0
DA:115,0
DA:119,0
DA:120,0
DA:121,0
DA:122,0
DA:123,0
DA:125,0
DA:127,0
DA:132,26
DA:133,26
DA:134,26
DA:138,0
DA:141,0
DA:143,0
DA:144,0
DA:145,0
DA:151,26
DA:152,26
DA:190,0
LF:81
LH:27
BRDA:52,0,0,0
BRDA:52,0,1,0
BRDA:52,1,0,0
BRDA:52,1,1,0
BRDA:56,2,0,0
BRDA:56,2,1,0
BRDA:56,3,0,0
BRDA:56,3,1,0
BRDA:61,4,0,0
BRDA:61,4,1,0
BRDA:61,5,0,0
BRDA:61,5,1,0
BRDA:67,6,0,0
BRDA:67,6,1,0
BRDA:85,7,0,0
BRDA:85,7,1,0
BRDA:87,8,0,0
BRDA:87,8,1,0
BRDA:100,9,0,0
BRDA:100,9,1,0
BRDA:106,10,0,0
BRDA:106,10,1,0
BRDA:120,11,0,0
BRDA:120,11,1,0
BRDA:120,12,0,0
BRDA:120,12,1,0
BRDA:120,12,2,0
BRDA:121,13,0,0
BRDA:121,13,1,0
BRDA:125,14,0,0
BRDA:125,14,1,0
BRDA:125,15,0,0
BRDA:125,15,1,0
BRDA:133,16,0,26
BRDA:133,16,1,0
BRDA:133,17,0,26
BRDA:133,17,1,13
BRDA:133,17,2,0
BRDA:144,18,0,0
BRDA:144,18,1,0
BRDA:151,19,0,26
BRDA:151,19,1,0
BRDA:159,20,0,0
BRDA:159,20,1,0
BRDA:204,21,0,0
BRF:45
BRH:4
end_of_record
TN:
SF:src/components/user-menu.tsx
FN:11,UserMenu
FN:19,(anonymous_5)
FN:25,(anonymous_6)
FN:26,handleClickOutside
FN:34,(anonymous_8)
FN:61,(anonymous_9)
FN:71,(anonymous_10)
FN:79,(anonymous_11)
FN:94,(anonymous_12)
FN:107,(anonymous_13)
FN:178,(anonymous_14)
FN:218,(anonymous_15)
FN:251,(anonymous_16)
FN:262,(anonymous_17)
FN:281,(anonymous_18)
FNF:15
FNH:0
FNDA:0,UserMenu
FNDA:0,(anonymous_5)
FNDA:0,(anonymous_6)
FNDA:0,handleClickOutside
FNDA:0,(anonymous_8)
FNDA:0,(anonymous_9)
FNDA:0,(anonymous_10)
FNDA:0,(anonymous_11)
FNDA:0,(anonymous_12)
FNDA:0,(anonymous_13)
FNDA:0,(anonymous_14)
FNDA:0,(anonymous_15)
FNDA:0,(anonymous_16)
FNDA:0,(anonymous_17)
FNDA:0,(anonymous_18)
DA:3,0
DA:4,0
DA:5,0
DA:6,0
DA:7,0
DA:8,0
DA:9,0
DA:11,0
DA:12,0
DA:13,0
DA:14,0
DA:15,0
DA:16,0
DA:19,0
DA:20,0
DA:21,0
DA:25,0
DA:27,0
DA:28,0
DA:31,0
DA:32,0
DA:34,0
DA:39,0
DA:40,0
DA:44,0
DA:45,0
DA:49,0
DA:56,0
DA:61,0
DA:71,0
DA:72,0
DA:73,0
DA:74,0
DA:75,0
DA:76,0
DA:79,0
DA:82,0
DA:84,0
DA:88,0
DA:91,0
DA:94,0
DA:101,0
DA:102,0
DA:107,0
DA:178,0
DA:219,0
DA:252,0
DA:263,0
DA:282,0
DA:283,0
LF:50
LH:0
BRDA:27,0,0,0
BRDA:27,0,1,0
BRDA:27,1,0,0
BRDA:27,1,1,0
BRDA:31,2,0,0
BRDA:31,2,1,0
BRDA:39,3,0,0
BRDA:39,3,1,0
BRDA:44,4,0,0
BRDA:44,4,1,0
BRDA:49,5,0,0
BRDA:49,5,1,0
BRDA:56,6,0,0
BRDA:56,6,1,0
BRDA:72,7,0,0
BRDA:72,7,1,0
BRDA:88,8,0,0
BRDA:88,8,1,0
BRDA:91,9,0,0
BRDA:91,9,1,0
BRDA:101,10,0,0
BRDA:101,10,1,0
BRDA:110,11,0,0
BRDA:110,11,1,0
BRDA:116,12,0,0
BRDA:129,13,0,0
BRDA:129,13,1,0
BRDA:134,14,0,0
BRDA:146,15,0,0
BRDA:148,16,0,0
BRDA:148,16,1,0
BRDA:158,17,0,0
BRDA:158,17,1,0
BRDA:161,18,0,0
BRDA:161,18,1,0
BRDA:187,19,0,0
BRDA:187,19,1,0
BRDA:192,20,0,0
BRDA:202,21,0,0
BRDA:202,21,1,0
BRDA:233,22,0,0
BRDA:249,23,0,0
BRDA:252,24,0,0
BRDA:252,24,1,0
BRDA:260,25,0,0
BRDA:263,26,0,0
BRDA:263,26,1,0
BRF:47
BRH:0
end_of_record
TN:
SF:src/components/a2a/A2AStreamPanel.tsx
FN:50,A2AStreamPanel
FN:57,(anonymous_5)
FN:59,(anonymous_6)
FN:63,(anonymous_7)
FN:69,(anonymous_8)
FN:77,(anonymous_9)
FN:78,(anonymous_10)
FN:79,(anonymous_11)
FN:80,(anonymous_12)
FN:81,(anonymous_13)
FN:84,(anonymous_14)
FN:139,(anonymous_15)
FN:145,(anonymous_16)
FN:148,(anonymous_17)
FN:151,(anonymous_18)
FN:159,(anonymous_19)
FN:221,(anonymous_20)
FN:232,(anonymous_21)
FN:235,(anonymous_22)
FN:260,(anonymous_23)
FN:278,(anonymous_24)
FN:355,(anonymous_25)
FN:374,(anonymous_26)
FNF:23
FNH:0
FNDA:0,A2AStreamPanel
FNDA:0,(anonymous_5)
FNDA:0,(anonymous_6)
FNDA:0,(anonymous_7)
FNDA:0,(anonymous_8)
FNDA:0,(anonymous_9)
FNDA:0,(anonymous_10)
FNDA:0,(anonymous_11)
FNDA:0,(anonymous_12)
FNDA:0,(anonymous_13)
FNDA:0,(anonymous_14)
FNDA:0,(anonymous_15)
FNDA:0,(anonymous_16)
FNDA:0,(anonymous_17)
FNDA:0,(anonymous_18)
FNDA:0,(anonymous_19)
FNDA:0,(anonymous_20)
FNDA:0,(anonymous_21)
FNDA:0,(anonymous_22)
FNDA:0,(anonymous_23)
FNDA:0,(anonymous_24)
FNDA:0,(anonymous_25)
FNDA:0,(anonymous_26)
DA:3,0
DA:4,0
DA:25,0
DA:27,0
DA:28,0
DA:29,0
DA:31,0
DA:33,0
DA:50,0
DA:51,0
DA:52,0
DA:53,0
DA:54,0
DA:57,0
DA:58,0
DA:59,0
DA:60,0
DA:63,0
DA:64,0
DA:65,0
DA:69,0
DA:70,0
DA:71,0
DA:72,0
DA:75,0
DA:77,0
DA:78,0
DA:79,0
DA:80,0
DA:81,0
DA:84,0
DA:85,0
DA:87,0
DA:94,0
DA:102,0
DA:109,0
DA:116,0
DA:123,0
DA:130,0
DA:139,0
DA:140,0
DA:143,0
DA:145,0
DA:146,0
DA:147,0
DA:148,0
DA:151,0
DA:152,0
DA:155,0
DA:159,0
DA:175,0
DA:176,0
DA:177,0
DA:178,0
DA:179,0
DA:180,0
DA:181,0
DA:182,0
DA:183,0
DA:221,0
DA:233,0
DA:235,0
DA:261,0
DA:262,0
DA:263,0
DA:265,0
DA:278,0
DA:355,0
DA:375,0
DA:376,0
LF:70
LH:0
BRDA:58,0,0,0
BRDA:58,0,1,0
BRDA:60,1,0,0
BRDA:60,1,1,0
BRDA:64,2,0,0
BRDA:64,2,1,0
BRDA:70,3,0,0
BRDA:70,3,1,0
BRDA:71,4,0,0
BRDA:71,4,1,0
BRDA:71,5,0,0
BRDA:71,5,1,0
BRDA:79,6,0,0
BRDA:79,6,1,0
BRDA:85,7,0,0
BRDA:85,7,1,0
BRDA:85,7,2,0
BRDA:85,7,3,0
BRDA:85,7,4,0
BRDA:85,7,5,0
BRDA:85,7,6,0
BRDA:85,7,7,0
BRDA:140,8,0,0
BRDA:140,8,1,0
BRDA:152,9,0,0
BRDA:152,9,1,0
BRDA:193,10,0,0
BRDA:193,10,1,0
BRDA:197,11,0,0
BRDA:197,11,1,0
BRDA:203,12,0,0
BRDA:203,12,1,0
BRDA:221,13,0,0
BRDA:221,13,1,0
BRDA:238,14,0,0
BRDA:238,14,1,0
BRDA:243,15,0,0
BRDA:243,15,1,0
BRDA:244,16,0,0
BRDA:247,17,0,0
BRDA:247,17,1,0
BRDA:276,18,0,0
BRDA:276,18,1,0
BRDA:278,19,0,0
BRDA:278,19,1,0
BRDA:299,20,0,0
BRDA:304,21,0,0
BRDA:312,22,0,0
BRDA:312,22,1,0
BRDA:320,23,0,0
BRDA:328,24,0,0
BRDA:336,25,0,0
BRDA:344,26,0,0
BRDA:370,27,0,0
BRDA:370,27,1,0
BRDA:378,28,0,0
BRDA:378,28,1,0
BRDA:381,29,0,0
BRDA:399,30,0,0
BRDA:405,31,0,0
BRDA:405,31,1,0
BRF:61
BRH:0
end_of_record
TN:
SF:src/components/a2a/A2UIRenderer.tsx
FN:37,a2uiToWidget
FN:186,A2UIRenderer
FN:191,(anonymous_8)
FN:195,(anonymous_9)
FN:201,(anonymous_10)
FN:215,(anonymous_11)
FN:223,(anonymous_12)
FN:264,useA2UIDataModel
FN:267,(anonymous_14)
FN:268,(anonymous_15)
FNF:10
FNH:0
FNDA:0,a2uiToWidget
FNDA:0,A2UIRenderer
FNDA:0,(anonymous_8)
FNDA:0,(anonymous_9)
FNDA:0,(anonymous_10)
FNDA:0,(anonymous_11)
FNDA:0,(anonymous_12)
FNDA:0,useA2UIDataModel
FNDA:0,(anonymous_14)
FNDA:0,(anonymous_15)
DA:3,0
DA:4,0
DA:5,0
DA:38,0
DA:41,0
DA:42,0
DA:46,0
DA:56,0
DA:57,0
DA:58,0
DA:68,0
DA:69,0
DA:79,0
DA:92,0
DA:93,0
DA:98,0
DA:109,0
DA:110,0
DA:115,0
DA:126,0
DA:127,0
DA:132,0
DA:143,0
DA:144,0
DA:149,0
DA:160,0
DA:161,0
DA:168,0
DA:182,0
DA:183,0
DA:186,0
DA:187,0
DA:188,0
DA:189,0
DA:191,0
DA:192,0
DA:193,0
DA:194,0
DA:195,0
DA:196,0
DA:197,0
DA:199,0
DA:200,0
DA:201,0
DA:202,0
DA:203,0
DA:205,0
DA:208,0
DA:209,0
DA:211,0
DA:214,0
DA:215,0
DA:218,0
DA:219,0
DA:222,0
DA:223,0
DA:224,0
DA:225,0
DA:226,0
DA:233,0
DA:234,0
DA:235,0
DA:236,0
DA:237,0
DA:238,0
DA:239,0
DA:244,0
DA:245,0
DA:264,0
DA:265,0
DA:267,0
DA:268,0
DA:271,0
LF:73
LH:0
BRDA:41,0,0,0
BRDA:41,0,1,0
BRDA:50,1,0,0
BRDA:50,1,1,0
BRDA:52,2,0,0
BRDA:52,2,1,0
BRDA:56,3,0,0
BRDA:56,3,1,0
BRDA:62,4,0,0
BRDA:62,4,1,0
BRDA:63,5,0,0
BRDA:63,5,1,0
BRDA:68,6,0,0
BRDA:68,6,1,0
BRDA:84,7,0,0
BRDA:84,7,1,0
BRDA:86,8,0,0
BRDA:86,8,1,0
BRDA:92,9,0,0
BRDA:92,9,1,0
BRDA:103,10,0,0
BRDA:103,10,1,0
BRDA:109,11,0,0
BRDA:109,11,1,0
BRDA:120,12,0,0
BRDA:120,12,1,0
BRDA:121,13,0,0
BRDA:121,13,1,0
BRDA:126,14,0,0
BRDA:126,14,1,0
BRDA:136,15,0,0
BRDA:136,15,1,0
BRDA:137,16,0,0
BRDA:137,16,1,0
BRDA:143,17,0,0
BRDA:143,17,1,0
BRDA:154,18,0,0
BRDA:154,18,1,0
BRDA:156,19,0,0
BRDA:156,19,1,0
BRDA:160,20,0,0
BRDA:160,20,1,0
BRDA:174,21,0,0
BRDA:174,21,1,0
BRDA:177,22,0,0
BRDA:177,22,1,0
BRDA:193,23,0,0
BRDA:193,23,1,0
BRDA:197,24,0,0
BRDA:197,24,1,0
BRDA:202,25,0,0
BRDA:202,25,1,0
BRDA:214,26,0,0
BRDA:214,26,1,0
BRDA:218,27,0,0
BRDA:218,27,1,0
BRDA:222,28,0,0
BRDA:222,28,1,0
BRDA:234,29,0,0
BRDA:234,29,1,0
BRDA:235,30,0,0
BRDA:235,30,1,0
BRDA:238,31,0,0
BRDA:238,31,1,0
BRDA:244,32,0,0
BRDA:244,32,1,0
BRF:66
BRH:0
end_of_record
TN:
SF:src/components/a2a/ContextPanel.tsx
FN:43,ContextPanel
FN:56,(anonymous_5)
FN:58,(anonymous_6)
FN:62,(anonymous_7)
FN:67,(anonymous_8)
FN:69,(anonymous_9)
FN:77,(anonymous_10)
FN:88,(anonymous_11)
FN:102,(anonymous_12)
FN:106,(anonymous_13)
FN:115,(anonymous_14)
FN:120,(anonymous_15)
FN:121,(anonymous_16)
FN:126,(anonymous_17)
FN:135,(anonymous_18)
FN:164,(anonymous_19)
FN:174,(anonymous_20)
FN:247,(anonymous_21)
FN:276,(anonymous_22)
FN:285,(anonymous_23)
FN:295,(anonymous_24)
FN:364,(anonymous_25)
FN:411,(anonymous_26)
FN:436,(anonymous_27)
FN:471,(anonymous_28)
FN:500,(anonymous_29)
FN:544,parseExecutionTasks
FN:547,(anonymous_31)
FN:584,(anonymous_32)
FN:597,parseToolCalls
FN:600,(anonymous_34)
FN:661,(anonymous_35)
FNF:32
FNH:0
FNDA:0,ContextPanel
FNDA:0,(anonymous_5)
FNDA:0,(anonymous_6)
FNDA:0,(anonymous_7)
FNDA:0,(anonymous_8)
FNDA:0,(anonymous_9)
FNDA:0,(anonymous_10)
FNDA:0,(anonymous_11)
FNDA:0,(anonymous_12)
FNDA:0,(anonymous_13)
FNDA:0,(anonymous_14)
FNDA:0,(anonymous_15)
FNDA:0,(anonymous_16)
FNDA:0,(anonymous_17)
FNDA:0,(anonymous_18)
FNDA:0,(anonymous_19)
FNDA:0,(anonymous_20)
FNDA:0,(anonymous_21)
FNDA:0,(anonymous_22)
FNDA:0,(anonymous_23)
FNDA:0,(anonymous_24)
FNDA:0,(anonymous_25)
FNDA:0,(anonymous_26)
FNDA:0,(anonymous_27)
FNDA:0,(anonymous_28)
FNDA:0,(anonymous_29)
FNDA:0,parseExecutionTasks
FNDA:0,(anonymous_31)
FNDA:0,(anonymous_32)
FNDA:0,parseToolCalls
FNDA:0,(anonymous_34)
FNDA:0,(anonymous_35)
DA:3,0
DA:4,0
DA:16,0
DA:17,0
DA:18,0
DA:19,0
DA:20,0
DA:21,0
DA:22,0
DA:23,0
DA:25,0
DA:43,0
DA:49,0
DA:51,0
DA:53,0
DA:56,0
DA:57,0
DA:58,0
DA:62,0
DA:63,0
DA:67,0
DA:68,0
DA:69,0
DA:77,0
DA:78,0
DA:79,0
DA:80,0
DA:81,0
DA:83,0
DA:88,0
DA:89,0
DA:92,0
DA:93,0
DA:94,0
DA:97,0
DA:102,0
DA:103,0
DA:105,0
DA:106,0
DA:111,0
DA:115,0
DA:116,0
DA:117,0
DA:119,0
DA:120,0
DA:121,0
DA:126,0
DA:127,0
DA:135,0
DA:136,0
DA:137,0
DA:143,0
DA:164,0
DA:175,0
DA:176,0
DA:178,0
DA:179,0
DA:180,0
DA:181,0
DA:247,0
DA:276,0
DA:285,0
DA:296,0
DA:365,0
DA:412,0
DA:437,0
DA:472,0
DA:501,0
DA:545,0
DA:547,0
DA:549,0
DA:552,0
DA:559,0
DA:561,0
DA:563,0
DA:564,0
DA:565,0
DA:567,0
DA:568,0
DA:569,0
DA:570,0
DA:572,0
DA:584,0
DA:598,0
DA:600,0
DA:601,0
DA:604,0
DA:605,0
DA:607,0
DA:608,0
DA:611,0
DA:612,0
DA:613,0
DA:617,0
DA:618,0
DA:619,0
DA:623,0
DA:624,0
DA:625,0
DA:626,0
DA:629,0
DA:630,0
DA:639,0
DA:641,0
DA:642,0
DA:643,0
DA:646,0
DA:647,0
DA:649,0
DA:650,0
DA:651,0
DA:652,0
DA:653,0
DA:654,0
DA:661,0
LF:115
LH:0
BRDA:46,0,0,0
BRDA:51,1,0,0
BRDA:51,1,1,0
BRDA:57,2,0,0
BRDA:57,2,1,0
BRDA:58,3,0,0
BRDA:58,3,1,0
BRDA:63,4,0,0
BRDA:63,4,1,0
BRDA:68,5,0,0
BRDA:68,5,1,0
BRDA:78,6,0,0
BRDA:78,6,1,0
BRDA:80,7,0,0
BRDA:80,7,1,0
BRDA:83,8,0,0
BRDA:83,8,1,0
BRDA:89,9,0,0
BRDA:89,9,1,0
BRDA:92,10,0,0
BRDA:92,10,1,0
BRDA:105,11,0,0
BRDA:105,11,1,0
BRDA:105,12,0,0
BRDA:105,12,1,0
BRDA:108,13,0,0
BRDA:108,13,1,0
BRDA:117,14,0,0
BRDA:117,14,1,0
BRDA:136,15,0,0
BRDA:136,15,1,0
BRDA:148,16,0,0
BRDA:148,16,1,0
BRDA:156,17,0,0
BRDA:156,17,1,0
BRDA:160,18,0,0
BRDA:160,19,0,0
BRDA:160,19,1,0
BRDA:178,20,0,0
BRDA:178,20,1,0
BRDA:178,21,0,0
BRDA:178,21,1,0
BRDA:180,22,0,0
BRDA:180,22,1,0
BRDA:180,23,0,0
BRDA:180,23,1,0
BRDA:190,24,0,0
BRDA:190,24,1,0
BRDA:190,24,2,0
BRDA:195,25,0,0
BRDA:208,26,0,0
BRDA:208,26,1,0
BRDA:213,27,0,0
BRDA:218,28,0,0
BRDA:218,28,1,0
BRDA:230,29,0,0
BRDA:236,30,0,0
BRDA:243,31,0,0
BRDA:260,32,0,0
BRDA:262,33,0,0
BRDA:262,33,1,0
BRDA:267,34,0,0
BRDA:303,35,0,0
BRDA:303,35,1,0
BRDA:304,36,0,0
BRDA:304,36,1,0
BRDA:305,37,0,0
BRDA:305,37,1,0
BRDA:306,38,0,0
BRDA:306,38,1,0
BRDA:313,39,0,0
BRDA:334,40,0,0
BRDA:340,41,0,0
BRDA:358,42,0,0
BRDA:358,42,1,0
BRDA:370,43,0,0
BRDA:370,43,1,0
BRDA:373,44,0,0
BRDA:373,44,1,0
BRDA:376,45,0,0
BRDA:376,45,1,0
BRDA:383,46,0,0
BRDA:383,46,1,0
BRDA:384,47,0,0
BRDA:384,47,1,0
BRDA:385,48,0,0
BRDA:385,48,1,0
BRDA:396,49,0,0
BRDA:396,49,1,0
BRDA:404,50,0,0
BRDA:429,51,0,0
BRDA:458,52,0,0
BRDA:456,53,0,0
BRDA:456,53,1,0
BRDA:460,54,0,0
BRDA:489,55,0,0
BRDA:549,56,0,0
BRDA:549,56,1,0
BRDA:549,57,0,0
BRDA:549,57,1,0
BRDA:552,58,0,0
BRDA:552,58,1,0
BRDA:552,58,2,0
BRDA:568,59,0,0
BRDA:568,59,1,0
BRDA:569,60,0,0
BRDA:569,60,1,0
BRDA:569,61,0,0
BRDA:569,61,1,0
BRDA:570,62,0,0
BRDA:570,62,1,0
BRDA:601,63,0,0
BRDA:601,63,1,0
BRDA:604,64,0,0
BRDA:604,64,1,0
BRDA:605,65,0,0
BRDA:605,65,1,0
BRDA:612,66,0,0
BRDA:612,66,1,0
BRDA:618,67,0,0
BRDA:618,67,1,0
BRDA:624,68,0,0
BRDA:624,68,1,0
BRDA:624,69,0,0
BRDA:624,69,1,0
BRDA:639,70,0,0
BRDA:639,70,1,0
BRDA:641,71,0,0
BRDA:641,71,1,0
BRDA:643,72,0,0
BRDA:643,72,1,0
BRDA:647,73,0,0
BRDA:647,73,1,0
BRDA:649,74,0,0
BRDA:649,74,1,0
BRDA:649,75,0,0
BRDA:649,75,1,0
BRDA:652,76,0,0
BRDA:652,76,1,0
BRF:139
BRH:0
end_of_record
TN:
SF:src/components/a2a/widgets/index.tsx
FN:31,WidgetRenderer
FN:51,WidgetCatalog
FN:54,(anonymous_14)
FN:68,ButtonWidget
FN:76,(anonymous_16)
FN:95,FormWidget
FN:110,(anonymous_18)
FN:129,(anonymous_19)
FN:140,(anonymous_20)
FN:141,(anonymous_21)
FN:156,CardWidget
FN:200,ListWidget
FN:218,(anonymous_24)
FN:227,(anonymous_25)
FN:244,TableWidget
FN:258,(anonymous_27)
FN:266,(anonymous_28)
FN:268,(anonymous_29)
FN:283,ProgressWidget
FN:314,SelectWidget
FN:324,(anonymous_32)
FN:335,(anonymous_33)
FN:347,(anonymous_34)
FN:356,(anonymous_35)
FN:364,(anonymous_36)
FN:377,InputWidget
FN:387,(anonymous_38)
FN:408,(anonymous_39)
FNF:28
FNH:0
FNDA:0,WidgetRenderer
FNDA:0,WidgetCatalog
FNDA:0,(anonymous_14)
FNDA:0,ButtonWidget
FNDA:0,(anonymous_16)
FNDA:0,FormWidget
FNDA:0,(anonymous_18)
FNDA:0,(anonymous_19)
FNDA:0,(anonymous_20)
FNDA:0,(anonymous_21)
FNDA:0,CardWidget
FNDA:0,ListWidget
FNDA:0,(anonymous_24)
FNDA:0,(anonymous_25)
FNDA:0,TableWidget
FNDA:0,(anonymous_27)
FNDA:0,(anonymous_28)
FNDA:0,(anonymous_29)
FNDA:0,ProgressWidget
FNDA:0,SelectWidget
FNDA:0,(anonymous_32)
FNDA:0,(anonymous_33)
FNDA:0,(anonymous_34)
FNDA:0,(anonymous_35)
FNDA:0,(anonymous_36)
FNDA:0,InputWidget
FNDA:0,(anonymous_38)
FNDA:0,(anonymous_39)
DA:3,0
DA:4,0
DA:5,0
DA:6,0
DA:7,0
DA:8,0
DA:11,0
DA:14,0
DA:31,0
DA:32,0
DA:34,0
DA:51,0
DA:55,0
DA:69,0
DA:76,0
DA:77,0
DA:78,0
DA:96,0
DA:108,0
DA:110,0
DA:111,0
DA:112,0
DA:113,0
DA:130,0
DA:141,0
DA:157,0
DA:165,0
DA:201,0
DA:212,0
DA:219,0
DA:227,0
DA:245,0
DA:259,0
DA:267,0
DA:269,0
DA:284,0
DA:291,0
DA:315,0
DA:321,0
DA:322,0
DA:324,0
DA:325,0
DA:326,0
DA:327,0
DA:328,0
DA:335,0
DA:347,0
DA:357,0
DA:364,0
DA:378,0
DA:385,0
DA:387,0
DA:388,0
DA:389,0
DA:408,0
DA:416,0
DA:417,0
DA:418,0
DA:419,0
DA:420,0
DA:421,0
DA:422,0
DA:423,0
LF:63
LH:0
BRDA:34,0,0,0
BRDA:34,0,1,0
BRDA:69,1,0,0
BRDA:77,2,0,0
BRDA:77,2,1,0
BRDA:85,3,0,0
BRDA:85,3,1,0
BRDA:88,4,0,0
BRDA:89,5,0,0
BRDA:89,5,1,0
BRDA:96,6,0,0
BRDA:96,7,0,0
BRDA:112,8,0,0
BRDA:112,8,1,0
BRDA:122,9,0,0
BRDA:133,10,0,0
BRDA:136,11,0,0
BRDA:136,11,1,0
BRDA:139,12,0,0
BRDA:139,12,1,0
BRDA:157,13,0,0
BRDA:174,14,0,0
BRDA:174,14,1,0
BRDA:176,15,0,0
BRDA:177,16,0,0
BRDA:182,17,0,0
BRDA:187,18,0,0
BRDA:190,19,0,0
BRDA:201,20,0,0
BRDA:201,21,0,0
BRDA:212,22,0,0
BRDA:212,22,1,0
BRDA:216,23,0,0
BRDA:217,24,0,0
BRDA:217,24,1,0
BRDA:223,25,0,0
BRDA:223,25,1,0
BRDA:224,26,0,0
BRDA:224,26,1,0
BRDA:225,27,0,0
BRDA:225,27,1,0
BRDA:227,28,0,0
BRDA:227,28,1,0
BRDA:229,29,0,0
BRDA:232,30,0,0
BRDA:220,31,0,0
BRDA:220,31,1,0
BRDA:245,32,0,0
BRDA:245,33,0,0
BRDA:253,34,0,0
BRDA:284,35,0,0
BRDA:284,36,0,0
BRDA:284,37,0,0
BRDA:296,38,0,0
BRDA:297,39,0,0
BRDA:315,40,0,0
BRDA:315,41,0,0
BRDA:327,42,0,0
BRDA:327,42,1,0
BRDA:339,43,0,0
BRDA:349,44,0,0
BRDA:349,44,1,0
BRDA:350,45,0,0
BRDA:350,45,1,0
BRDA:354,46,0,0
BRDA:362,47,0,0
BRDA:362,47,1,0
BRDA:378,48,0,0
BRDA:388,49,0,0
BRDA:388,49,1,0
BRDA:388,50,0,0
BRDA:388,50,1,0
BRDA:398,51,0,0
BRDA:401,52,0,0
BRF:74
BRH:0
end_of_record
TN:
SF:src/components/chat/AgentStreamBox.tsx
FN:24,AgentStreamBox
FN:37,(anonymous_6)
FN:61,(anonymous_7)
FN:64,(anonymous_8)
FN:70,(anonymous_9)
FN:76,(anonymous_10)
FN:83,(anonymous_11)
FN:96,(anonymous_12)
FN:102,(anonymous_13)
FN:111,(anonymous_14)
FN:115,(anonymous_15)
FN:124,(anonymous_16)
FN:129,(anonymous_17)
FN:132,(anonymous_18)
FN:162,(anonymous_19)
FN:220,(anonymous_20)
FN:272,(anonymous_21)
FNF:17
FNH:0
FNDA:0,AgentStreamBox
FNDA:0,(anonymous_6)
FNDA:0,(anonymous_7)
FNDA:0,(anonymous_8)
FNDA:0,(anonymous_9)
FNDA:0,(anonymous_10)
FNDA:0,(anonymous_11)
FNDA:0,(anonymous_12)
FNDA:0,(anonymous_13)
FNDA:0,(anonymous_14)
FNDA:0,(anonymous_15)
FNDA:0,(anonymous_16)
FNDA:0,(anonymous_17)
FNDA:0,(anonymous_18)
FNDA:0,(anonymous_19)
FNDA:0,(anonymous_20)
FNDA:0,(anonymous_21)
DA:3,0
DA:4,0
DA:5,0
DA:6,0
DA:8,0
DA:9,0
DA:10,0
DA:11,0
DA:24,0
DA:30,0
DA:31,0
DA:32,0
DA:33,0
DA:34,0
DA:37,0
DA:38,0
DA:40,0
DA:42,0
DA:43,0
DA:47,0
DA:49,0
DA:52,0
DA:53,0
DA:57,0
DA:61,0
DA:62,0
DA:64,0
DA:65,0
DA:66,0
DA:70,0
DA:71,0
DA:74,0
DA:76,0
DA:77,0
DA:79,0
DA:83,0
DA:84,0
DA:85,0
DA:87,0
DA:89,0
DA:93,0
DA:96,0
DA:97,0
DA:98,0
DA:100,0
DA:102,0
DA:103,0
DA:105,0
DA:106,0
DA:107,0
DA:110,0
DA:111,0
DA:115,0
DA:116,0
DA:118,0
DA:119,0
DA:121,0
DA:122,0
DA:124,0
DA:125,0
DA:129,0
DA:130,0
DA:131,0
DA:132,0
DA:136,0
DA:137,0
DA:162,0
DA:221,0
DA:222,0
DA:273,0
DA:274,0
DA:275,0
DA:276,0
LF:73
LH:0
BRDA:27,0,0,0
BRDA:42,1,0,0
BRDA:42,1,1,0
BRDA:42,2,0,0
BRDA:42,2,1,0
BRDA:47,3,0,0
BRDA:47,3,1,0
BRDA:47,4,0,0
BRDA:47,4,1,0
BRDA:52,5,0,0
BRDA:52,5,1,0
BRDA:62,6,0,0
BRDA:62,6,1,0
BRDA:65,7,0,0
BRDA:65,7,1,0
BRDA:71,8,0,0
BRDA:71,8,1,0
BRDA:74,9,0,0
BRDA:74,9,1,0
BRDA:77,10,0,0
BRDA:77,10,1,0
BRDA:85,11,0,0
BRDA:85,11,1,0
BRDA:87,12,0,0
BRDA:87,12,1,0
BRDA:98,13,0,0
BRDA:98,13,1,0
BRDA:103,14,0,0
BRDA:103,14,1,0
BRDA:116,15,0,0
BRDA:116,15,1,0
BRDA:116,16,0,0
BRDA:116,16,1,0
BRDA:118,17,0,0
BRDA:118,17,1,0
BRDA:119,18,0,0
BRDA:119,18,1,0
BRDA:136,19,0,0
BRDA:136,19,1,0
BRDA:136,20,0,0
BRDA:136,20,1,0
BRDA:136,20,2,0
BRDA:148,21,0,0
BRDA:148,21,1,0
BRDA:148,21,2,0
BRDA:149,22,0,0
BRDA:149,22,1,0
BRDA:150,23,0,0
BRDA:150,23,1,0
BRDA:151,24,0,0
BRDA:151,24,1,0
BRDA:181,25,0,0
BRDA:187,26,0,0
BRDA:193,27,0,0
BRDA:193,27,1,0
BRDA:199,28,0,0
BRDA:208,29,0,0
BRDA:208,29,1,0
BRDA:218,30,0,0
BRDA:228,31,0,0
BRDA:238,32,0,0
BRDA:248,33,0,0
BRDA:256,34,0,0
BRDA:256,34,1,0
BRDA:270,35,0,0
BRDA:274,36,0,0
BRDA:274,36,1,0
BRDA:275,37,0,0
BRDA:275,37,1,0
BRDA:288,38,0,0
BRDA:288,38,1,0
BRF:71
BRH:0
end_of_record
TN:
SF:src/components/chat/ChatPanel.tsx
FN:28,ChatPanel
FN:72,(anonymous_6)
FN:82,(anonymous_7)
FN:87,(anonymous_8)
FN:96,(anonymous_9)
FN:106,(anonymous_10)
FN:111,(anonymous_11)
FN:115,(anonymous_12)
FN:122,(anonymous_13)
FN:130,(anonymous_14)
FN:134,(anonymous_15)
FN:137,(anonymous_16)
FN:140,(anonymous_17)
FN:145,(anonymous_18)
FN:185,(anonymous_19)
FN:328,(anonymous_20)
FN:334,(anonymous_21)
FN:341,(anonymous_22)
FN:347,(anonymous_23)
FN:359,(anonymous_24)
FN:375,(anonymous_25)
FN:391,(anonymous_26)
FN:398,(anonymous_27)
FN:404,(anonymous_28)
FN:436,(anonymous_29)
FN:441,(anonymous_30)
FN:465,(anonymous_31)
FN:467,(anonymous_32)
FN:472,(anonymous_33)
FN:498,(anonymous_34)
FN:517,(anonymous_35)
FN:531,(anonymous_36)
FN:532,(anonymous_37)
FN:532,(anonymous_38)
FN:565,(anonymous_39)
FN:568,(anonymous_40)
FN:581,(anonymous_41)
FN:602,(anonymous_42)
FN:605,(anonymous_43)
FN:633,StreamingView
FN:645,(anonymous_45)
FN:658,(anonymous_46)
FN:667,(anonymous_47)
FN:673,(anonymous_48)
FN:678,(anonymous_49)
FN:681,(anonymous_50)
FN:689,(anonymous_51)
FN:753,(anonymous_52)
FN:756,(anonymous_53)
FN:790,(anonymous_54)
FN:824,(anonymous_55)
FN:867,ChatMessage
FN:884,(anonymous_57)
FN:908,(anonymous_58)
FN:909,(anonymous_59)
FN:972,(anonymous_60)
FN:1038,(anonymous_61)
FN:1057,(anonymous_62)
FN:1084,(anonymous_63)
FN:1132,(anonymous_71)
FN:1165,(anonymous_72)
FN:1298,(anonymous_83)
FN:1343,(anonymous_84)
FNF:63
FNH:0
FNDA:0,ChatPanel
FNDA:0,(anonymous_6)
FNDA:0,(anonymous_7)
FNDA:0,(anonymous_8)
FNDA:0,(anonymous_9)
FNDA:0,(anonymous_10)
FNDA:0,(anonymous_11)
FNDA:0,(anonymous_12)
FNDA:0,(anonymous_13)
FNDA:0,(anonymous_14)
FNDA:0,(anonymous_15)
FNDA:0,(anonymous_16)
FNDA:0,(anonymous_17)
FNDA:0,(anonymous_18)
FNDA:0,(anonymous_19)
FNDA:0,(anonymous_20)
FNDA:0,(anonymous_21)
FNDA:0,(anonymous_22)
FNDA:0,(anonymous_23)
FNDA:0,(anonymous_24)
FNDA:0,(anonymous_25)
FNDA:0,(anonymous_26)
FNDA:0,(anonymous_27)
FNDA:0,(anonymous_28)
FNDA:0,(anonymous_29)
FNDA:0,(anonymous_30)
FNDA:0,(anonymous_31)
FNDA:0,(anonymous_32)
FNDA:0,(anonymous_33)
FNDA:0,(anonymous_34)
FNDA:0,(anonymous_35)
FNDA:0,(anonymous_36)
FNDA:0,(anonymous_37)
FNDA:0,(anonymous_38)
FNDA:0,(anonymous_39)
FNDA:0,(anonymous_40)
FNDA:0,(anonymous_41)
FNDA:0,(anonymous_42)
FNDA:0,(anonymous_43)
FNDA:0,StreamingView
FNDA:0,(anonymous_45)
FNDA:0,(anonymous_46)
FNDA:0,(anonymous_47)
FNDA:0,(anonymous_48)
FNDA:0,(anonymous_49)
FNDA:0,(anonymous_50)
FNDA:0,(anonymous_51)
FNDA:0,(anonymous_52)
FNDA:0,(anonymous_53)
FNDA:0,(anonymous_54)
FNDA:0,(anonymous_55)
FNDA:0,ChatMessage
FNDA:0,(anonymous_57)
FNDA:0,(anonymous_58)
FNDA:0,(anonymous_59)
FNDA:0,(anonymous_60)
FNDA:0,(anonymous_61)
FNDA:0,(anonymous_62)
FNDA:0,(anonymous_63)
FNDA:0,(anonymous_71)
FNDA:0,(anonymous_72)
FNDA:0,(anonymous_83)
FNDA:0,(anonymous_84)
DA:3,0
DA:4,0
DA:5,0
DA:6,0
DA:7,0
DA:8,0
DA:9,0
DA:10,0
DA:11,0
DA:12,0
DA:13,0
DA:14,0
DA:15,0
DA:16,0
DA:18,0
DA:19,0
DA:20,0
DA:21,0
DA:22,0
DA:28,0
DA:29,0
DA:30,0
DA:31,0
DA:32,0
DA:33,0
DA:34,0
DA:35,0
DA:36,0
DA:39,0
DA:40,0
DA:41,0
DA:58,0
DA:61,0
DA:62,0
DA:64,0
DA:67,0
DA:72,0
DA:73,0
DA:74,0
DA:76,0
DA:77,0
DA:78,0
DA:82,0
DA:83,0
DA:84,0
DA:85,0
DA:87,0
DA:88,0
DA:89,0
DA:90,0
DA:96,0
DA:98,0
DA:100,0
DA:101,0
DA:102,0
DA:106,0
DA:107,0
DA:108,0
DA:110,0
DA:111,0
DA:115,0
DA:116,0
DA:117,0
DA:122,0
DA:123,0
DA:125,0
DA:130,0
DA:131,0
DA:132,0
DA:134,0
DA:137,0
DA:138,0
DA:139,0
DA:140,0
DA:145,0
DA:146,0
DA:149,0
DA:150,0
DA:151,0
DA:155,0
DA:158,0
DA:159,0
DA:162,0
DA:165,0
DA:173,0
DA:174,0
DA:175,0
DA:176,0
DA:177,0
DA:178,0
DA:179,0
DA:182,0
DA:185,0
DA:188,0
DA:192,0
DA:193,0
DA:194,0
DA:196,0
DA:197,0
DA:200,0
DA:201,0
DA:204,0
DA:206,0
DA:207,0
DA:214,0
DA:215,0
DA:216,0
DA:217,0
DA:218,0
DA:219,0
DA:221,0
DA:223,0
DA:225,0
DA:226,0
DA:227,0
DA:229,0
DA:231,0
DA:232,0
DA:233,0
DA:234,0
DA:242,0
DA:243,0
DA:244,0
DA:245,0
DA:249,0
DA:258,0
DA:263,0
DA:265,0
DA:269,0
DA:270,0
DA:274,0
DA:279,0
DA:280,0
DA:282,0
DA:283,0
DA:286,0
DA:290,0
DA:291,0
DA:292,0
DA:293,0
DA:301,0
DA:302,0
DA:304,0
DA:305,0
DA:306,0
DA:307,0
DA:309,0
DA:310,0
DA:314,0
DA:318,0
DA:321,0
DA:322,0
DA:323,0
DA:328,0
DA:329,0
DA:331,0
DA:332,0
DA:334,0
DA:335,0
DA:341,0
DA:342,0
DA:343,0
DA:347,0
DA:348,0
DA:351,0
DA:352,0
DA:353,0
DA:358,0
DA:359,0
DA:360,0
DA:361,0
DA:364,0
DA:366,0
DA:370,0
DA:371,0
DA:373,0
DA:375,0
DA:379,0
DA:380,0
DA:384,0
DA:385,0
DA:387,0
DA:391,0
DA:392,0
DA:393,0
DA:394,0
DA:398,0
DA:399,0
DA:400,0
DA:404,0
DA:406,0
DA:407,0
DA:408,0
DA:409,0
DA:412,0
DA:413,0
DA:414,0
DA:437,0
DA:438,0
DA:441,0
DA:442,0
DA:444,0
DA:445,0
DA:446,0
DA:449,0
DA:453,0
DA:456,0
DA:465,0
DA:468,0
DA:469,0
DA:474,0
DA:498,0
DA:518,0
DA:532,0
DA:565,0
DA:568,0
DA:581,0
DA:602,0
DA:605,0
DA:635,0
DA:640,0
DA:641,0
DA:642,0
DA:645,0
DA:646,0
DA:647,0
DA:649,0
DA:650,0
DA:654,0
DA:658,0
DA:659,0
DA:660,0
DA:663,0
DA:664,0
DA:667,0
DA:668,0
DA:673,0
DA:674,0
DA:678,0
DA:679,0
DA:681,0
DA:682,0
DA:683,0
DA:685,0
DA:689,0
DA:690,0
DA:691,0
DA:694,0
DA:695,0
DA:696,0
DA:700,0
DA:701,0
DA:702,0
DA:704,0
DA:705,0
DA:709,0
DA:713,0
DA:754,0
DA:756,0
DA:757,0
DA:759,0
DA:790,0
DA:825,0
DA:826,0
DA:827,0
DA:828,0
DA:879,0
DA:881,0
DA:882,0
DA:884,0
DA:886,0
DA:887,0
DA:891,0
DA:894,0
DA:897,0
DA:908,0
DA:909,0
DA:972,0
DA:1038,0
DA:1057,0
DA:1084,0
DA:1133,0
DA:1135,0
DA:1136,0
DA:1137,0
DA:1139,0
DA:1152,0
DA:1153,0
DA:1166,0
DA:1298,0
DA:1343,0
LF:291
LH:0
BRDA:62,0,0,0
BRDA:62,0,1,0
BRDA:67,1,0,0
BRDA:67,1,1,0
BRDA:74,2,0,0
BRDA:74,2,1,0
BRDA:82,3,0,0
BRDA:83,4,0,0
BRDA:83,4,1,0
BRDA:91,5,0,0
BRDA:91,5,1,0
BRDA:98,6,0,0
BRDA:98,6,1,0
BRDA:108,7,0,0
BRDA:108,7,1,0
BRDA:116,8,0,0
BRDA:116,8,1,0
BRDA:123,9,0,0
BRDA:123,9,1,0
BRDA:123,10,0,0
BRDA:123,10,1,0
BRDA:146,11,0,0
BRDA:146,11,1,0
BRDA:146,12,0,0
BRDA:146,12,1,0
BRDA:150,13,0,0
BRDA:150,13,1,0
BRDA:196,14,0,0
BRDA:196,14,1,0
BRDA:204,15,0,0
BRDA:204,15,1,0
BRDA:204,15,2,0
BRDA:206,16,0,0
BRDA:206,16,1,0
BRDA:206,17,0,0
BRDA:206,17,1,0
BRDA:207,18,0,0
BRDA:207,18,1,0
BRDA:214,19,0,0
BRDA:214,19,1,0
BRDA:214,20,0,0
BRDA:214,20,1,0
BRDA:221,21,0,0
BRDA:221,21,1,0
BRDA:229,22,0,0
BRDA:229,22,1,0
BRDA:242,23,0,0
BRDA:242,23,1,0
BRDA:242,24,0,0
BRDA:242,24,1,0
BRDA:249,25,0,0
BRDA:249,25,1,0
BRDA:258,26,0,0
BRDA:258,26,1,0
BRDA:258,26,2,0
BRDA:258,26,3,0
BRDA:263,27,0,0
BRDA:263,27,1,0
BRDA:263,28,0,0
BRDA:263,28,1,0
BRDA:263,28,2,0
BRDA:269,29,0,0
BRDA:269,29,1,0
BRDA:274,30,0,0
BRDA:274,30,1,0
BRDA:279,31,0,0
BRDA:279,31,1,0
BRDA:279,32,0,0
BRDA:279,32,1,0
BRDA:280,33,0,0
BRDA:280,33,1,0
BRDA:291,34,0,0
BRDA:291,34,1,0
BRDA:304,35,0,0
BRDA:304,35,1,0
BRDA:305,36,0,0
BRDA:305,36,1,0
BRDA:322,37,0,0
BRDA:322,37,1,0
BRDA:329,38,0,0
BRDA:329,38,1,0
BRDA:329,39,0,0
BRDA:329,39,1,0
BRDA:342,40,0,0
BRDA:342,40,1,0
BRDA:347,41,0,0
BRDA:348,42,0,0
BRDA:348,42,1,0
BRDA:351,43,0,0
BRDA:351,43,1,0
BRDA:351,44,0,0
BRDA:351,44,1,0
BRDA:353,45,0,0
BRDA:353,45,1,0
BRDA:358,46,0,0
BRDA:358,46,1,0
BRDA:370,47,0,0
BRDA:370,47,1,0
BRDA:370,48,0,0
BRDA:370,48,1,0
BRDA:380,49,0,0
BRDA:380,49,1,0
BRDA:393,50,0,0
BRDA:393,50,1,0
BRDA:399,51,0,0
BRDA:399,51,1,0
BRDA:406,52,0,0
BRDA:406,52,1,0
BRDA:406,53,0,0
BRDA:406,53,1,0
BRDA:406,53,2,0
BRDA:412,54,0,0
BRDA:412,54,1,0
BRDA:412,55,0,0
BRDA:412,55,1,0
BRDA:423,56,0,0
BRDA:438,57,0,0
BRDA:438,57,1,0
BRDA:438,57,2,0
BRDA:442,58,0,0
BRDA:442,58,1,0
BRDA:445,59,0,0
BRDA:445,59,1,0
BRDA:453,60,0,0
BRDA:453,60,1,0
BRDA:464,61,0,0
BRDA:464,61,1,0
BRDA:465,62,0,0
BRDA:465,62,1,0
BRDA:468,63,0,0
BRDA:468,63,1,0
BRDA:489,64,0,0
BRDA:489,64,1,0
BRDA:514,65,0,0
BRDA:528,66,0,0
BRDA:528,66,1,0
BRDA:545,67,0,0
BRDA:567,68,0,0
BRDA:567,68,1,0
BRDA:568,69,0,0
BRDA:568,69,1,0
BRDA:569,70,0,0
BRDA:569,70,1,0
BRDA:570,71,0,0
BRDA:570,71,1,0
BRDA:583,72,0,0
BRDA:583,72,1,0
BRDA:586,73,0,0
BRDA:586,73,1,0
BRDA:587,74,0,0
BRDA:587,74,1,0
BRDA:598,75,0,0
BRDA:602,76,0,0
BRDA:602,76,1,0
BRDA:633,77,0,0
BRDA:647,78,0,0
BRDA:647,78,1,0
BRDA:647,79,0,0
BRDA:647,79,1,0
BRDA:660,80,0,0
BRDA:660,80,1,0
BRDA:660,81,0,0
BRDA:660,81,1,0
BRDA:681,82,0,0
BRDA:681,82,1,0
BRDA:682,83,0,0
BRDA:682,83,1,0
BRDA:694,84,0,0
BRDA:694,84,1,0
BRDA:701,85,0,0
BRDA:701,85,1,0
BRDA:702,86,0,0
BRDA:702,86,1,0
BRDA:702,87,0,0
BRDA:702,87,1,0
BRDA:718,88,0,0
BRDA:718,88,1,0
BRDA:718,88,2,0
BRDA:734,89,0,0
BRDA:746,90,0,0
BRDA:746,90,1,0
BRDA:754,91,0,0
BRDA:754,91,1,0
BRDA:756,92,0,0
BRDA:756,92,1,0
BRDA:757,93,0,0
BRDA:757,93,1,0
BRDA:757,94,0,0
BRDA:757,94,1,0
BRDA:757,94,2,0
BRDA:774,95,0,0
BRDA:774,95,1,0
BRDA:783,96,0,0
BRDA:794,97,0,0
BRDA:808,98,0,0
BRDA:819,99,0,0
BRDA:819,99,1,0
BRDA:822,100,0,0
BRDA:827,101,0,0
BRDA:827,101,1,0
BRDA:871,102,0,0
BRDA:872,103,0,0
BRDA:886,104,0,0
BRDA:886,104,1,0
BRDA:887,105,0,0
BRDA:887,105,1,0
BRDA:887,105,2,0
BRDA:906,106,0,0
BRDA:906,106,1,0
BRDA:915,107,0,0
BRDA:915,107,1,0
BRDA:918,108,0,0
BRDA:918,108,1,0
BRDA:922,109,0,0
BRDA:924,110,0,0
BRDA:933,111,0,0
BRDA:933,111,1,0
BRDA:938,112,0,0
BRDA:938,112,1,0
BRDA:943,113,0,0
BRDA:949,114,0,0
BRDA:949,114,1,0
BRDA:970,115,0,0
BRDA:970,115,1,0
BRDA:970,115,2,0
BRDA:974,116,0,0
BRDA:974,116,1,0
BRDA:977,117,0,0
BRDA:998,118,0,0
BRDA:997,119,0,0
BRDA:997,119,1,0
BRDA:997,119,2,0
BRDA:1010,120,0,0
BRDA:1010,120,1,0
BRDA:1018,121,0,0
BRDA:1022,122,0,0
BRDA:1030,123,0,0
BRDA:1060,124,0,0
BRDA:1067,125,0,0
BRDA:1067,125,1,0
BRDA:1078,126,0,0
BRDA:1081,127,0,0
BRDA:1081,127,1,0
BRDA:1133,128,0,0
BRDA:1133,128,1,0
BRDA:1137,129,0,0
BRDA:1137,129,1,0
BRDA:1137,129,2,0
BRDA:1139,130,0,0
BRDA:1139,130,1,0
BRDA:1152,131,0,0
BRDA:1152,131,1,0
BRDA:1153,132,0,0
BRDA:1153,132,1,0
BRDA:1159,133,0,0
BRDA:1159,133,1,0
BRDA:1174,134,0,0
BRDA:1254,135,0,0
BRDA:1254,135,1,0
BRDA:1262,136,0,0
BRDA:1262,136,1,0
BRDA:1265,137,0,0
BRDA:1265,137,1,0
BRDA:1269,138,0,0
BRDA:1269,138,1,0
BRDA:1290,139,0,0
BRDA:1290,139,1,0
BRDA:1290,139,2,0
BRDA:1301,140,0,0
BRDA:1308,141,0,0
BRDA:1308,141,1,0
BRDA:1315,142,0,0
BRDA:1346,143,0,0
BRDA:1353,144,0,0
BRDA:1353,144,1,0
BRF:275
BRH:0
end_of_record
TN:
SF:src/components/chat/CustomCallButtons.tsx
FN:98,CustomCallButtons
FN:106,(anonymous_6)
FN:112,(anonymous_7)
FN:121,(anonymous_8)
FN:156,(anonymous_9)
FN:163,(anonymous_10)
FN:194,InlineAgentSelector
FN:201,(anonymous_12)
FN:206,(anonymous_13)
FN:218,(anonymous_14)
FNF:10
FNH:0
FNDA:0,CustomCallButtons
FNDA:0,(anonymous_6)
FNDA:0,(anonymous_7)
FNDA:0,(anonymous_8)
FNDA:0,(anonymous_9)
FNDA:0,(anonymous_10)
FNDA:0,InlineAgentSelector
FNDA:0,(anonymous_12)
FNDA:0,(anonymous_13)
FNDA:0,(anonymous_14)
DA:3,0
DA:4,0
DA:5,0
DA:6,0
DA:16,0
DA:98,0
DA:106,0
DA:113,0
DA:114,0
DA:116,0
DA:122,0
DA:123,0
DA:157,0
DA:164,0
DA:165,0
DA:194,0
DA:202,0
DA:203,0
DA:206,0
DA:207,0
DA:209,0
DA:210,0
DA:212,0
DA:215,0
DA:218,0
LF:25
LH:0
BRDA:99,0,0,0
BRDA:103,1,0,0
BRDA:104,2,0,0
BRDA:122,3,0,0
BRDA:122,3,1,0
BRDA:123,4,0,0
BRDA:123,4,1,0
BRDA:129,5,0,0
BRDA:129,5,1,0
BRDA:132,6,0,0
BRDA:132,6,1,0
BRDA:134,7,0,0
BRDA:134,7,1,0
BRDA:134,8,0,0
BRDA:134,8,1,0
BRDA:139,9,0,0
BRDA:139,9,1,0
BRDA:140,10,0,0
BRDA:142,11,0,0
BRDA:149,12,0,0
BRDA:149,12,1,0
BRDA:164,13,0,0
BRDA:164,13,1,0
BRDA:164,14,0,0
BRDA:164,14,1,0
BRDA:173,15,0,0
BRDA:173,15,1,0
BRDA:197,16,0,0
BRDA:207,17,0,0
BRDA:207,17,1,0
BRDA:207,18,0,0
BRDA:207,18,1,0
BRDA:209,19,0,0
BRDA:209,19,1,0
BRDA:218,20,0,0
BRDA:218,20,1,0
BRDA:222,21,0,0
BRDA:222,21,1,0
BRDA:226,22,0,0
BRDA:226,22,1,0
BRDA:226,23,0,0
BRDA:226,23,1,0
BRDA:231,24,0,0
BRDA:231,24,1,0
BRDA:234,25,0,0
BRF:45
BRH:0
end_of_record
TN:
SF:src/components/chat/FeedbackButton.tsx
FN:31,FeedbackButton
FN:41,(anonymous_5)
FN:60,(anonymous_6)
FN:74,(anonymous_7)
FN:105,(anonymous_8)
FN:126,(anonymous_9)
FN:164,(anonymous_10)
FN:167,(anonymous_11)
FN:191,(anonymous_12)
FNF:9
FNH:0
FNDA:0,FeedbackButton
FNDA:0,(anonymous_5)
FNDA:0,(anonymous_6)
FNDA:0,(anonymous_7)
FNDA:0,(anonymous_8)
FNDA:0,(anonymous_9)
FNDA:0,(anonymous_10)
FNDA:0,(anonymous_11)
FNDA:0,(anonymous_12)
DA:3,0
DA:4,0
DA:5,0
DA:6,0
DA:7,0
DA:28,0
DA:29,0
DA:31,0
DA:38,0
DA:39,0
DA:41,0
DA:42,0
DA:45,0
DA:46,0
DA:51,0
DA:60,0
DA:61,0
DA:69,0
DA:70,0
DA:74,0
DA:75,0
DA:77,0
DA:79,0
DA:86,0
DA:87,0
DA:89,0
DA:90,0
DA:93,0
DA:94,0
DA:95,0
DA:96,0
DA:97,0
DA:105,0
DA:126,0
DA:165,0
DA:167,0
DA:191,0
LF:37
LH:0
BRDA:36,0,0,0
BRDA:42,1,0,0
BRDA:42,1,1,0
BRDA:42,2,0,0
BRDA:42,2,1,0
BRDA:45,3,0,0
BRDA:45,3,1,0
BRDA:63,4,0,0
BRDA:63,4,1,0
BRDA:69,5,0,0
BRDA:69,5,1,0
BRDA:75,6,0,0
BRDA:75,6,1,0
BRDA:81,7,0,0
BRDA:81,7,1,0
BRDA:95,8,0,0
BRDA:95,8,1,0
BRDA:96,9,0,0
BRDA:96,9,1,0
BRDA:106,10,0,0
BRDA:106,10,1,0
BRDA:109,11,0,0
BRDA:109,11,1,0
BRDA:112,12,0,0
BRDA:112,12,1,0
BRDA:112,12,2,0
BRDA:119,13,0,0
BRDA:119,13,1,0
BRDA:127,14,0,0
BRDA:127,14,1,0
BRDA:130,15,0,0
BRDA:130,15,1,0
BRDA:133,16,0,0
BRDA:133,16,1,0
BRDA:133,16,2,0
BRDA:140,17,0,0
BRDA:140,17,1,0
BRDA:146,18,0,0
BRDA:155,19,0,0
BRDA:170,20,0,0
BRDA:170,20,1,0
BRDA:182,21,0,0
BRDA:203,22,0,0
BRDA:203,22,1,0
BRDA:206,23,0,0
BRF:45
BRH:0
end_of_record
TN:
SF:src/components/chat/MetadataInputForm.tsx
FN:29,MetadataInputForm
FN:40,(anonymous_7)
FN:41,(anonymous_8)
FN:44,(anonymous_9)
FN:52,(anonymous_10)
FN:55,(anonymous_11)
FN:65,(anonymous_12)
FN:106,(anonymous_13)
FN:109,(anonymous_14)
FN:123,(anonymous_15)
FN:135,(anonymous_16)
FN:147,(anonymous_17)
FN:215,parseUserInputRequest
FN:245,(anonymous_19)
FNF:14
FNH:0
FNDA:0,MetadataInputForm
FNDA:0,(anonymous_7)
FNDA:0,(anonymous_8)
FNDA:0,(anonymous_9)
FNDA:0,(anonymous_10)
FNDA:0,(anonymous_11)
FNDA:0,(anonymous_12)
FNDA:0,(anonymous_13)
FNDA:0,(anonymous_14)
FNDA:0,(anonymous_15)
FNDA:0,(anonymous_16)
FNDA:0,(anonymous_17)
FNDA:0,parseUserInputRequest
FNDA:0,(anonymous_19)
DA:3,0
DA:4,0
DA:5,0
DA:6,0
DA:7,0
DA:29,0
DA:36,0
DA:37,0
DA:38,0
DA:40,0
DA:41,0
DA:43,0
DA:44,0
DA:45,0
DA:46,0
DA:47,0
DA:52,0
DA:53,0
DA:55,0
DA:56,0
DA:57,0
DA:61,0
DA:62,0
DA:65,0
DA:66,0
DA:68,0
DA:70,0
DA:71,0
DA:72,0
DA:74,0
DA:107,0
DA:109,0
DA:123,0
DA:136,0
DA:147,0
DA:215,0
DA:217,0
DA:218,0
DA:221,0
DA:223,0
DA:224,0
DA:225,0
DA:226,0
DA:227,0
DA:238,0
DA:239,0
DA:242,0
DA:243,0
DA:244,0
DA:245,0
DA:247,0
DA:249,0
DA:250,0
DA:258,0
DA:259,0
DA:265,0
LF:56
LH:0
BRDA:34,0,0,0
BRDA:43,1,0,0
BRDA:43,1,1,0
BRDA:56,2,0,0
BRDA:56,2,1,0
BRDA:68,3,0,0
BRDA:68,3,1,0
BRDA:92,4,0,0
BRDA:112,5,0,0
BRDA:120,6,0,0
BRDA:119,7,0,0
BRDA:119,7,1,0
BRDA:122,8,0,0
BRDA:122,8,1,0
BRDA:124,9,0,0
BRDA:124,9,1,0
BRDA:129,10,0,0
BRDA:129,10,1,0
BRDA:146,11,0,0
BRDA:146,11,1,0
BRDA:149,12,0,0
BRDA:149,12,1,0
BRDA:155,13,0,0
BRDA:155,13,1,0
BRDA:163,14,0,0
BRDA:177,15,0,0
BRDA:191,16,0,0
BRDA:191,16,1,0
BRDA:195,17,0,0
BRDA:218,18,0,0
BRDA:218,18,1,0
BRDA:224,19,0,0
BRDA:224,19,1,0
BRDA:226,20,0,0
BRDA:226,20,1,0
BRDA:244,21,0,0
BRDA:244,21,1,0
BRDA:247,22,0,0
BRDA:247,22,1,0
BRDA:249,23,0,0
BRDA:249,23,1,0
BRDA:249,24,0,0
BRDA:249,24,1,0
BRDA:258,25,0,0
BRDA:258,25,1,0
BRF:45
BRH:0
end_of_record
TN:
SF:src/components/chat/SubAgentCard.tsx
FN:22,SubAgentCard
FN:32,(anonymous_10)
FN:50,(anonymous_11)
FN:51,(anonymous_12)
FN:54,(anonymous_13)
FN:61,(anonymous_14)
FN:77,(anonymous_15)
FN:80,(anonymous_16)
FN:103,(anonymous_17)
FN:134,(anonymous_18)
FN:209,isRealSubAgent
FN:230,groupEventsByAgent
FN:253,getAgentDisplayOrder
FNF:13
FNH:0
FNDA:0,SubAgentCard
FNDA:0,(anonymous_10)
FNDA:0,(anonymous_11)
FNDA:0,(anonymous_12)
FNDA:0,(anonymous_13)
FNDA:0,(anonymous_14)
FNDA:0,(anonymous_15)
FNDA:0,(anonymous_16)
FNDA:0,(anonymous_17)
FNDA:0,(anonymous_18)
FNDA:0,isRealSubAgent
FNDA:0,groupEventsByAgent
FNDA:0,getAgentDisplayOrder
DA:3,0
DA:4,0
DA:5,0
DA:7,0
DA:8,0
DA:9,0
DA:22,0
DA:28,0
DA:29,0
DA:32,0
DA:33,0
DA:35,0
DA:37,0
DA:38,0
DA:41,0
DA:42,0
DA:46,0
DA:50,0
DA:51,0
DA:52,0
DA:54,0
DA:55,0
DA:57,0
DA:61,0
DA:63,0
DA:73,0
DA:74,0
DA:77,0
DA:78,0
DA:79,0
DA:80,0
DA:83,0
DA:84,0
DA:103,0
DA:135,0
DA:136,0
DA:187,0
DA:196,0
DA:209,0
DA:210,0
DA:213,0
DA:214,0
DA:218,0
DA:219,0
DA:224,0
DA:230,0
DA:231,0
DA:233,0
DA:235,0
DA:238,0
DA:240,0
DA:241,0
DA:243,0
DA:246,0
DA:253,0
DA:254,0
DA:255,0
DA:257,0
DA:258,0
DA:261,0
DA:262,0
DA:265,0
DA:266,0
DA:269,0
LF:64
LH:0
BRDA:25,0,0,0
BRDA:37,1,0,0
BRDA:37,1,1,0
BRDA:37,2,0,0
BRDA:37,2,1,0
BRDA:41,3,0,0
BRDA:41,3,1,0
BRDA:52,4,0,0
BRDA:52,4,1,0
BRDA:55,5,0,0
BRDA:55,5,1,0
BRDA:57,6,0,0
BRDA:57,6,1,0
BRDA:74,7,0,0
BRDA:74,7,1,0
BRDA:83,8,0,0
BRDA:83,8,1,0
BRDA:83,9,0,0
BRDA:83,9,1,0
BRDA:92,10,0,0
BRDA:92,10,1,0
BRDA:110,11,0,0
BRDA:110,11,1,0
BRDA:116,12,0,0
BRDA:122,13,0,0
BRDA:122,13,1,0
BRDA:132,14,0,0
BRDA:142,15,0,0
BRDA:152,16,0,0
BRDA:161,17,0,0
BRDA:163,18,0,0
BRDA:163,18,1,0
BRDA:169,19,0,0
BRDA:169,19,1,0
BRDA:213,20,0,0
BRDA:213,20,1,0
BRDA:218,21,0,0
BRDA:218,21,1,0
BRDA:224,22,0,0
BRDA:224,22,1,0
BRDA:235,23,0,0
BRDA:235,23,1,0
BRDA:240,24,0,0
BRDA:240,24,1,0
BRDA:258,25,0,0
BRDA:258,25,1,0
BRDA:261,26,0,0
BRDA:261,26,1,0
BRDA:261,27,0,0
BRDA:261,27,1,0
BRF:50
BRH:0
end_of_record
TN:
SF:src/components/gallery/IntegrationOrbit.tsx
FN:237,IntegrationOrbit
FN:303,(anonymous_3)
FN:347,(anonymous_4)
FN:384,(anonymous_5)
FNF:4
FNH:0
FNDA:0,IntegrationOrbit
FNDA:0,(anonymous_3)
FNDA:0,(anonymous_4)
FNDA:0,(anonymous_5)
DA:3,0
DA:4,0
DA:8,0
DA:233,0
DA:235,0
DA:237,0
DA:304,0
DA:305,0
DA:306,0
DA:308,0
DA:348,0
DA:349,0
DA:350,0
DA:352,0
DA:386,0
DA:387,0
DA:388,0
DA:389,0
DA:390,0
DA:392,0
LF:20
LH:0
BRF:0
BRH:0
end_of_record
TN:
SF:src/components/gallery/UseCaseBuilder.tsx
FN:46,UseCaseBuilder
FN:62,(anonymous_7)
FN:63,(anonymous_8)
FN:66,(anonymous_9)
FN:74,(anonymous_10)
FN:75,(anonymous_11)
FN:77,(anonymous_12)
FN:82,(anonymous_13)
FN:105,(anonymous_14)
FN:119,(anonymous_15)
FN:120,(anonymous_16)
FN:145,(anonymous_17)
FN:167,(anonymous_18)
FN:188,(anonymous_19)
FN:207,(anonymous_20)
FN:228,(anonymous_21)
FN:251,(anonymous_22)
FN:264,(anonymous_23)
FN:282,(anonymous_24)
FN:297,(anonymous_25)
FN:315,(anonymous_26)
FN:330,(anonymous_27)
FN:346,(anonymous_28)
FN:419,UseCaseBuilderDialog
FN:425,(anonymous_30)
FN:430,(anonymous_31)
FNF:26
FNH:0
FNDA:0,UseCaseBuilder
FNDA:0,(anonymous_7)
FNDA:0,(anonymous_8)
FNDA:0,(anonymous_9)
FNDA:0,(anonymous_10)
FNDA:0,(anonymous_11)
FNDA:0,(anonymous_12)
FNDA:0,(anonymous_13)
FNDA:0,(anonymous_14)
FNDA:0,(anonymous_15)
FNDA:0,(anonymous_16)
FNDA:0,(anonymous_17)
FNDA:0,(anonymous_18)
FNDA:0,(anonymous_19)
FNDA:0,(anonymous_20)
FNDA:0,(anonymous_21)
FNDA:0,(anonymous_22)
FNDA:0,(anonymous_23)
FNDA:0,(anonymous_24)
FNDA:0,(anonymous_25)
FNDA:0,(anonymous_26)
FNDA:0,(anonymous_27)
FNDA:0,(anonymous_28)
FNDA:0,UseCaseBuilderDialog
FNDA:0,(anonymous_30)
FNDA:0,(anonymous_31)
DA:3,0
DA:4,0
DA:5,0
DA:6,0
DA:7,0
DA:15,0
DA:16,0
DA:17,0
DA:33,0
DA:40,0
DA:46,0
DA:47,0
DA:49,0
DA:57,0
DA:58,0
DA:59,0
DA:60,0
DA:62,0
DA:63,0
DA:65,0
DA:66,0
DA:67,0
DA:68,0
DA:69,0
DA:74,0
DA:75,0
DA:76,0
DA:77,0
DA:82,0
DA:83,0
DA:85,0
DA:86,0
DA:88,0
DA:89,0
DA:91,0
DA:92,0
DA:94,0
DA:95,0
DA:97,0
DA:98,0
DA:101,0
DA:102,0
DA:105,0
DA:106,0
DA:108,0
DA:109,0
DA:112,0
DA:113,0
DA:115,0
DA:117,0
DA:119,0
DA:120,0
DA:122,0
DA:132,0
DA:136,0
DA:144,0
DA:145,0
DA:146,0
DA:149,0
DA:152,0
DA:153,0
DA:161,0
DA:162,0
DA:166,0
DA:167,0
DA:168,0
DA:172,0
DA:173,0
DA:175,0
DA:188,0
DA:207,0
DA:228,0
DA:252,0
DA:264,0
DA:283,0
DA:297,0
DA:316,0
DA:330,0
DA:346,0
DA:419,0
DA:425,0
DA:426,0
DA:427,0
DA:430,0
DA:431,0
DA:435,0
LF:86
LH:0
BRDA:50,0,0,0
BRDA:50,0,1,0
BRDA:51,1,0,0
BRDA:51,1,1,0
BRDA:52,2,0,0
BRDA:52,2,1,0
BRDA:53,3,0,0
BRDA:53,3,1,0
BRDA:54,4,0,0
BRDA:54,4,1,0
BRDA:55,5,0,0
BRDA:55,5,1,0
BRDA:57,6,0,0
BRDA:57,6,1,0
BRDA:65,7,0,0
BRDA:65,7,1,0
BRDA:76,8,0,0
BRDA:76,8,1,0
BRDA:85,9,0,0
BRDA:85,9,1,0
BRDA:88,10,0,0
BRDA:88,10,1,0
BRDA:91,11,0,0
BRDA:91,11,1,0
BRDA:94,12,0,0
BRDA:94,12,1,0
BRDA:97,13,0,0
BRDA:97,13,1,0
BRDA:108,14,0,0
BRDA:108,14,1,0
BRDA:132,15,0,0
BRDA:132,15,1,0
BRDA:137,16,0,0
BRDA:137,16,1,0
BRDA:144,17,0,0
BRDA:144,17,1,0
BRDA:145,18,0,0
BRDA:145,18,1,0
BRDA:146,19,0,0
BRDA:146,19,1,0
BRDA:146,20,0,0
BRDA:146,20,1,0
BRDA:152,21,0,0
BRDA:152,21,1,0
BRDA:166,22,0,0
BRDA:166,22,1,0
BRDA:192,23,0,0
BRDA:192,23,1,0
BRDA:195,24,0,0
BRDA:213,25,0,0
BRDA:213,25,1,0
BRDA:216,26,0,0
BRDA:234,27,0,0
BRDA:234,27,1,0
BRDA:237,28,0,0
BRDA:256,29,0,0
BRDA:256,29,1,0
BRDA:271,30,0,0
BRDA:287,31,0,0
BRDA:287,31,1,0
BRDA:304,32,0,0
BRDA:320,33,0,0
BRDA:320,33,1,0
BRDA:356,34,0,0
BRDA:367,35,0,0
BRDA:385,36,0,0
BRDA:387,37,0,0
BRDA:387,37,1,0
BRDA:392,38,0,0
BRDA:392,38,1,0
BRDA:426,39,0,0
BRDA:426,39,1,0
BRDA:447,40,0,0
BRDA:447,40,1,0
BRDA:450,41,0,0
BRDA:450,41,1,0
BRF:76
BRH:0
end_of_record
TN:
SF:src/components/gallery/UseCasesGallery.tsx
FN:199,UseCasesGallery
FN:207,(anonymous_5)
FN:214,(anonymous_6)
FN:241,(anonymous_7)
FN:247,(anonymous_8)
FN:259,(anonymous_9)
FN:276,(anonymous_10)
FN:289,(anonymous_11)
FN:303,(anonymous_12)
FN:332,(anonymous_13)
FN:342,(anonymous_14)
FN:353,(anonymous_15)
FN:354,(anonymous_16)
FN:357,(anonymous_17)
FN:362,(anonymous_18)
FN:367,(anonymous_19)
FN:381,(anonymous_20)
FN:395,(anonymous_21)
FN:402,(anonymous_22)
FN:405,(anonymous_23)
FN:413,(anonymous_24)
FN:420,(anonymous_25)
FN:424,(anonymous_26)
FN:429,(anonymous_27)
FN:441,(anonymous_28)
FN:472,(anonymous_29)
FN:479,(anonymous_30)
FN:484,(anonymous_31)
FN:495,(anonymous_32)
FN:512,(anonymous_33)
FN:519,(anonymous_34)
FN:528,(anonymous_35)
FN:557,(anonymous_36)
FN:567,(anonymous_37)
FN:568,(anonymous_38)
FN:578,(anonymous_39)
FN:605,(anonymous_40)
FN:610,(anonymous_41)
FN:633,(anonymous_42)
FN:643,(anonymous_43)
FN:698,(anonymous_44)
FN:731,(anonymous_45)
FN:741,(anonymous_46)
FN:761,(anonymous_47)
FN:767,(anonymous_48)
FNF:45
FNH:0
FNDA:0,UseCasesGallery
FNDA:0,(anonymous_5)
FNDA:0,(anonymous_6)
FNDA:0,(anonymous_7)
FNDA:0,(anonymous_8)
FNDA:0,(anonymous_9)
FNDA:0,(anonymous_10)
FNDA:0,(anonymous_11)
FNDA:0,(anonymous_12)
FNDA:0,(anonymous_13)
FNDA:0,(anonymous_14)
FNDA:0,(anonymous_15)
FNDA:0,(anonymous_16)
FNDA:0,(anonymous_17)
FNDA:0,(anonymous_18)
FNDA:0,(anonymous_19)
FNDA:0,(anonymous_20)
FNDA:0,(anonymous_21)
FNDA:0,(anonymous_22)
FNDA:0,(anonymous_23)
FNDA:0,(anonymous_24)
FNDA:0,(anonymous_25)
FNDA:0,(anonymous_26)
FNDA:0,(anonymous_27)
FNDA:0,(anonymous_28)
FNDA:0,(anonymous_29)
FNDA:0,(anonymous_30)
FNDA:0,(anonymous_31)
FNDA:0,(anonymous_32)
FNDA:0,(anonymous_33)
FNDA:0,(anonymous_34)
FNDA:0,(anonymous_35)
FNDA:0,(anonymous_36)
FNDA:0,(anonymous_37)
FNDA:0,(anonymous_38)
FNDA:0,(anonymous_39)
FNDA:0,(anonymous_40)
FNDA:0,(anonymous_41)
FNDA:0,(anonymous_42)
FNDA:0,(anonymous_43)
FNDA:0,(anonymous_44)
FNDA:0,(anonymous_45)
FNDA:0,(anonymous_46)
FNDA:0,(anonymous_47)
FNDA:0,(anonymous_48)
DA:3,0
DA:4,0
DA:26,0
DA:27,0
DA:28,0
DA:29,0
DA:30,0
DA:31,0
DA:33,0
DA:34,0
DA:36,0
DA:55,0
DA:199,0
DA:200,0
DA:201,0
DA:202,0
DA:203,0
DA:204,0
DA:207,0
DA:208,0
DA:209,0
DA:210,0
DA:211,0
DA:212,0
DA:214,0
DA:215,0
DA:216,0
DA:218,0
DA:220,0
DA:231,0
DA:234,0
DA:236,0
DA:241,0
DA:242,0
DA:246,0
DA:247,0
DA:250,0
DA:251,0
DA:252,0
DA:255,0
DA:256,0
DA:259,0
DA:262,0
DA:263,0
DA:265,0
DA:267,0
DA:268,0
DA:269,0
DA:272,0
DA:276,0
DA:278,0
DA:279,0
DA:283,0
DA:284,0
DA:285,0
DA:289,0
DA:293,0
DA:301,0
DA:303,0
DA:307,0
DA:308,0
DA:309,0
DA:310,0
DA:311,0
DA:314,0
DA:323,0
DA:332,0
DA:334,0
DA:336,0
DA:338,0
DA:339,0
DA:341,0
DA:342,0
DA:343,0
DA:345,0
DA:346,0
DA:348,0
DA:353,0
DA:354,0
DA:356,0
DA:357,0
DA:362,0
DA:363,0
DA:366,0
DA:367,0
DA:368,0
DA:369,0
DA:373,0
DA:374,0
DA:375,0
DA:380,0
DA:381,0
DA:383,0
DA:385,0
DA:386,0
DA:390,0
DA:391,0
DA:395,0
DA:396,0
DA:397,0
DA:398,0
DA:402,0
DA:403,0
DA:405,0
DA:406,0
DA:407,0
DA:408,0
DA:413,0
DA:414,0
DA:415,0
DA:417,0
DA:420,0
DA:422,0
DA:424,0
DA:425,0
DA:426,0
DA:429,0
DA:430,0
DA:432,0
DA:434,0
DA:436,0
DA:441,0
DA:442,0
DA:472,0
DA:480,0
DA:484,0
DA:495,0
DA:513,0
DA:514,0
DA:519,0
DA:529,0
DA:558,0
DA:559,0
DA:561,0
DA:567,0
DA:568,0
DA:578,0
DA:605,0
DA:610,0
DA:634,0
DA:644,0
DA:698,0
DA:732,0
DA:741,0
DA:761,0
DA:768,0
DA:769,0
LF:147
LH:0
BRDA:211,0,0,0
BRDA:211,0,1,0
BRDA:215,1,0,0
BRDA:215,1,1,0
BRDA:216,2,0,0
BRDA:216,2,1,0
BRDA:218,3,0,0
BRDA:218,3,1,0
BRDA:222,4,0,0
BRDA:222,4,1,0
BRDA:228,5,0,0
BRDA:228,5,1,0
BRDA:268,6,0,0
BRDA:268,6,1,0
BRDA:278,7,0,0
BRDA:278,7,1,0
BRDA:284,8,0,0
BRDA:284,8,1,0
BRDA:308,9,0,0
BRDA:308,9,1,0
BRDA:308,10,0,0
BRDA:308,10,1,0
BRDA:310,11,0,0
BRDA:310,11,1,0
BRDA:310,12,0,0
BRDA:310,12,1,0
BRDA:336,13,0,0
BRDA:336,13,1,0
BRDA:356,14,0,0
BRDA:356,14,1,0
BRDA:363,15,0,0
BRDA:363,15,1,0
BRDA:368,16,0,0
BRDA:368,16,1,0
BRDA:368,17,0,0
BRDA:368,17,1,0
BRDA:373,18,0,0
BRDA:373,18,1,0
BRDA:406,19,0,0
BRDA:406,19,1,0
BRDA:422,20,0,0
BRDA:422,20,1,0
BRDA:422,20,2,0
BRDA:425,21,0,0
BRDA:425,21,1,0
BRDA:426,22,0,0
BRDA:426,22,1,0
BRDA:430,23,0,0
BRDA:430,23,1,0
BRDA:430,23,2,0
BRDA:482,24,0,0
BRDA:482,24,1,0
BRDA:487,25,0,0
BRDA:487,25,1,0
BRDA:493,26,0,0
BRDA:505,27,0,0
BRDA:505,27,1,0
BRDA:513,28,0,0
BRDA:513,28,1,0
BRDA:513,29,0,0
BRDA:513,29,1,0
BRDA:558,30,0,0
BRDA:558,30,1,0
BRDA:558,31,0,0
BRDA:558,31,1,0
BRDA:574,32,0,0
BRDA:574,32,1,0
BRDA:583,33,0,0
BRDA:583,33,1,0
BRDA:591,34,0,0
BRDA:591,34,1,0
BRDA:599,35,0,0
BRDA:599,35,1,0
BRDA:605,36,0,0
BRDA:648,37,0,0
BRDA:658,38,0,0
BRDA:658,38,1,0
BRDA:672,39,0,0
BRDA:684,40,0,0
BRDA:712,41,0,0
BRDA:735,42,0,0
BRDA:740,43,0,0
BRDA:740,43,1,0
BRDA:744,44,0,0
BRDA:744,44,1,0
BRDA:747,45,0,0
BRDA:747,45,1,0
BRDA:753,46,0,0
BRDA:761,47,0,0
BRDA:769,48,0,0
BRDA:769,48,1,0
BRDA:786,49,0,0
BRDA:786,49,1,0
BRDA:800,50,0,0
BRDA:800,50,1,0
BRF:95
BRH:0
end_of_record
TN:
SF:src/components/layout/Sidebar.tsx
FN:29,Sidebar
FN:39,(anonymous_5)
FN:57,(anonymous_6)
FN:98,(anonymous_7)
FN:111,(anonymous_8)
FN:142,(anonymous_9)
FN:181,(anonymous_10)
FN:219,(anonymous_11)
FN:268,(anonymous_12)
FNF:9
FNH:0
FNDA:0,Sidebar
FNDA:0,(anonymous_5)
FNDA:0,(anonymous_6)
FNDA:0,(anonymous_7)
FNDA:0,(anonymous_8)
FNDA:0,(anonymous_9)
FNDA:0,(anonymous_10)
FNDA:0,(anonymous_11)
FNDA:0,(anonymous_12)
DA:3,0
DA:4,0
DA:14,0
DA:15,0
DA:16,0
DA:17,0
DA:18,0
DA:19,0
DA:29,0
DA:36,0
DA:37,0
DA:39,0
DA:40,0
DA:41,0
DA:42,0
DA:57,0
DA:99,0
DA:111,0
DA:143,0
DA:144,0
DA:181,0
DA:219,0
DA:269,0
DA:271,0
DA:272,0
LF:25
LH:0
BRDA:48,0,0,0
BRDA:48,0,1,0
BRDA:61,1,0,0
BRDA:69,2,0,0
BRDA:75,3,0,0
BRDA:75,3,1,0
BRDA:80,4,0,0
BRDA:86,5,0,0
BRDA:88,6,0,0
BRDA:107,7,0,0
BRDA:107,7,1,0
BRDA:115,8,0,0
BRDA:115,8,1,0
BRDA:121,9,0,0
BRDA:121,9,1,0
BRDA:127,10,0,0
BRDA:155,11,0,0
BRDA:155,11,1,0
BRDA:174,12,0,0
BRDA:178,13,0,0
BRDA:271,14,0,0
BRDA:271,14,1,0
BRF:22
BRH:0
end_of_record
TN:
SF:src/components/rag/GraphView.tsx
FN:17,(anonymous_5)
FN:17,(anonymous_6)
FN:29,(anonymous_9)
FN:29,(anonymous_10)
FN:47,GraphView
FN:52,(anonymous_14)
FN:66,(anonymous_15)
FN:70,(anonymous_16)
FN:129,(anonymous_17)
FN:139,(anonymous_18)
FNF:10
FNH:0
FNDA:0,(anonymous_5)
FNDA:0,(anonymous_6)
FNDA:0,(anonymous_9)
FNDA:0,(anonymous_10)
FNDA:0,GraphView
FNDA:0,(anonymous_14)
FNDA:0,(anonymous_15)
FNDA:0,(anonymous_16)
FNDA:0,(anonymous_17)
FNDA:0,(anonymous_18)
DA:9,0
DA:10,0
DA:11,0
DA:12,0
DA:17,0
DA:29,0
DA:47,0
DA:48,0
DA:49,0
DA:50,0
DA:52,0
DA:53,0
DA:54,0
DA:55,0
DA:56,0
DA:57,0
DA:59,0
DA:60,0
DA:62,0
DA:66,0
DA:67,0
DA:70,0
DA:71,0
DA:72,0
DA:76,0
DA:87,0
DA:129,0
DA:139,0
LF:28
LH:0
BRDA:56,0,0,0
BRDA:56,0,1,0
BRDA:71,1,0,0
BRDA:71,1,1,0
BRDA:76,2,0,0
BRDA:76,2,1,0
BRDA:87,3,0,0
BRDA:87,3,1,0
BRDA:131,4,0,0
BRDA:131,4,1,0
BRDA:141,5,0,0
BRDA:141,5,1,0
BRDA:154,6,0,0
BRF:13
BRH:0
end_of_record
TN:
SF:src/components/rag/IngestView.tsx
FN:32,IngestView
FN:64,(anonymous_5)
FN:67,(anonymous_6)
FN:72,(anonymous_7)
FN:77,(anonymous_8)
FN:78,(anonymous_9)
FN:83,(anonymous_10)
FN:87,(anonymous_11)
FN:90,(anonymous_12)
FN:99,(anonymous_13)
FN:105,(anonymous_14)
FN:109,(anonymous_15)
FN:115,(anonymous_16)
FN:120,(anonymous_17)
FN:121,(anonymous_18)
FN:131,(anonymous_19)
FN:132,(anonymous_20)
FN:133,(anonymous_21)
FN:134,(anonymous_22)
FN:142,(anonymous_23)
FN:145,(anonymous_24)
FN:148,(anonymous_25)
FN:153,(anonymous_26)
FN:159,(anonymous_27)
FN:162,(anonymous_28)
FN:164,(anonymous_29)
FN:172,(anonymous_30)
FN:185,(anonymous_31)
FN:197,(anonymous_32)
FN:198,(anonymous_33)
FN:209,(anonymous_34)
FN:210,(anonymous_35)
FN:221,(anonymous_36)
FN:222,(anonymous_37)
FN:233,(anonymous_38)
FN:259,(anonymous_39)
FN:273,(anonymous_40)
FN:285,(anonymous_41)
FN:298,(anonymous_42)
FN:322,(anonymous_43)
FN:332,(anonymous_44)
FN:354,(anonymous_45)
FN:370,(anonymous_46)
FN:383,(anonymous_47)
FN:402,(anonymous_48)
FN:418,(anonymous_49)
FN:437,(anonymous_50)
FN:451,(anonymous_51)
FN:460,(anonymous_52)
FN:461,(anonymous_53)
FN:465,(anonymous_54)
FN:498,(anonymous_55)
FN:511,(anonymous_56)
FN:542,(anonymous_57)
FN:550,(anonymous_58)
FN:628,(anonymous_59)
FN:639,(anonymous_60)
FN:681,(anonymous_61)
FN:692,(anonymous_62)
FN:711,(anonymous_63)
FN:747,(anonymous_64)
FN:747,(anonymous_65)
FN:755,(anonymous_66)
FN:755,(anonymous_67)
FN:770,(anonymous_68)
FN:784,(anonymous_69)
FN:784,(anonymous_70)
FN:808,(anonymous_71)
FN:814,(anonymous_72)
FN:845,(anonymous_73)
FN:850,(anonymous_74)
FNF:71
FNH:0
FNDA:0,IngestView
FNDA:0,(anonymous_5)
FNDA:0,(anonymous_6)
FNDA:0,(anonymous_7)
FNDA:0,(anonymous_8)
FNDA:0,(anonymous_9)
FNDA:0,(anonymous_10)
FNDA:0,(anonymous_11)
FNDA:0,(anonymous_12)
FNDA:0,(anonymous_13)
FNDA:0,(anonymous_14)
FNDA:0,(anonymous_15)
FNDA:0,(anonymous_16)
FNDA:0,(anonymous_17)
FNDA:0,(anonymous_18)
FNDA:0,(anonymous_19)
FNDA:0,(anonymous_20)
FNDA:0,(anonymous_21)
FNDA:0,(anonymous_22)
FNDA:0,(anonymous_23)
FNDA:0,(anonymous_24)
FNDA:0,(anonymous_25)
FNDA:0,(anonymous_26)
FNDA:0,(anonymous_27)
FNDA:0,(anonymous_28)
FNDA:0,(anonymous_29)
FNDA:0,(anonymous_30)
FNDA:0,(anonymous_31)
FNDA:0,(anonymous_32)
FNDA:0,(anonymous_33)
FNDA:0,(anonymous_34)
FNDA:0,(anonymous_35)
FNDA:0,(anonymous_36)
FNDA:0,(anonymous_37)
FNDA:0,(anonymous_38)
FNDA:0,(anonymous_39)
FNDA:0,(anonymous_40)
FNDA:0,(anonymous_41)
FNDA:0,(anonymous_42)
FNDA:0,(anonymous_43)
FNDA:0,(anonymous_44)
FNDA:0,(anonymous_45)
FNDA:0,(anonymous_46)
FNDA:0,(anonymous_47)
FNDA:0,(anonymous_48)
FNDA:0,(anonymous_49)
FNDA:0,(anonymous_50)
FNDA:0,(anonymous_51)
FNDA:0,(anonymous_52)
FNDA:0,(anonymous_53)
FNDA:0,(anonymous_54)
FNDA:0,(anonymous_55)
FNDA:0,(anonymous_56)
FNDA:0,(anonymous_57)
FNDA:0,(anonymous_58)
FNDA:0,(anonymous_59)
FNDA:0,(anonymous_60)
FNDA:0,(anonymous_61)
FNDA:0,(anonymous_62)
FNDA:0,(anonymous_63)
FNDA:0,(anonymous_64)
FNDA:0,(anonymous_65)
FNDA:0,(anonymous_66)
FNDA:0,(anonymous_67)
FNDA:0,(anonymous_68)
FNDA:0,(anonymous_69)
FNDA:0,(anonymous_70)
FNDA:0,(anonymous_71)
FNDA:0,(anonymous_72)
FNDA:0,(anonymous_73)
FNDA:0,(anonymous_74)
DA:12,0
DA:13,0
DA:14,0
DA:15,0
DA:29,0
DA:30,0
DA:32,0
DA:34,0
DA:35,0
DA:36,0
DA:37,0
DA:38,0
DA:39,0
DA:42,0
DA:43,0
DA:44,0
DA:45,0
DA:46,0
DA:47,0
DA:50,0
DA:51,0
DA:52,0
DA:55,0
DA:56,0
DA:57,0
DA:60,0
DA:61,0
DA:64,0
DA:65,0
DA:67,0
DA:72,0
DA:73,0
DA:77,0
DA:78,0
DA:79,0
DA:83,0
DA:84,0
DA:86,0
DA:87,0
DA:90,0
DA:91,0
DA:92,0
DA:93,0
DA:98,0
DA:99,0
DA:100,0
DA:101,0
DA:102,0
DA:105,0
DA:106,0
DA:109,0
DA:110,0
DA:111,0
DA:115,0
DA:116,0
DA:117,0
DA:120,0
DA:121,0
DA:122,0
DA:123,0
DA:126,0
DA:127,0
DA:131,0
DA:132,0
DA:133,0
DA:134,0
DA:135,0
DA:136,0
DA:142,0
DA:145,0
DA:146,0
DA:147,0
DA:148,0
DA:149,0
DA:150,0
DA:151,0
DA:153,0
DA:155,0
DA:159,0
DA:160,0
DA:161,0
DA:162,0
DA:163,0
DA:164,0
DA:165,0
DA:168,0
DA:172,0
DA:173,0
DA:174,0
DA:175,0
DA:176,0
DA:177,0
DA:179,0
DA:181,0
DA:185,0
DA:186,0
DA:187,0
DA:188,0
DA:189,0
DA:191,0
DA:193,0
DA:197,0
DA:198,0
DA:199,0
DA:200,0
DA:201,0
DA:203,0
DA:205,0
DA:209,0
DA:210,0
DA:211,0
DA:212,0
DA:213,0
DA:215,0
DA:217,0
DA:221,0
DA:222,0
DA:223,0
DA:224,0
DA:225,0
DA:227,0
DA:229,0
DA:233,0
DA:234,0
DA:236,0
DA:237,0
DA:245,0
DA:246,0
DA:247,0
DA:248,0
DA:249,0
DA:251,0
DA:252,0
DA:254,0
DA:255,0
DA:259,0
DA:260,0
DA:261,0
DA:262,0
DA:263,0
DA:265,0
DA:266,0
DA:268,0
DA:269,0
DA:273,0
DA:274,0
DA:275,0
DA:276,0
DA:277,0
DA:279,0
DA:280,0
DA:282,0
DA:285,0
DA:286,0
DA:287,0
DA:288,0
DA:289,0
DA:290,0
DA:291,0
DA:293,0
DA:294,0
DA:298,0
DA:299,0
DA:300,0
DA:301,0
DA:302,0
DA:304,0
DA:305,0
DA:322,0
DA:332,0
DA:354,0
DA:370,0
DA:383,0
DA:402,0
DA:418,0
DA:437,0
DA:451,0
DA:461,0
DA:462,0
DA:465,0
DA:499,0
DA:500,0
DA:501,0
DA:502,0
DA:503,0
DA:504,0
DA:505,0
DA:507,0
DA:509,0
DA:511,0
DA:542,0
DA:550,0
DA:629,0
DA:630,0
DA:631,0
DA:635,0
DA:639,0
DA:681,0
DA:692,0
DA:712,0
DA:747,0
DA:755,0
DA:756,0
DA:760,0
DA:761,0
DA:762,0
DA:764,0
DA:767,0
DA:770,0
DA:784,0
DA:808,0
DA:814,0
DA:845,0
DA:850,0
LF:214
LH:0
BRDA:86,0,0,0
BRDA:86,0,1,0
BRDA:92,1,0,0
BRDA:92,1,1,0
BRDA:110,2,0,0
BRDA:110,2,1,0
BRDA:126,3,0,0
BRDA:126,3,1,0
BRDA:135,4,0,0
BRDA:135,4,1,0
BRDA:135,5,0,0
BRDA:135,5,1,0
BRDA:163,6,0,0
BRDA:163,6,1,0
BRDA:164,7,0,0
BRDA:164,7,1,0
BRDA:200,8,0,0
BRDA:200,8,1,0
BRDA:212,9,0,0
BRDA:212,9,1,0
BRDA:224,10,0,0
BRDA:224,10,1,0
BRDA:234,11,0,0
BRDA:234,11,1,0
BRDA:243,12,0,0
BRDA:243,12,1,0
BRDA:248,13,0,0
BRDA:248,13,1,0
BRDA:255,14,0,0
BRDA:255,14,1,0
BRDA:266,15,0,0
BRDA:266,15,1,0
BRDA:280,16,0,0
BRDA:280,16,1,0
BRDA:294,17,0,0
BRDA:294,17,1,0
BRDA:305,18,0,0
BRDA:305,18,1,0
BRDA:324,19,0,0
BRDA:324,19,1,0
BRDA:334,20,0,0
BRDA:334,20,1,0
BRDA:364,21,0,0
BRDA:377,22,0,0
BRDA:408,23,0,0
BRDA:408,23,1,0
BRDA:441,24,0,0
BRDA:441,24,1,0
BRDA:448,25,0,0
BRDA:453,26,0,0
BRDA:453,26,1,0
BRDA:467,27,0,0
BRDA:467,27,1,0
BRDA:480,28,0,0
BRDA:482,29,0,0
BRDA:484,30,0,0
BRDA:500,31,0,0
BRDA:500,31,1,0
BRDA:502,32,0,0
BRDA:502,32,1,0
BRDA:502,32,2,0
BRDA:505,33,0,0
BRDA:505,33,1,0
BRDA:514,34,0,0
BRDA:514,34,1,0
BRDA:516,35,0,0
BRDA:518,36,0,0
BRDA:518,36,1,0
BRDA:524,37,0,0
BRDA:525,38,0,0
BRDA:525,38,1,0
BRDA:526,39,0,0
BRDA:526,39,1,0
BRDA:527,40,0,0
BRDA:527,40,1,0
BRDA:528,41,0,0
BRDA:528,41,1,0
BRDA:529,42,0,0
BRDA:529,42,1,0
BRDA:544,43,0,0
BRDA:544,43,1,0
BRDA:545,44,0,0
BRDA:545,44,1,0
BRDA:545,45,0,0
BRDA:545,45,1,0
BRDA:553,46,0,0
BRDA:553,46,1,0
BRDA:560,47,0,0
BRDA:591,48,0,0
BRDA:598,49,0,0
BRDA:598,49,1,0
BRDA:601,50,0,0
BRDA:601,50,1,0
BRDA:621,51,0,0
BRDA:630,52,0,0
BRDA:630,52,1,0
BRDA:631,53,0,0
BRDA:631,53,1,0
BRDA:631,54,0,0
BRDA:631,54,1,0
BRDA:646,55,0,0
BRDA:646,55,1,0
BRDA:650,56,0,0
BRDA:650,56,1,0
BRDA:651,57,0,0
BRDA:651,57,1,0
BRDA:652,58,0,0
BRDA:652,58,1,0
BRDA:653,59,0,0
BRDA:653,59,1,0
BRDA:654,60,0,0
BRDA:654,60,1,0
BRDA:662,61,0,0
BRDA:662,61,1,0
BRDA:673,62,0,0
BRDA:679,63,0,0
BRDA:691,64,0,0
BRDA:695,65,0,0
BRDA:698,66,0,0
BRDA:705,67,0,0
BRDA:705,67,1,0
BRDA:738,68,0,0
BRDA:756,69,0,0
BRDA:756,69,1,0
BRDA:756,69,2,0
BRDA:756,69,3,0
BRDA:760,70,0,0
BRDA:760,70,1,0
BRDA:761,71,0,0
BRDA:761,71,1,0
BRDA:761,72,0,0
BRDA:761,72,1,0
BRDA:772,73,0,0
BRDA:772,73,1,0
BRDA:799,74,0,0
BRDA:817,75,0,0
BRDA:823,76,0,0
BRDA:823,76,1,0
BRDA:831,77,0,0
BRF:139
BRH:0
end_of_record
TN:
SF:src/components/rag/KnowledgePanel.tsx
FN:26,KnowledgePanel
FN:35,(anonymous_6)
FN:56,(anonymous_7)
FN:59,(anonymous_8)
FN:63,(anonymous_9)
FN:68,(anonymous_10)
FN:117,(anonymous_11)
FN:127,(anonymous_12)
FN:137,(anonymous_13)
FNF:9
FNH:0
FNDA:0,KnowledgePanel
FNDA:0,(anonymous_6)
FNDA:0,(anonymous_7)
FNDA:0,(anonymous_8)
FNDA:0,(anonymous_9)
FNDA:0,(anonymous_10)
FNDA:0,(anonymous_11)
FNDA:0,(anonymous_12)
FNDA:0,(anonymous_13)
DA:11,0
DA:16,0
DA:17,0
DA:18,0
DA:19,0
DA:20,0
DA:21,0
DA:22,0
DA:26,0
DA:27,0
DA:28,0
DA:31,0
DA:32,0
DA:33,0
DA:35,0
DA:36,0
DA:37,0
DA:38,0
DA:39,0
DA:40,0
DA:41,0
DA:42,0
DA:44,0
DA:45,0
DA:48,0
DA:49,0
DA:50,0
DA:56,0
DA:57,0
DA:58,0
DA:59,0
DA:63,0
DA:64,0
DA:65,0
DA:68,0
DA:69,0
DA:73,0
DA:99,0
DA:117,0
DA:127,0
DA:137,0
LF:41
LH:0
BRDA:40,0,0,0
BRDA:40,0,1,0
BRDA:42,1,0,0
BRDA:42,1,1,0
BRDA:51,2,0,0
BRDA:51,2,1,0
BRDA:73,3,0,0
BRDA:73,3,1,0
BRDA:82,4,0,0
BRDA:99,5,0,0
BRDA:99,5,1,0
BRDA:119,6,0,0
BRDA:119,6,1,0
BRDA:129,7,0,0
BRDA:129,7,1,0
BRDA:137,8,0,0
BRDA:137,8,1,0
BRDA:140,9,0,0
BRDA:140,9,1,0
BRDA:142,10,0,0
BRDA:142,10,1,0
BRDA:146,11,0,0
BRDA:146,11,1,0
BRDA:154,12,0,0
BRDA:154,12,1,0
BRDA:162,13,0,0
BRDA:162,13,1,0
BRDA:163,14,0,0
BRDA:166,15,0,0
BRF:29
BRH:0
end_of_record
TN:
SF:src/components/rag/SearchView.tsx
FN:20,SearchView
FN:43,(anonymous_5)
FN:44,(anonymous_6)
FN:61,(anonymous_7)
FN:63,(anonymous_8)
FN:72,(anonymous_9)
FN:73,(anonymous_10)
FN:80,(anonymous_11)
FN:100,(anonymous_12)
FN:101,(anonymous_13)
FN:112,(anonymous_14)
FN:177,(anonymous_15)
FN:179,(anonymous_16)
FN:205,(anonymous_17)
FN:233,(anonymous_18)
FN:253,(anonymous_19)
FN:263,(anonymous_20)
FN:273,(anonymous_21)
FN:285,(anonymous_22)
FN:289,(anonymous_23)
FN:289,(anonymous_24)
FN:297,(anonymous_25)
FN:299,(anonymous_26)
FN:322,(anonymous_27)
FN:329,(anonymous_28)
FN:355,(anonymous_29)
FN:369,(anonymous_30)
FN:390,(anonymous_31)
FN:411,(anonymous_32)
FNF:29
FNH:0
FNDA:0,SearchView
FNDA:0,(anonymous_5)
FNDA:0,(anonymous_6)
FNDA:0,(anonymous_7)
FNDA:0,(anonymous_8)
FNDA:0,(anonymous_9)
FNDA:0,(anonymous_10)
FNDA:0,(anonymous_11)
FNDA:0,(anonymous_12)
FNDA:0,(anonymous_13)
FNDA:0,(anonymous_14)
FNDA:0,(anonymous_15)
FNDA:0,(anonymous_16)
FNDA:0,(anonymous_17)
FNDA:0,(anonymous_18)
FNDA:0,(anonymous_19)
FNDA:0,(anonymous_20)
FNDA:0,(anonymous_21)
FNDA:0,(anonymous_22)
FNDA:0,(anonymous_23)
FNDA:0,(anonymous_24)
FNDA:0,(anonymous_25)
FNDA:0,(anonymous_26)
FNDA:0,(anonymous_27)
FNDA:0,(anonymous_28)
FNDA:0,(anonymous_29)
FNDA:0,(anonymous_30)
FNDA:0,(anonymous_31)
FNDA:0,(anonymous_32)
DA:12,0
DA:14,0
DA:20,0
DA:22,0
DA:23,0
DA:24,0
DA:25,0
DA:26,0
DA:27,0
DA:28,0
DA:29,0
DA:30,0
DA:33,0
DA:34,0
DA:35,0
DA:36,0
DA:37,0
DA:40,0
DA:43,0
DA:44,0
DA:45,0
DA:46,0
DA:47,0
DA:48,0
DA:49,0
DA:50,0
DA:51,0
DA:52,0
DA:54,0
DA:57,0
DA:61,0
DA:62,0
DA:63,0
DA:67,0
DA:68,0
DA:72,0
DA:73,0
DA:74,0
DA:75,0
DA:76,0
DA:80,0
DA:81,0
DA:83,0
DA:84,0
DA:85,0
DA:87,0
DA:88,0
DA:89,0
DA:91,0
DA:92,0
DA:95,0
DA:96,0
DA:100,0
DA:101,0
DA:102,0
DA:103,0
DA:104,0
DA:106,0
DA:108,0
DA:112,0
DA:113,0
DA:114,0
DA:115,0
DA:116,0
DA:117,0
DA:119,0
DA:120,0
DA:121,0
DA:124,0
DA:131,0
DA:132,0
DA:134,0
DA:136,0
DA:177,0
DA:179,0
DA:205,0
DA:233,0
DA:253,0
DA:263,0
DA:273,0
DA:285,0
DA:289,0
DA:290,0
DA:297,0
DA:299,0
DA:323,0
DA:329,0
DA:356,0
DA:357,0
DA:358,0
DA:359,0
DA:361,0
DA:362,0
DA:363,0
DA:365,0
DA:369,0
DA:391,0
DA:392,0
DA:393,0
DA:411,0
LF:100
LH:0
BRDA:47,0,0,0
BRDA:47,0,1,0
BRDA:48,1,0,0
BRDA:48,1,1,0
BRDA:49,2,0,0
BRDA:49,2,1,0
BRDA:62,3,0,0
BRDA:62,3,1,0
BRDA:62,4,0,0
BRDA:62,4,1,0
BRDA:84,5,0,0
BRDA:84,5,1,0
BRDA:85,6,0,0
BRDA:85,6,1,0
BRDA:87,7,0,0
BRDA:87,7,1,0
BRDA:87,8,0,0
BRDA:87,8,1,0
BRDA:88,9,0,0
BRDA:88,9,1,0
BRDA:103,10,0,0
BRDA:103,10,1,0
BRDA:113,11,0,0
BRDA:113,11,1,0
BRDA:120,12,0,0
BRDA:120,12,1,0
BRDA:127,13,0,0
BRDA:127,13,1,0
BRDA:134,14,0,0
BRDA:134,14,1,0
BRDA:179,15,0,0
BRDA:179,15,1,0
BRDA:183,16,0,0
BRDA:183,16,1,0
BRDA:186,17,0,0
BRDA:186,17,1,0
BRDA:218,18,0,0
BRDA:218,18,1,0
BRDA:224,19,0,0
BRDA:224,19,1,0
BRDA:299,20,0,0
BRDA:299,20,1,0
BRDA:303,21,0,0
BRDA:303,21,1,0
BRDA:311,22,0,0
BRDA:311,22,1,0
BRDA:320,23,0,0
BRDA:345,24,0,0
BRDA:351,25,0,0
BRDA:357,26,0,0
BRDA:357,26,1,0
BRDA:362,27,0,0
BRDA:362,27,1,0
BRDA:363,28,0,0
BRDA:363,28,1,0
BRDA:372,29,0,0
BRDA:376,30,0,0
BRDA:384,31,0,0
BRDA:384,31,1,0
BRDA:388,32,0,0
BRDA:392,33,0,0
BRDA:392,33,1,0
BRDA:398,34,0,0
BRDA:398,34,1,0
BRDA:402,35,0,0
BRDA:402,35,1,0
BRDA:410,36,0,0
BRDA:410,36,1,0
BRF:68
BRH:0
end_of_record
TN:
SF:src/components/rag/index.ts
FNF:0
FNH:0
DA:9,0
DA:12,0
DA:13,0
DA:14,0
DA:17,0
DA:18,0
LF:6
LH:0
BRF:0
BRH:0
end_of_record
TN:
SF:src/components/rag/typeConfig.ts
FN:38,(anonymous_6)
FN:49,(anonymous_7)
FNF:2
FNH:0
FNDA:0,(anonymous_6)
FNDA:0,(anonymous_7)
DA:9,0
DA:22,0
DA:35,0
DA:38,0
DA:39,0
DA:40,0
DA:41,0
DA:42,0
DA:45,0
DA:49,0
DA:50,0
DA:51,0
DA:52,0
DA:53,0
DA:56,0
LF:15
LH:0
BRDA:41,0,0,0
BRDA:41,0,1,0
BRDA:52,1,0,0
BRDA:52,1,1,0
BRF:4
BRH:0
end_of_record
TN:
SF:src/components/rag/api/index.ts
FN:20,apiGet
FN:24,(anonymous_44)
FN:31,(anonymous_45)
FN:38,apiPost
FN:50,(anonymous_47)
FN:57,apiDelete
FN:65,(anonymous_49)
FN:76,(anonymous_50)
FN:84,(anonymous_51)
FN:88,(anonymous_52)
FN:92,(anonymous_53)
FN:112,(anonymous_54)
FN:125,(anonymous_55)
FN:129,(anonymous_56)
FN:133,(anonymous_57)
FN:141,(anonymous_58)
FN:159,(anonymous_59)
FN:163,(anonymous_60)
FN:171,(anonymous_61)
FN:178,(anonymous_62)
FN:187,(anonymous_63)
FN:195,(anonymous_64)
FN:199,(anonymous_65)
FN:203,(anonymous_66)
FN:207,(anonymous_67)
FN:215,(anonymous_68)
FN:219,(anonymous_69)
FN:223,(anonymous_70)
FN:231,(anonymous_71)
FN:239,(anonymous_72)
FN:243,(anonymous_73)
FN:251,(anonymous_74)
FN:263,(anonymous_75)
FN:275,(anonymous_76)
FN:287,(anonymous_77)
FN:303,(anonymous_78)
FN:319,(anonymous_79)
FN:327,(anonymous_80)
FN:331,(anonymous_81)
FN:335,(anonymous_82)
FN:339,(anonymous_83)
FN:343,(anonymous_84)
FN:351,(anonymous_85)
FN:358,(anonymous_86)
FNF:44
FNH:0
FNDA:0,apiGet
FNDA:0,(anonymous_44)
FNDA:0,(anonymous_45)
FNDA:0,apiPost
FNDA:0,(anonymous_47)
FNDA:0,apiDelete
FNDA:0,(anonymous_49)
FNDA:0,(anonymous_50)
FNDA:0,(anonymous_51)
FNDA:0,(anonymous_52)
FNDA:0,(anonymous_53)
FNDA:0,(anonymous_54)
FNDA:0,(anonymous_55)
FNDA:0,(anonymous_56)
FNDA:0,(anonymous_57)
FNDA:0,(anonymous_58)
FNDA:0,(anonymous_59)
FNDA:0,(anonymous_60)
FNDA:0,(anonymous_61)
FNDA:0,(anonymous_62)
FNDA:0,(anonymous_63)
FNDA:0,(anonymous_64)
FNDA:0,(anonymous_65)
FNDA:0,(anonymous_66)
FNDA:0,(anonymous_67)
FNDA:0,(anonymous_68)
FNDA:0,(anonymous_69)
FNDA:0,(anonymous_70)
FNDA:0,(anonymous_71)
FNDA:0,(anonymous_72)
FNDA:0,(anonymous_73)
FNDA:0,(anonymous_74)
FNDA:0,(anonymous_75)
FNDA:0,(anonymous_76)
FNDA:0,(anonymous_77)
FNDA:0,(anonymous_78)
FNDA:0,(anonymous_79)
FNDA:0,(anonymous_80)
FNDA:0,(anonymous_81)
FNDA:0,(anonymous_82)
FNDA:0,(anonymous_83)
FNDA:0,(anonymous_84)
FNDA:0,(anonymous_85)
FNDA:0,(anonymous_86)
DA:13,0
DA:16,0
DA:17,0
DA:21,0
DA:22,0
DA:23,0
DA:24,0
DA:25,0
DA:27,0
DA:29,0
DA:30,0
DA:31,0
DA:32,0
DA:34,0
DA:35,0
DA:39,0
DA:40,0
DA:41,0
DA:42,0
DA:44,0
DA:49,0
DA:50,0
DA:51,0
DA:53,0
DA:54,0
DA:58,0
DA:59,0
DA:60,0
DA:61,0
DA:63,0
DA:64,0
DA:65,0
DA:66,0
DA:68,0
DA:69,0
DA:76,0
DA:77,0
DA:84,0
DA:85,0
DA:88,0
DA:89,0
DA:92,0
DA:101,0
DA:102,0
DA:108,0
DA:112,0
DA:114,0
DA:115,0
DA:117,0
DA:125,0
DA:126,0
DA:129,0
DA:130,0
DA:133,0
DA:134,0
DA:141,0
DA:152,0
DA:159,0
DA:160,0
DA:163,0
DA:164,0
DA:171,0
DA:172,0
DA:178,0
DA:179,0
DA:187,0
DA:188,0
DA:195,0
DA:196,0
DA:199,0
DA:200,0
DA:203,0
DA:204,0
DA:207,0
DA:208,0
DA:215,0
DA:216,0
DA:219,0
DA:220,0
DA:223,0
DA:224,0
DA:231,0
DA:232,0
DA:239,0
DA:240,0
DA:243,0
DA:244,0
DA:251,0
DA:256,0
DA:257,0
DA:258,0
DA:259,0
DA:260,0
DA:263,0
DA:268,0
DA:269,0
DA:270,0
DA:271,0
DA:272,0
DA:275,0
DA:280,0
DA:281,0
DA:282,0
DA:283,0
DA:284,0
DA:287,0
DA:292,0
DA:293,0
DA:294,0
DA:295,0
DA:296,0
DA:303,0
DA:312,0
DA:319,0
DA:320,0
DA:327,0
DA:328,0
DA:331,0
DA:332,0
DA:335,0
DA:336,0
DA:339,0
DA:340,0
DA:343,0
DA:344,0
DA:351,0
DA:352,0
DA:358,0
DA:359,0
DA:367,0
DA:368,0
DA:369,0
LF:132
LH:0
BRDA:22,0,0,0
BRDA:22,0,1,0
BRDA:30,1,0,0
BRDA:30,1,1,0
BRDA:32,2,0,0
BRDA:32,2,1,0
BRDA:32,2,2,0
BRDA:34,3,0,0
BRDA:34,3,1,0
BRDA:40,4,0,0
BRDA:40,4,1,0
BRDA:47,5,0,0
BRDA:47,5,1,0
BRDA:49,6,0,0
BRDA:49,6,1,0
BRDA:51,7,0,0
BRDA:51,7,1,0
BRDA:51,7,2,0
BRDA:53,8,0,0
BRDA:53,8,1,0
BRDA:59,9,0,0
BRDA:59,9,1,0
BRDA:64,10,0,0
BRDA:64,10,1,0
BRDA:66,11,0,0
BRDA:66,11,1,0
BRDA:66,11,2,0
BRDA:68,12,0,0
BRDA:68,12,1,0
BRDA:101,13,0,0
BRDA:101,13,1,0
BRDA:104,14,0,0
BRDA:104,14,1,0
BRDA:105,15,0,0
BRDA:105,15,1,0
BRDA:114,16,0,0
BRDA:114,16,1,0
BRDA:171,17,0,0
BRDA:178,18,0,0
BRDA:215,19,0,0
BRDA:219,20,0,0
BRDA:223,21,0,0
BRDA:231,22,0,0
BRDA:257,23,0,0
BRDA:257,23,1,0
BRDA:258,24,0,0
BRDA:258,24,1,0
BRDA:259,25,0,0
BRDA:259,25,1,0
BRDA:269,26,0,0
BRDA:269,26,1,0
BRDA:270,27,0,0
BRDA:270,27,1,0
BRDA:271,28,0,0
BRDA:271,28,1,0
BRDA:281,29,0,0
BRDA:281,29,1,0
BRDA:282,30,0,0
BRDA:282,30,1,0
BRDA:283,31,0,0
BRDA:283,31,1,0
BRDA:293,32,0,0
BRDA:293,32,1,0
BRDA:294,33,0,0
BRDA:294,33,1,0
BRDA:295,34,0,0
BRDA:295,34,1,0
BRDA:319,35,0,0
BRF:68
BRH:0
end_of_record
TN:
SF:src/components/rag/graph/index.ts
FNF:0
FNH:0
DA:1,0
DA:2,0
DA:3,0
LF:3
LH:0
BRF:0
BRH:0
end_of_record
TN:
SF:src/components/rag/graph/DataGraph/DataGraphSigma.tsx
FN:33,DataGraphSigma
FN:35,(anonymous_6)
FN:60,(anonymous_7)
FN:137,(anonymous_8)
FN:141,(anonymous_9)
FN:171,(anonymous_10)
FN:188,(anonymous_11)
FN:199,(anonymous_12)
FN:203,(anonymous_13)
FN:239,(anonymous_14)
FN:269,(anonymous_15)
FN:274,(anonymous_16)
FN:290,(anonymous_17)
FNF:13
FNH:0
FNDA:0,DataGraphSigma
FNDA:0,(anonymous_6)
FNDA:0,(anonymous_7)
FNDA:0,(anonymous_8)
FNDA:0,(anonymous_9)
FNDA:0,(anonymous_10)
FNDA:0,(anonymous_11)
FNDA:0,(anonymous_12)
FNDA:0,(anonymous_13)
FNDA:0,(anonymous_14)
FNDA:0,(anonymous_15)
FNDA:0,(anonymous_16)
FNDA:0,(anonymous_17)
DA:3,0
DA:4,0
DA:5,0
DA:7,0
DA:8,0
DA:9,0
DA:10,0
DA:11,0
DA:33,0
DA:35,0
DA:38,0
DA:39,0
DA:40,0
DA:41,0
DA:42,0
DA:43,0
DA:44,0
DA:45,0
DA:48,0
DA:57,0
DA:60,0
DA:61,0
DA:62,0
DA:63,0
DA:66,0
DA:68,0
DA:70,0
DA:72,0
DA:73,0
DA:77,0
DA:81,0
DA:82,0
DA:84,0
DA:85,0
DA:86,0
DA:87,0
DA:90,0
DA:91,0
DA:92,0
DA:95,0
DA:96,0
DA:97,0
DA:98,0
DA:99,0
DA:101,0
DA:102,0
DA:108,0
DA:114,0
DA:115,0
DA:116,0
DA:119,0
DA:120,0
DA:124,0
DA:130,0
DA:133,0
DA:137,0
DA:138,0
DA:141,0
DA:142,0
DA:144,0
DA:145,0
DA:147,0
DA:148,0
DA:150,0
DA:151,0
DA:153,0
DA:165,0
DA:169,0
DA:171,0
DA:172,0
DA:173,0
DA:175,0
DA:177,0
DA:181,0
DA:182,0
DA:184,0
DA:188,0
DA:189,0
DA:190,0
DA:194,0
DA:199,0
DA:200,0
DA:203,0
DA:204,0
DA:206,0
DA:207,0
DA:211,0
DA:212,0
DA:213,0
DA:225,0
DA:226,0
DA:228,0
DA:234,0
DA:235,0
DA:236,0
DA:237,0
DA:239,0
DA:240,0
DA:242,0
DA:243,0
DA:244,0
DA:245,0
DA:246,0
DA:249,0
DA:250,0
DA:251,0
DA:255,0
DA:265,0
DA:269,0
DA:270,0
DA:271,0
DA:274,0
DA:275,0
DA:276,0
DA:277,0
DA:278,0
DA:279,0
DA:281,0
DA:282,0
DA:283,0
DA:284,0
DA:285,0
DA:290,0
DA:291,0
DA:292,0
DA:293,0
LF:126
LH:0
BRDA:60,0,0,0
BRDA:61,1,0,0
BRDA:61,1,1,0
BRDA:61,2,0,0
BRDA:61,2,1,0
BRDA:72,3,0,0
BRDA:72,3,1,0
BRDA:84,4,0,0
BRDA:84,4,1,0
BRDA:90,5,0,0
BRDA:90,5,1,0
BRDA:91,6,0,0
BRDA:91,6,1,0
BRDA:95,7,0,0
BRDA:95,7,1,0
BRDA:95,8,0,0
BRDA:95,8,1,0
BRDA:97,9,0,0
BRDA:97,9,1,0
BRDA:98,10,0,0
BRDA:98,10,1,0
BRDA:101,11,0,0
BRDA:101,11,1,0
BRDA:105,12,0,0
BRDA:105,12,1,0
BRDA:114,13,0,0
BRDA:114,13,1,0
BRDA:119,14,0,0
BRDA:119,14,1,0
BRDA:126,15,0,0
BRDA:126,15,1,0
BRDA:142,16,0,0
BRDA:142,16,1,0
BRDA:144,17,0,0
BRDA:144,17,1,0
BRDA:151,18,0,0
BRDA:151,18,1,0
BRDA:175,19,0,0
BRDA:175,19,1,0
BRDA:175,20,0,0
BRDA:175,20,1,0
BRDA:177,21,0,0
BRDA:177,21,1,0
BRDA:181,22,0,0
BRDA:181,22,1,0
BRDA:203,23,0,0
BRDA:203,23,1,0
BRDA:207,24,0,0
BRDA:207,24,1,0
BRDA:209,25,0,0
BRDA:209,25,1,0
BRDA:211,26,0,0
BRDA:211,26,1,0
BRDA:215,27,0,0
BRDA:215,27,1,0
BRDA:225,28,0,0
BRDA:225,28,1,0
BRDA:226,29,0,0
BRDA:226,29,1,0
BRDA:237,30,0,0
BRDA:237,30,1,0
BRDA:240,31,0,0
BRDA:240,31,1,0
BRDA:243,32,0,0
BRDA:243,32,1,0
BRDA:275,33,0,0
BRDA:275,33,1,0
BRDA:291,34,0,0
BRDA:291,34,1,0
BRDA:314,35,0,0
BRDA:329,36,0,0
BRDA:329,36,1,0
BRDA:338,37,0,0
BRDA:359,38,0,0
BRDA:359,38,1,0
BRDA:363,39,0,0
BRF:76
BRH:0
end_of_record
TN:
SF:src/components/rag/graph/DataGraph/DataNodeHoverCard.tsx
FN:11,DataNodeHoverCard
FN:23,(anonymous_3)
FN:33,(anonymous_4)
FN:56,(anonymous_5)
FN:79,(anonymous_6)
FNF:5
FNH:0
FNDA:0,DataNodeHoverCard
FNDA:0,(anonymous_3)
FNDA:0,(anonymous_4)
FNDA:0,(anonymous_5)
FNDA:0,(anonymous_6)
DA:3,0
DA:11,0
DA:12,0
DA:13,0
DA:16,0
DA:17,0
DA:18,0
DA:19,0
DA:20,0
DA:23,0
DA:24,0
DA:28,0
DA:29,0
DA:32,0
DA:33,0
DA:36,0
DA:37,0
DA:38,0
DA:57,0
DA:58,0
DA:60,0
DA:61,0
DA:63,0
DA:80,0
DA:81,0
DA:82,0
DA:84,0
LF:27
LH:0
BRDA:12,0,0,0
BRDA:12,0,1,0
BRDA:12,1,0,0
BRDA:12,1,1,0
BRDA:18,2,0,0
BRDA:18,2,1,0
BRDA:24,3,0,0
BRDA:24,3,1,0
BRDA:28,4,0,0
BRDA:28,4,1,0
BRDA:29,5,0,0
BRDA:29,5,1,0
BRDA:33,6,0,0
BRDA:33,6,1,0
BRDA:52,7,0,0
BRDA:52,7,1,0
BRDA:58,8,0,0
BRDA:58,8,1,0
BRDA:58,9,0,0
BRDA:58,9,1,0
BRDA:75,10,0,0
BRDA:81,11,0,0
BRDA:81,11,1,0
BRDA:91,12,0,0
BRF:24
BRH:0
end_of_record
TN:
SF:src/components/rag/graph/DataGraph/index.ts
FNF:0
FNH:0
DA:1,0
DA:2,0
LF:2
LH:0
BRF:0
BRH:0
end_of_record
TN:
SF:src/components/rag/graph/OntologyGraph/OntologyGraphDataController.tsx
FN:14,(anonymous_1)
FN:21,(anonymous_2)
FN:33,(anonymous_3)
FN:41,(anonymous_4)
FN:46,(anonymous_5)
FN:68,(anonymous_6)
FN:74,(anonymous_7)
FNF:7
FNH:0
FNDA:0,(anonymous_1)
FNDA:0,(anonymous_2)
FNDA:0,(anonymous_3)
FNDA:0,(anonymous_4)
FNDA:0,(anonymous_5)
FNDA:0,(anonymous_6)
FNDA:0,(anonymous_7)
DA:3,0
DA:4,0
DA:14,0
DA:15,0
DA:16,0
DA:21,0
DA:22,0
DA:25,0
DA:26,0
DA:28,0
DA:30,0
DA:31,0
DA:33,0
DA:34,0
DA:35,0
DA:36,0
DA:41,0
DA:42,0
DA:46,0
DA:47,0
DA:48,0
DA:50,0
DA:51,0
DA:52,0
DA:55,0
DA:56,0
DA:58,0
DA:59,0
DA:61,0
DA:63,0
DA:68,0
DA:69,0
DA:70,0
DA:74,0
DA:75,0
DA:76,0
DA:77,0
DA:78,0
DA:80,0
DA:81,0
DA:82,0
DA:85,0
DA:86,0
DA:88,0
DA:89,0
DA:91,0
DA:93,0
DA:101,0
LF:48
LH:0
BRDA:25,0,0,0
BRDA:25,0,1,0
BRDA:26,1,0,0
BRDA:26,1,1,0
BRDA:28,2,0,0
BRDA:28,2,1,0
BRDA:34,3,0,0
BRDA:34,3,1,0
BRDA:34,4,0,0
BRDA:34,4,1,0
BRDA:50,5,0,0
BRDA:50,5,1,0
BRDA:50,6,0,0
BRDA:50,6,1,0
BRDA:58,7,0,0
BRDA:58,7,1,0
BRDA:58,8,0,0
BRDA:58,8,1,0
BRDA:59,9,0,0
BRDA:59,9,1,0
BRDA:59,10,0,0
BRDA:59,10,1,0
BRDA:61,11,0,0
BRDA:61,11,1,0
BRDA:61,12,0,0
BRDA:61,12,1,0
BRDA:61,12,2,0
BRDA:61,12,3,0
BRDA:61,12,4,0
BRDA:69,13,0,0
[...]
DA:164,0
DA:165,0
DA:167,0
DA:168,0
DA:169,0
DA:173,0
DA:175,0
DA:176,0
DA:177,0
DA:178,0
DA:180,0
DA:182,0
DA:183,0
DA:185,0
DA:186,0
DA:188,0
DA:191,0
DA:192,0
DA:193,0
DA:194,0
DA:195,0
DA:196,0
DA:197,0
DA:198,0
DA:199,0
DA:202,0
DA:203,0
DA:204,0
DA:208,0
DA:209,0
DA:212,0
DA:213,0
DA:216,0
DA:222,0
DA:223,0
DA:224,0
DA:225,0
DA:226,0
DA:228,0
DA:229,0
DA:230,0
DA:234,0
DA:235,0
DA:236,0
DA:240,0
DA:244,0
DA:245,0
DA:246,0
DA:247,0
DA:258,0
DA:261,0
DA:269,0
DA:271,0
DA:282,0
DA:283,0
DA:284,0
DA:285,0
DA:287,0
DA:288,0
DA:289,0
DA:293,0
DA:295,0
DA:297,0
DA:301,0
DA:303,0
DA:319,0
DA:333,0
DA:334,0
DA:336,0
DA:338,0
DA:340,0
DA:342,0
DA:354,0
DA:359,0
DA:369,0
DA:373,0
DA:382,0
DA:386,0
DA:395,0
DA:403,0
DA:406,0
DA:407,0
DA:410,0
DA:411,0
DA:412,0
DA:415,0
DA:419,0
DA:420,0
DA:428,0
DA:437,0
DA:441,0
DA:442,0
DA:445,0
DA:446,0
DA:452,0
DA:453,0
DA:454,0
DA:457,0
DA:458,0
DA:460,0
DA:461,0
DA:469,0
DA:478,0
DA:482,0
DA:483,0
DA:486,0
DA:487,0
DA:493,0
DA:494,0
DA:497,0
DA:499,0
DA:500,0
DA:506,0
DA:508,0
DA:509,0
DA:510,0
DA:514,0
LF:178
LH:0
BRDA:40,0,0,0
BRDA:40,0,1,0
BRDA:56,1,0,0
BRDA:56,1,1,0
BRDA:70,2,0,0
BRDA:70,2,1,0
BRDA:90,3,0,0
BRDA:90,3,1,0
BRDA:92,4,0,0
BRDA:92,4,1,0
BRDA:103,5,0,0
BRDA:103,5,1,0
BRDA:123,6,0,0
BRDA:123,6,1,0
BRDA:127,7,0,0
BRDA:127,7,1,0
BRDA:137,8,0,0
BRDA:137,8,1,0
BRDA:156,9,0,0
BRDA:156,9,1,0
BRDA:160,10,0,0
BRDA:160,10,1,0
BRDA:164,11,0,0
BRDA:164,11,1,0
BRDA:178,12,0,0
BRDA:178,12,1,0
BRDA:182,13,0,0
BRDA:182,13,1,0
BRDA:182,14,0,0
BRDA:182,14,1,0
BRDA:185,15,0,0
BRDA:185,15,1,0
BRDA:185,16,0,0
BRDA:185,16,1,0
BRDA:191,17,0,0
BRDA:191,17,1,0
BRDA:193,18,0,0
BRDA:193,18,1,0
BRDA:197,19,0,0
BRDA:197,19,1,0
BRDA:202,20,0,0
BRDA:202,20,1,0
BRDA:202,21,0,0
BRDA:202,21,1,0
BRDA:208,22,0,0
BRDA:208,22,1,0
BRDA:223,23,0,0
BRDA:223,23,1,0
BRDA:223,24,0,0
BRDA:223,24,1,0
BRDA:245,25,0,0
BRDA:245,25,1,0
BRDA:246,26,0,0
BRDA:246,26,1,0
BRDA:269,27,0,0
BRDA:269,27,1,0
BRDA:269,27,2,0
BRDA:269,27,3,0
BRDA:269,27,4,0
BRDA:276,28,0,0
BRDA:276,28,1,0
BRDA:283,29,0,0
BRDA:283,29,1,0
BRDA:288,30,0,0
BRDA:288,30,1,0
BRDA:289,31,0,0
BRDA:289,31,1,0
BRDA:293,32,0,0
BRDA:293,32,1,0
BRDA:295,33,0,0
BRDA:295,33,1,0
BRDA:295,33,2,0
BRDA:297,34,0,0
BRDA:297,34,1,0
BRDA:297,34,2,0
BRDA:311,35,0,0
BRDA:311,35,1,0
BRDA:325,36,0,0
BRDA:325,36,1,0
BRDA:333,37,0,0
BRDA:333,37,1,0
BRDA:336,38,0,0
BRDA:336,38,1,0
BRDA:336,38,2,0
BRDA:338,39,0,0
BRDA:338,39,1,0
BRDA:338,39,2,0
BRDA:347,40,0,0
BRDA:347,40,1,0
BRDA:369,41,0,0
BRDA:369,41,1,0
BRDA:382,42,0,0
BRDA:382,42,1,0
BRDA:395,43,0,0
BRDA:395,43,1,0
BRDA:403,44,0,0
BRDA:403,44,1,0
BRDA:407,45,0,0
BRDA:407,45,1,0
BRDA:411,46,0,0
BRDA:411,46,1,0
BRDA:411,47,0,0
BRDA:411,47,1,0
BRDA:441,48,0,0
BRDA:441,48,1,0
BRDA:452,49,0,0
BRDA:452,49,1,0
BRDA:482,50,0,0
BRDA:482,50,1,0
BRDA:493,51,0,0
BRDA:493,51,1,0
BRDA:509,52,0,0
BRDA:509,52,1,0
BRDA:509,53,0,0
BRDA:509,53,1,0
BRDA:511,54,0,0
BRDA:511,54,1,0
BRDA:511,54,2,0
BRF:118
BRH:0
end_of_record
TN:
SF:src/lib/a2a-sdk-client.ts
FN:77,(anonymous_4)
FN:94,(anonymous_5)
FN:111,(anonymous_6)
FN:113,(anonymous_7)
FN:116,(anonymous_8)
FN:143,(anonymous_9)
FN:211,(anonymous_10)
FN:221,(anonymous_11)
FN:242,(anonymous_12)
FN:260,(anonymous_13)
FN:269,(anonymous_14)
FN:272,(anonymous_15)
FN:306,(anonymous_16)
FN:329,(anonymous_17)
FN:363,(anonymous_18)
FN:367,(anonymous_19)
FN:368,(anonymous_20)
FN:375,(anonymous_21)
FN:404,formatArtifactName
FN:417,(anonymous_23)
FN:423,getArtifactColor
FN:435,getArtifactIcon
FN:448,toStoreEvent
FN:503,(anonymous_27)
FNF:24
FNH:0
FNDA:0,(anonymous_4)
FNDA:0,(anonymous_5)
FNDA:0,(anonymous_6)
FNDA:0,(anonymous_7)
FNDA:0,(anonymous_8)
FNDA:0,(anonymous_9)
FNDA:0,(anonymous_10)
FNDA:0,(anonymous_11)
FNDA:0,(anonymous_12)
FNDA:0,(anonymous_13)
FNDA:0,(anonymous_14)
FNDA:0,(anonymous_15)
FNDA:0,(anonymous_16)
FNDA:0,(anonymous_17)
FNDA:0,(anonymous_18)
FNDA:0,(anonymous_19)
FNDA:0,(anonymous_20)
FNDA:0,(anonymous_21)
FNDA:0,formatArtifactName
FNDA:0,(anonymous_23)
FNDA:0,getArtifactColor
FNDA:0,getArtifactIcon
FNDA:0,toStoreEvent
FNDA:0,(anonymous_27)
DA:18,0
DA:31,0
DA:72,0
DA:75,0
DA:78,0
DA:81,0
DA:85,0
DA:95,0
DA:98,0
DA:102,0
DA:112,0
DA:113,0
DA:118,0
DA:119,0
DA:122,0
DA:127,0
DA:131,0
DA:148,0
DA:149,0
DA:150,0
DA:152,0
DA:154,0
DA:156,0
DA:166,0
DA:167,0
DA:169,0
DA:171,0
DA:173,0
DA:177,0
DA:178,0
DA:181,0
DA:183,0
DA:184,0
DA:188,0
DA:189,0
DA:190,0
DA:195,0
DA:197,0
DA:198,0
DA:200,0
DA:201,0
DA:204,0
DA:212,0
DA:213,0
DA:214,0
DA:223,0
DA:225,0
DA:226,0
DA:227,0
DA:228,0
DA:229,0
DA:230,0
DA:231,0
DA:232,0
DA:235,0
DA:236,0
DA:243,0
DA:245,0
DA:247,0
DA:261,0
DA:264,0
DA:265,0
DA:266,0
DA:268,0
DA:269,0
DA:272,0
DA:273,0
DA:275,0
DA:276,0
DA:277,0
DA:278,0
DA:284,0
DA:285,0
DA:286,0
DA:289,0
DA:291,0
DA:307,0
DA:310,0
DA:311,0
DA:312,0
DA:313,0
DA:315,0
DA:330,0
DA:331,0
DA:332,0
DA:335,0
DA:338,0
DA:339,0
DA:341,0
DA:343,0
DA:344,0
DA:347,0
DA:364,0
DA:366,0
DA:367,0
DA:368,0
DA:376,0
DA:378,0
DA:379,0
DA:380,0
DA:388,0
DA:389,0
DA:390,0
DA:397,0
DA:404,0
DA:405,0
DA:417,0
DA:424,0
DA:425,0
DA:426,0
DA:427,0
DA:428,0
DA:429,0
DA:436,0
DA:437,0
DA:438,0
DA:439,0
DA:440,0
DA:441,0
DA:448,0
DA:465,0
DA:468,0
DA:469,0
DA:470,0
DA:471,0
DA:472,0
DA:473,0
DA:474,0
DA:477,0
DA:478,0
DA:481,0
DA:482,0
DA:484,0
DA:485,0
DA:487,0
DA:488,0
DA:490,0
DA:495,0
DA:499,0
DA:500,0
DA:502,0
DA:503,0
DA:504,0
DA:507,0
DA:508,0
DA:512,0
DA:513,0
DA:517,0
DA:518,0
DA:524,0
LF:150
LH:0
BRDA:81,0,0,0
BRDA:81,0,1,0
BRDA:98,1,0,0
BRDA:98,1,1,0
BRDA:118,2,0,0
BRDA:118,2,1,0
BRDA:148,3,0,0
BRDA:148,3,1,0
BRDA:162,4,0,0
BRDA:162,4,1,0
BRDA:167,5,0,0
BRDA:167,5,1,0
BRDA:183,6,0,0
BRDA:183,6,1,0
BRDA:188,7,0,0
BRDA:188,7,1,0
BRDA:197,8,0,0
BRDA:197,8,1,0
BRDA:212,9,0,0
BRDA:212,9,1,0
BRDA:225,10,0,0
BRDA:225,10,1,0
BRDA:227,11,0,0
BRDA:227,11,1,0
BRDA:229,12,0,0
BRDA:229,12,1,0
BRDA:231,13,0,0
BRDA:231,13,1,0
BRDA:266,14,0,0
BRDA:266,14,1,0
BRDA:266,15,0,0
BRDA:266,15,1,0
BRDA:269,16,0,0
BRDA:269,16,1,0
BRDA:273,17,0,0
BRDA:273,17,1,0
BRDA:273,17,2,0
BRDA:275,18,0,0
BRDA:275,18,1,0
BRDA:277,19,0,0
BRDA:277,19,1,0
BRDA:284,20,0,0
BRDA:284,20,1,0
BRDA:285,21,0,0
BRDA:285,21,1,0
BRDA:310,22,0,0
BRDA:310,22,1,0
BRDA:311,23,0,0
BRDA:311,23,1,0
BRDA:312,24,0,0
BRDA:312,24,1,0
BRDA:319,25,0,0
BRDA:319,25,1,0
BRDA:331,26,0,0
BRDA:331,26,1,0
BRDA:332,27,0,0
BRDA:332,27,1,0
BRDA:338,28,0,0
BRDA:338,28,1,0
BRDA:341,29,0,0
BRDA:341,29,1,0
BRDA:343,30,0,0
BRDA:343,30,1,0
BRDA:364,31,0,0
BRDA:364,31,1,0
BRDA:364,32,0,0
BRDA:364,32,1,0
BRDA:368,33,0,0
BRDA:368,33,1,0
BRDA:378,34,0,0
BRDA:378,34,1,0
BRDA:381,35,0,0
BRDA:381,35,1,0
BRDA:381,35,2,0
BRDA:381,35,3,0
BRDA:388,36,0,0
BRDA:388,36,1,0
BRDA:391,37,0,0
BRDA:391,37,1,0
BRDA:391,37,2,0
BRDA:417,38,0,0
BRDA:417,38,1,0
BRDA:424,39,0,0
BRDA:424,39,1,0
BRDA:425,40,0,0
BRDA:425,40,1,0
BRDA:426,41,0,0
BRDA:426,41,1,0
BRDA:427,42,0,0
BRDA:427,42,1,0
BRDA:427,43,0,0
BRDA:427,43,1,0
BRDA:428,44,0,0
BRDA:428,44,1,0
BRDA:436,45,0,0
BRDA:436,45,1,0
BRDA:437,46,0,0
BRDA:437,46,1,0
BRDA:438,47,0,0
BRDA:438,47,1,0
BRDA:439,48,0,0
BRDA:439,48,1,0
BRDA:439,49,0,0
BRDA:439,49,1,0
BRDA:440,50,0,0
BRDA:440,50,1,0
BRDA:465,51,0,0
BRDA:465,51,1,0
BRDA:469,52,0,0
BRDA:469,52,1,0
BRDA:470,53,0,0
BRDA:470,53,1,0
BRDA:471,54,0,0
BRDA:471,54,1,0
BRDA:472,55,0,0
BRDA:472,55,1,0
BRDA:473,56,0,0
BRDA:473,56,1,0
BRDA:474,57,0,0
BRDA:474,57,1,0
BRDA:474,58,0,0
BRDA:474,58,1,0
BRDA:481,59,0,0
BRDA:481,59,1,0
BRDA:481,60,0,0
BRDA:481,60,1,0
BRDA:484,61,0,0
BRDA:484,61,1,0
BRDA:484,62,0,0
BRDA:484,62,1,0
BRDA:487,63,0,0
BRDA:487,63,1,0
BRDA:487,64,0,0
BRDA:487,64,1,0
BRDA:492,65,0,0
BRDA:492,65,1,0
BRDA:499,66,0,0
BRDA:499,66,1,0
BRDA:499,67,0,0
BRDA:499,67,1,0
BRDA:499,67,2,0
BRDA:500,68,0,0
BRDA:500,68,1,0
BRDA:502,69,0,0
BRDA:502,69,1,0
BRDA:502,70,0,0
BRDA:502,70,1,0
BRDA:502,70,2,0
BRDA:504,71,0,0
BRDA:504,71,1,0
BRDA:504,71,2,0
BRDA:504,71,3,0
BRDA:504,71,4,0
BRDA:507,72,0,0
BRDA:507,72,1,0
BRDA:512,73,0,0
BRDA:512,73,1,0
BRDA:517,74,0,0
BRDA:517,74,1,0
BRDA:520,75,0,0
BRDA:520,75,1,0
BRDA:525,76,0,0
BRDA:525,76,1,0
BRDA:536,77,0,0
BRDA:536,77,1,0
BRF:165
BRH:0
end_of_record
TN:
SF:src/lib/auth-config.ts
FN:33,extractGroups
FN:64,hasRequiredGroup
FN:67,(anonymous_8)
FN:85,refreshAccessToken
FN:181,(anonymous_10)
FN:197,(anonymous_11)
FN:261,(anonymous_12)
FNF:7
FNH:2
FNDA:0,extractGroups
FNDA:9,hasRequiredGroup
FNDA:10,(anonymous_8)
FNDA:0,refreshAccessToken
FNDA:0,(anonymous_10)
FNDA:0,(anonymous_11)
FNDA:0,(anonymous_12)
DA:20,5
DA:24,5
DA:27,5
DA:30,5
DA:35,0
DA:36,0
DA:37,0
DA:38,0
DA:40,0
DA:41,0
DA:44,0
DA:45,0
DA:49,0
DA:50,0
DA:51,0
DA:52,0
DA:54,0
DA:56,0
DA:60,0
DA:64,9
DA:65,9
DA:67,9
DA:70,10
DA:71,10
DA:72,10
DA:91,0
DA:92,0
DA:93,0
DA:94,0
DA:96,0
DA:97,0
DA:98,0
DA:104,0
DA:105,0
DA:106,0
DA:113,0
DA:115,0
DA:117,0
DA:130,0
DA:132,0
DA:133,0
DA:134,0
DA:140,0
DA:142,0
DA:151,0
DA:152,0
DA:159,5
DA:185,0
DA:199,0
DA:200,0
DA:201,0
DA:202,0
DA:203,0
DA:205,0
DA:206,0
DA:209,0
DA:210,0
DA:211,0
DA:213,0
DA:214,0
DA:217,0
DA:222,0
DA:224,0
DA:225,0
DA:226,0
DA:227,0
DA:228,0
DA:232,0
DA:233,0
DA:238,0
DA:239,0
DA:241,0
DA:242,0
DA:243,0
DA:245,0
DA:246,0
DA:249,0
DA:250,0
DA:252,0
DA:259,0
DA:263,0
DA:264,0
DA:265,0
DA:266,0
DA:267,0
DA:270,0
DA:271,0
DA:272,0
DA:277,0
DA:278,0
DA:282,0
DA:292,0
DA:297,0
DA:299,0
DA:306,0
DA:309,0
LF:96
LH:11
BRDA:24,0,0,5
BRDA:24,0,1,5
BRDA:27,1,0,5
BRDA:27,1,1,5
BRDA:35,2,0,0
BRDA:35,2,1,0
BRDA:37,3,0,0
BRDA:37,3,1,0
BRDA:40,4,0,0
BRDA:40,4,1,0
BRDA:51,5,0,0
BRDA:51,5,1,0
BRDA:54,6,0,0
BRDA:54,6,1,0
BRDA:65,7,0,0
BRDA:65,7,1,9
BRDA:72,8,0,10
BRDA:72,8,1,7
BRDA:96,9,0,0
BRDA:96,9,1,0
BRDA:96,10,0,0
BRDA:96,10,1,0
BRDA:96,10,2,0
BRDA:104,11,0,0
BRDA:104,11,1,0
BRDA:132,12,0,0
BRDA:132,12,1,0
BRDA:146,13,0,0
BRDA:146,13,1,0
BRDA:147,14,0,0
BRDA:147,14,1,0
BRDA:165,15,0,0
BRDA:165,15,1,5
BRDA:172,16,0,4
BRDA:172,16,1,1
BRDA:187,17,0,0
BRDA:187,17,1,0
BRDA:187,17,2,0
BRDA:187,17,3,0
BRDA:187,17,4,0
BRDA:187,17,5,0
BRDA:188,18,0,0
BRDA:188,18,1,0
BRDA:188,19,0,0
BRDA:188,19,1,0
BRDA:190,20,0,0
BRDA:190,20,1,0
BRDA:199,21,0,0
BRDA:199,21,1,0
BRDA:205,22,0,0
BRDA:205,22,1,0
BRDA:209,23,0,0
BRDA:209,23,1,0
BRDA:210,24,0,0
BRDA:210,24,1,0
BRDA:222,25,0,0
BRDA:222,25,1,0
BRDA:232,26,0,0
BRDA:232,26,1,0
BRDA:241,27,0,0
BRDA:241,27,1,0
BRDA:241,28,0,0
BRDA:241,28,1,0
BRDA:245,29,0,0
BRDA:245,29,1,0
BRDA:249,30,0,0
BRDA:249,30,1,0
BRDA:270,31,0,0
BRDA:270,31,1,0
BRDA:270,32,0,0
BRDA:270,32,1,0
BRDA:277,33,0,0
BRDA:277,33,1,0
BRDA:282,34,0,0
BRDA:282,34,1,0
BRDA:282,34,2,0
BRDA:282,34,3,0
BRDA:282,34,4,0
BRDA:282,34,5,0
BRDA:282,34,6,0
BRDA:284,35,0,0
BRDA:284,35,1,0
BRDA:284,36,0,0
BRDA:284,36,1,0
BRDA:292,37,0,0
BRDA:292,37,1,0
BRDA:292,37,2,0
BRDA:297,38,0,0
BRDA:297,38,1,0
BRDA:302,39,0,0
BRDA:302,39,1,0
BRF:91
BRH:10
end_of_record
TN:
SF:src/lib/auth-utils.ts
FN:12,isTokenExpired
FN:29,getTimeUntilExpiry
FN:44,formatTimeUntilExpiry
FN:74,getWarningTimestamp
FNF:4
FNH:4
FNDA:15,isTokenExpired
FNDA:12,getTimeUntilExpiry
FNDA:29,formatTimeUntilExpiry
FNDA:6,getWarningTimestamp
DA:12,15
DA:13,15
DA:14,1
DA:17,14
DA:18,14
DA:20,14
DA:29,12
DA:30,12
DA:31,1
DA:34,11
DA:35,11
DA:44,29
DA:45,29
DA:46,4
DA:49,25
DA:50,5
DA:53,20
DA:54,20
DA:55,8
DA:58,12
DA:59,12
DA:60,7
DA:63,5
DA:64,5
DA:74,6
DA:75,6
DA:76,1
DA:80,5
DA:81,5
LF:29
LH:29
BRDA:12,0,0,8
BRDA:13,1,0,1
BRDA:13,1,1,14
BRDA:30,2,0,1
BRDA:30,2,1,11
BRDA:45,3,0,4
BRDA:45,3,1,25
BRDA:49,4,0,5
BRDA:49,4,1,20
BRDA:50,5,0,3
BRDA:50,5,1,2
BRDA:54,6,0,8
BRDA:54,6,1,12
BRDA:55,7,0,5
BRDA:55,7,1,3
BRDA:59,8,0,7
BRDA:59,8,1,5
BRDA:60,9,0,4
BRDA:60,9,1,3
BRDA:64,10,0,3
BRDA:64,10,1,2
BRDA:75,11,0,1
BRDA:75,11,1,5
BRF:23
BRH:23
end_of_record
TN:
SF:src/lib/config.ts
FN:36,getRuntimeEnv
FN:71,getCaipeUrl
FN:101,getRagUrl
FN:125,isSsoEnabled
FN:138,isSubAgentCardsEnabled
FN:163,getConfig
FN:185,logConfig
FNF:7
FNH:0
FNDA:0,getRuntimeEnv
FNDA:0,getCaipeUrl
FNDA:0,getRagUrl
FNDA:0,isSsoEnabled
FNDA:0,isSubAgentCardsEnabled
FNDA:0,getConfig
FNDA:0,logConfig
DA:38,0
DA:39,0
DA:44,0
DA:45,0
DA:47,0
DA:49,0
DA:51,0
DA:53,0
DA:55,0
DA:59,0
DA:73,0
DA:74,0
DA:75,0
DA:79,0
DA:80,0
DA:84,0
DA:85,0
DA:89,0
DA:90,0
DA:103,0
DA:104,0
DA:108,0
DA:109,0
DA:113,0
DA:117,0
DA:126,0
DA:127,0
DA:128,0
DA:130,0
DA:139,0
DA:140,0
DA:141,0
DA:143,0
DA:150,0
DA:163,0
DA:164,0
DA:166,0
DA:168,0
DA:170,0
DA:172,0
DA:174,0
DA:176,0
DA:178,0
DA:185,0
DA:186,0
DA:187,0
DA:198,0
LF:47
LH:0
BRDA:38,0,0,0
BRDA:38,0,1,0
BRDA:38,1,0,0
BRDA:38,1,1,0
BRDA:44,2,0,0
BRDA:44,2,1,0
BRDA:45,3,0,0
BRDA:45,3,1,0
BRDA:45,3,2,0
BRDA:45,3,3,0
BRDA:45,3,4,0
BRDA:73,4,0,0
BRDA:73,4,1,0
BRDA:74,5,0,0
BRDA:74,5,1,0
BRDA:79,6,0,0
BRDA:79,6,1,0
BRDA:79,7,0,0
BRDA:79,7,1,0
BRDA:84,8,0,0
BRDA:84,8,1,0
BRDA:84,9,0,0
BRDA:84,9,1,0
BRDA:89,10,0,0
BRDA:89,10,1,0
BRDA:90,11,0,0
BRDA:90,11,1,0
BRDA:103,12,0,0
BRDA:103,12,1,0
BRDA:103,13,0,0
BRDA:103,13,1,0
BRDA:108,14,0,0
BRDA:108,14,1,0
BRDA:108,15,0,0
BRDA:108,15,1,0
BRDA:113,16,0,0
BRDA:113,16,1,0
BRDA:117,17,0,0
BRDA:117,17,1,0
BRDA:127,18,0,0
BRDA:127,18,1,0
BRDA:140,19,0,0
BRDA:140,19,1,0
BRDA:153,20,0,0
BRDA:153,20,1,0
BRDA:154,21,0,0
BRDA:154,21,1,0
BRDA:164,22,0,0
BRDA:164,22,1,0
BRDA:164,22,2,0
BRDA:164,22,3,0
BRDA:164,22,4,0
BRDA:164,22,5,0
BRDA:164,22,6,0
BRDA:174,23,0,0
BRDA:174,23,1,0
BRDA:176,24,0,0
BRDA:176,24,1,0
BRDA:186,25,0,0
BRDA:186,25,1,0
BRF:60
BRH:0
end_of_record
TN:
SF:src/lib/utils.ts
FN:4,cn
FN:8,formatTimestamp
FN:17,formatDate
FN:25,generateId
FN:31,(anonymous_11)
FN:38,truncateText
FN:43,parseSSELine
FNF:7
FNH:0
FNDA:0,cn
FNDA:0,formatTimestamp
FNDA:0,formatDate
FNDA:0,generateId
FNDA:0,(anonymous_11)
FNDA:0,truncateText
FNDA:0,parseSSELine
DA:1,1
DA:2,1
DA:4,0
DA:5,0
DA:8,0
DA:9,0
DA:17,0
DA:18,0
DA:25,0
DA:27,0
DA:28,0
DA:31,0
DA:32,0
DA:33,0
DA:34,0
DA:38,0
DA:39,0
DA:40,0
DA:43,0
DA:44,0
DA:46,0
DA:47,0
DA:50,0
DA:51,0
DA:54,0
LF:25
LH:2
BRDA:27,0,0,0
BRDA:27,0,1,0
BRDA:27,1,0,0
BRDA:27,1,1,0
BRDA:33,2,0,0
BRDA:33,2,1,0
BRDA:39,3,0,0
BRDA:39,3,1,0
BRDA:44,4,0,0
BRDA:44,4,1,0
BRDA:44,5,0,0
BRDA:44,5,1,0
BRDA:46,6,0,0
BRDA:46,6,1,0
BRDA:50,7,0,0
BRDA:50,7,1,0
BRF:16
BRH:0
end_of_record
TN:
SF:src/store/chat-store.ts
FN:57,(anonymous_1)
FN:66,(anonymous_2)
FN:77,(anonymous_3)
FN:86,(anonymous_4)
FN:94,(anonymous_5)
FN:111,(anonymous_6)
FN:120,(anonymous_7)
FN:139,(anonymous_8)
FN:140,(anonymous_9)
FN:141,(anonymous_10)
FN:145,(anonymous_11)
FN:155,(anonymous_12)
FN:156,(anonymous_13)
FN:157,(anonymous_14)
FN:161,(anonymous_15)
FN:172,(anonymous_16)
FN:173,(anonymous_17)
FN:174,(anonymous_18)
FN:178,(anonymous_19)
FN:189,(anonymous_20)
FN:193,(anonymous_21)
FN:194,(anonymous_22)
FN:213,(anonymous_23)
FN:217,(anonymous_24)
FN:231,(anonymous_25)
FN:232,(anonymous_26)
FN:240,(anonymous_27)
FN:242,(anonymous_28)
FN:250,(anonymous_29)
FN:262,(anonymous_30)
FN:265,(anonymous_31)
FN:266,(anonymous_32)
FN:278,(anonymous_33)
FN:279,(anonymous_34)
FN:283,(anonymous_35)
FN:284,(anonymous_36)
FN:285,(anonymous_37)
FN:299,(anonymous_38)
FN:307,(anonymous_39)
FN:309,(anonymous_40)
FN:312,(anonymous_41)
FN:313,(anonymous_42)
FN:314,(anonymous_43)
FN:318,(anonymous_44)
FN:328,(anonymous_45)
FN:332,(anonymous_46)
FN:342,(anonymous_47)
FN:343,(anonymous_48)
FN:354,(anonymous_49)
FN:361,(anonymous_50)
FN:366,(anonymous_51)
FN:372,(anonymous_52)
FN:378,(anonymous_53)
FN:383,(anonymous_54)
FN:389,(anonymous_55)
FN:394,(anonymous_56)
FN:399,(anonymous_57)
FN:399,(anonymous_58)
FN:404,(anonymous_59)
FN:409,(anonymous_60)
FN:417,(anonymous_61)
FN:418,(anonymous_62)
FN:426,(anonymous_63)
FN:429,(anonymous_64)
FN:430,(anonymous_65)
FN:435,(anonymous_66)
FN:445,(anonymous_67)
FN:445,(anonymous_68)
FN:449,(anonymous_69)
FN:454,(anonymous_70)
FNF:70
FNH:0
FNDA:0,(anonymous_1)
FNDA:0,(anonymous_2)
FNDA:0,(anonymous_3)
FNDA:0,(anonymous_4)
FNDA:0,(anonymous_5)
FNDA:0,(anonymous_6)
FNDA:0,(anonymous_7)
FNDA:0,(anonymous_8)
FNDA:0,(anonymous_9)
FNDA:0,(anonymous_10)
FNDA:0,(anonymous_11)
FNDA:0,(anonymous_12)
FNDA:0,(anonymous_13)
FNDA:0,(anonymous_14)
FNDA:0,(anonymous_15)
FNDA:0,(anonymous_16)
FNDA:0,(anonymous_17)
FNDA:0,(anonymous_18)
FNDA:0,(anonymous_19)
FNDA:0,(anonymous_20)
FNDA:0,(anonymous_21)
FNDA:0,(anonymous_22)
FNDA:0,(anonymous_23)
FNDA:0,(anonymous_24)
FNDA:0,(anonymous_25)
FNDA:0,(anonymous_26)
FNDA:0,(anonymous_27)
FNDA:0,(anonymous_28)
FNDA:0,(anonymous_29)
FNDA:0,(anonymous_30)
FNDA:0,(anonymous_31)
FNDA:0,(anonymous_32)
FNDA:0,(anonymous_33)
FNDA:0,(anonymous_34)
FNDA:0,(anonymous_35)
FNDA:0,(anonymous_36)
FNDA:0,(anonymous_37)
FNDA:0,(anonymous_38)
FNDA:0,(anonymous_39)
FNDA:0,(anonymous_40)
FNDA:0,(anonymous_41)
FNDA:0,(anonymous_42)
FNDA:0,(anonymous_43)
FNDA:0,(anonymous_44)
FNDA:0,(anonymous_45)
FNDA:0,(anonymous_46)
FNDA:0,(anonymous_47)
FNDA:0,(anonymous_48)
FNDA:0,(anonymous_49)
FNDA:0,(anonymous_50)
FNDA:0,(anonymous_51)
FNDA:0,(anonymous_52)
FNDA:0,(anonymous_53)
FNDA:0,(anonymous_54)
FNDA:0,(anonymous_55)
FNDA:0,(anonymous_56)
FNDA:0,(anonymous_57)
FNDA:0,(anonymous_58)
FNDA:0,(anonymous_59)
FNDA:0,(anonymous_60)
FNDA:0,(anonymous_61)
FNDA:0,(anonymous_62)
FNDA:0,(anonymous_63)
FNDA:0,(anonymous_64)
FNDA:0,(anonymous_65)
FNDA:0,(anonymous_66)
FNDA:0,(anonymous_67)
FNDA:0,(anonymous_68)
FNDA:0,(anonymous_69)
FNDA:0,(anonymous_70)
DA:1,0
DA:2,0
DA:4,0
DA:55,0
DA:57,0
DA:67,0
DA:68,0
DA:77,0
DA:83,0
DA:89,0
DA:95,0
DA:98,0
DA:99,0
DA:100,0
DA:103,0
DA:111,0
DA:113,0
DA:114,0
DA:115,0
DA:116,0
DA:119,0
DA:121,0
DA:136,0
DA:140,0
DA:142,0
DA:146,0
DA:156,0
DA:158,0
DA:162,0
DA:173,0
DA:175,0
DA:179,0
DA:190,0
DA:194,0
DA:195,0
DA:196,0
DA:197,0
DA:198,0
DA:200,0
DA:201,0
DA:204,0
DA:205,0
DA:206,0
DA:214,0
DA:218,0
DA:219,0
DA:220,0
DA:222,0
DA:224,0
DA:225,0
DA:226,0
DA:231,0
DA:232,0
DA:233,0
DA:234,0
DA:235,0
DA:241,0
DA:242,0
DA:244,0
DA:247,0
DA:248,0
DA:251,0
DA:258,0
DA:263,0
DA:265,0
DA:267,0
DA:274,0
DA:279,0
DA:280,0
DA:284,0
DA:285,0
DA:286,0
DA:288,0
DA:300,0
DA:308,0
DA:309,0
DA:313,0
DA:315,0
DA:319,0
DA:329,0
DA:333,0
DA:334,0
DA:335,0
DA:336,0
DA:338,0
DA:343,0
DA:344,0
DA:345,0
DA:346,0
DA:348,0
DA:350,0
DA:355,0
DA:356,0
DA:357,0
DA:358,0
DA:362,0
DA:363,0
DA:364,0
DA:366,0
DA:367,0
DA:369,0
DA:370,0
DA:372,0
DA:373,0
DA:377,0
DA:378,0
DA:380,0
DA:385,0
DA:386,0
DA:390,0
DA:391,0
DA:392,0
DA:394,0
DA:395,0
DA:398,0
DA:399,0
DA:401,0
DA:405,0
DA:406,0
DA:407,0
DA:409,0
DA:410,0
DA:412,0
DA:413,0
DA:416,0
DA:417,0
DA:418,0
DA:420,0
DA:421,0
DA:426,0
DA:429,0
DA:430,0
DA:435,0
DA:445,0
DA:446,0
DA:449,0
DA:454,0
DA:462,0
DA:465,0
DA:466,0
LF:140
LH:0
BRDA:99,0,0,0
BRDA:99,0,1,0
BRDA:99,1,0,0
BRDA:99,1,1,0
BRDA:114,2,0,0
BRDA:114,2,1,0
BRDA:114,3,0,0
BRDA:114,3,1,0
BRDA:121,4,0,0
BRDA:121,4,1,0
BRDA:126,5,0,0
BRDA:126,5,1,0
BRDA:126,6,0,0
BRDA:126,6,1,0
BRDA:142,7,0,0
BRDA:142,7,1,0
BRDA:146,8,0,0
BRDA:146,8,1,0
BRDA:158,9,0,0
BRDA:158,9,1,0
BRDA:162,10,0,0
BRDA:162,10,1,0
BRDA:175,11,0,0
BRDA:175,11,1,0
BRDA:179,12,0,0
BRDA:179,12,1,0
BRDA:196,13,0,0
BRDA:196,13,1,0
BRDA:220,14,0,0
BRDA:220,14,1,0
BRDA:233,15,0,0
BRDA:233,15,1,0
BRDA:233,16,0,0
BRDA:233,16,1,0
BRDA:241,17,0,0
BRDA:241,17,1,0
BRDA:247,18,0,0
BRDA:247,18,1,0
BRDA:251,19,0,0
BRDA:251,19,1,0
BRDA:263,20,0,0
BRDA:263,20,1,0
BRDA:267,21,0,0
BRDA:267,21,1,0
BRDA:280,22,0,0
BRDA:280,22,1,0
BRDA:290,23,0,0
BRDA:290,23,1,0
BRDA:291,24,0,0
BRDA:291,24,1,0
BRDA:294,25,0,0
BRDA:294,25,1,0
BRDA:315,26,0,0
BRDA:315,26,1,0
BRDA:319,27,0,0
BRDA:319,27,1,0
BRDA:335,28,0,0
BRDA:335,28,1,0
BRDA:345,29,0,0
BRDA:345,29,1,0
BRDA:356,30,0,0
BRDA:356,30,1,0
BRDA:357,31,0,0
BRDA:357,31,1,0
BRDA:358,32,0,0
BRDA:358,32,1,0
BRDA:363,33,0,0
BRDA:363,33,1,0
BRDA:364,34,0,0
BRDA:364,34,1,0
BRDA:367,35,0,0
BRDA:367,35,1,0
BRDA:370,36,0,0
BRDA:370,36,1,0
BRDA:373,37,0,0
BRDA:373,37,1,0
BRDA:378,38,0,0
BRDA:378,38,1,0
BRDA:380,39,0,0
BRDA:380,39,1,0
BRDA:391,40,0,0
BRDA:391,40,1,0
BRDA:392,41,0,0
BRDA:392,41,1,0
BRDA:395,42,0,0
BRDA:395,42,1,0
BRDA:399,43,0,0
BRDA:399,43,1,0
BRDA:406,44,0,0
BRDA:406,44,1,0
BRDA:407,45,0,0
BRDA:407,45,1,0
BRDA:410,46,0,0
BRDA:410,46,1,0
BRDA:413,47,0,0
BRDA:413,47,1,0
BRDA:417,48,0,0
BRDA:417,48,1,0
BRDA:421,49,0,0
BRDA:421,49,1,0
BRDA:446,50,0,0
BRDA:446,50,1,0
BRDA:466,51,0,0
BRDA:466,51,1,0
BRF:104
BRH:0
end_of_record
